<?xml version="1.0" encoding="UTF-8"?>
<!-- Generated by org.testng.reporters.JUnitReportReporter -->
<testsuite skipped="1" hostname="Syaiyeedas-MacBook-Pro.local" name="com.example.tests.Scenario1Test" tests="2" failures="0" timestamp="2026-02-09T10:41:12 MYT" time="3.527" errors="1">
  <testcase name="setUp" time="3.527" classname="com.example.tests.Scenario1Test">
    <error type="org.openqa.selenium.SessionNotCreatedException" message="session not created: This version of ChromeDriver only supports Chrome version 145
Current browser version is 144.0.7559.133 with binary path /Applications/Google Chrome.app/Contents/MacOS/Google Chrome
Build info: version: &#039;3.141.59&#039;, revision: &#039;e82be7d358&#039;, time: &#039;2018-11-14T08:17:03&#039;
System info: host: &#039;Syaiyeedas-MacBook-Pro.local&#039;, ip: &#039;192.168.100.4&#039;, os.name: &#039;Mac OS X&#039;, os.arch: &#039;x86_64&#039;, os.version: &#039;13.7.8&#039;, java.version: &#039;1.8.0_381&#039;
Driver info: driver.version: ChromeDriver
remote stacktrace: 0   chromedriver                        0x0000000108f9cb98 chromedriver + 6732696
1   chromedriver                        0x0000000108f9441a chromedriver + 6698010
2   chromedriver                        0x000000010899fce5 chromedriver + 453861
3   chromedriver                        0x00000001089e35e9 chromedriver + 730601
4   chromedriver                        0x00000001089e2401 chromedriver + 726017
5   chromedriver                        0x00000001089dbf07 chromedriver + 700167
6   chromedriver                        0x00000001089d8abf chromedriver + 686783
7   chromedriver                        0x0000000108a29d7a chromedriver + 1019258
8   chromedriver                        0x0000000108a2943c chromedriver + 1016892
9   chromedriver                        0x00000001089e6724 chromedriver + 743204
10  chromedriver                        0x00000001089e74d1 chromedriver + 746705
11  chromedriver                        0x0000000108f55dd1 chromedriver + 6442449
12  chromedriver                        0x0000000108f5a1aa chromedriver + 6459818
13  chromedriver                        0x0000000108f35a59 chromedriver + 6310489
14  chromedriver                        0x0000000108f5ac08 chromedriver + 6462472
15  chromedriver                        0x0000000108f243d0 chromedriver + 6239184
16  chromedriver                        0x0000000108f80d18 chromedriver + 6618392
17  chromedriver                        0x0000000108f80ed2 chromedriver + 6618834
18  chromedriver                        0x0000000108f94026 chromedriver + 6696998
19  libsystem_pthread.dylib             0x00007ff806f521d3 _pthread_start + 125
20  libsystem_pthread.dylib             0x00007ff806f4dbd3 thread_start + 15
">
      <![CDATA[org.openqa.selenium.SessionNotCreatedException: session not created: This version of ChromeDriver only supports Chrome version 145
Current browser version is 144.0.7559.133 with binary path /Applications/Google Chrome.app/Contents/MacOS/Google Chrome
Build info: version: '3.141.59', revision: 'e82be7d358', time: '2018-11-14T08:17:03'
System info: host: 'Syaiyeedas-MacBook-Pro.local', ip: '192.168.100.4', os.name: 'Mac OS X', os.arch: 'x86_64', os.version: '13.7.8', java.version: '1.8.0_381'
Driver info: driver.version: ChromeDriver
remote stacktrace: 0   chromedriver                        0x0000000108f9cb98 chromedriver + 6732696
1   chromedriver                        0x0000000108f9441a chromedriver + 6698010
2   chromedriver                        0x000000010899fce5 chromedriver + 453861
3   chromedriver                        0x00000001089e35e9 chromedriver + 730601
4   chromedriver                        0x00000001089e2401 chromedriver + 726017
5   chromedriver                        0x00000001089dbf07 chromedriver + 700167
6   chromedriver                        0x00000001089d8abf chromedriver + 686783
7   chromedriver                        0x0000000108a29d7a chromedriver + 1019258
8   chromedriver                        0x0000000108a2943c chromedriver + 1016892
9   chromedriver                        0x00000001089e6724 chromedriver + 743204
10  chromedriver                        0x00000001089e74d1 chromedriver + 746705
11  chromedriver                        0x0000000108f55dd1 chromedriver + 6442449
12  chromedriver                        0x0000000108f5a1aa chromedriver + 6459818
13  chromedriver                        0x0000000108f35a59 chromedriver + 6310489
14  chromedriver                        0x0000000108f5ac08 chromedriver + 6462472
15  chromedriver                        0x0000000108f243d0 chromedriver + 6239184
16  chromedriver                        0x0000000108f80d18 chromedriver + 6618392
17  chromedriver                        0x0000000108f80ed2 chromedriver + 6618834
18  chromedriver                        0x0000000108f94026 chromedriver + 6696998
19  libsystem_pthread.dylib             0x00007ff806f521d3 _pthread_start + 125
20  libsystem_pthread.dylib             0x00007ff806f4dbd3 thread_start + 15

at sun.reflect.NativeConstructorAccessorImpl.newInstance0(Native Method)
at sun.reflect.NativeConstructorAccessorImpl.newInstance(NativeConstructorAccessorImpl.java:62)
at sun.reflect.DelegatingConstructorAccessorImpl.newInstance(DelegatingConstructorAccessorImpl.java:45)
at java.lang.reflect.Constructor.newInstance(Constructor.java:423)
at org.openqa.selenium.remote.W3CHandshakeResponse.lambda$errorHandler$0(W3CHandshakeResponse.java:62)
at org.openqa.selenium.remote.HandshakeResponse.lambda$getResponseFunction$0(HandshakeResponse.java:30)
at org.openqa.selenium.remote.ProtocolHandshake.lambda$createSession$0(ProtocolHandshake.java:126)
at java.util.stream.ReferencePipeline$3$1.accept(ReferencePipeline.java:193)
at java.util.Spliterators$ArraySpliterator.tryAdvance(Spliterators.java:958)
at java.util.stream.ReferencePipeline.forEachWithCancel(ReferencePipeline.java:126)
at java.util.stream.AbstractPipeline.copyIntoWithCancel(AbstractPipeline.java:499)
at java.util.stream.AbstractPipeline.copyInto(AbstractPipeline.java:486)
at java.util.stream.AbstractPipeline.wrapAndCopyInto(AbstractPipeline.java:472)
at java.util.stream.FindOps$FindOp.evaluateSequential(FindOps.java:152)
at java.util.stream.AbstractPipeline.evaluate(AbstractPipeline.java:234)
at java.util.stream.ReferencePipeline.findFirst(ReferencePipeline.java:464)
at org.openqa.selenium.remote.ProtocolHandshake.createSession(ProtocolHandshake.java:128)
at org.openqa.selenium.remote.ProtocolHandshake.createSession(ProtocolHandshake.java:74)
at org.openqa.selenium.remote.HttpCommandExecutor.execute(HttpCommandExecutor.java:136)
at org.openqa.selenium.remote.service.DriverCommandExecutor.execute(DriverCommandExecutor.java:83)
at org.openqa.selenium.remote.RemoteWebDriver.execute(RemoteWebDriver.java:552)
at org.openqa.selenium.remote.RemoteWebDriver.startSession(RemoteWebDriver.java:213)
at org.openqa.selenium.remote.RemoteWebDriver.<init>(RemoteWebDriver.java:131)
at org.openqa.selenium.chrome.ChromeDriver.<init>(ChromeDriver.java:181)
at org.openqa.selenium.chrome.ChromeDriver.<init>(ChromeDriver.java:168)
at org.openqa.selenium.chrome.ChromeDriver.<init>(ChromeDriver.java:123)
at com.example.utils.WebDriverFactory.createDriver(WebDriverFactory.java:10)
at com.example.base.BaseTest.setUp(BaseTest.java:27)
at sun.reflect.NativeMethodAccessorImpl.invoke0(Native Method)
at sun.reflect.NativeMethodAccessorImpl.invoke(NativeMethodAccessorImpl.java:62)
at sun.reflect.DelegatingMethodAccessorImpl.invoke(DelegatingMethodAccessorImpl.java:43)
at java.lang.reflect.Method.invoke(Method.java:498)
at org.testng.internal.MethodInvocationHelper.invokeMethod(MethodInvocationHelper.java:133)
at org.testng.internal.MethodInvocationHelper.invokeMethodConsideringTimeout(MethodInvocationHelper.java:62)
at org.testng.internal.ConfigInvoker.invokeConfigurationMethod(ConfigInvoker.java:385)
at org.testng.internal.ConfigInvoker.invokeConfigurations(ConfigInvoker.java:321)
at org.testng.internal.TestMethodWorker.invokeBeforeClassMethods(TestMethodWorker.java:176)
at org.testng.internal.TestMethodWorker.run(TestMethodWorker.java:122)
at java.util.ArrayList.forEach(ArrayList.java:1259)
at org.testng.TestRunner.privateRun(TestRunner.java:794)
at org.testng.TestRunner.run(TestRunner.java:596)
at org.testng.SuiteRunner.runTest(SuiteRunner.java:377)
at org.testng.SuiteRunner.runSequentially(SuiteRunner.java:371)
at org.testng.SuiteRunner.privateRun(SuiteRunner.java:332)
at org.testng.SuiteRunner.run(SuiteRunner.java:276)
at org.testng.SuiteRunnerWorker.runSuite(SuiteRunnerWorker.java:53)
at org.testng.SuiteRunnerWorker.run(SuiteRunnerWorker.java:96)
at org.testng.TestNG.runSuitesSequentially(TestNG.java:1212)
at org.testng.TestNG.runSuitesLocally(TestNG.java:1134)
at org.testng.TestNG.runSuites(TestNG.java:1063)
at org.testng.TestNG.run(TestNG.java:1031)
at org.apache.maven.surefire.testng.TestNGExecutor.run(TestNGExecutor.java:135)
at org.apache.maven.surefire.testng.TestNGDirectoryTestSuite.executeSingleClass(TestNGDirectoryTestSuite.java:112)
at org.apache.maven.surefire.testng.TestNGDirectoryTestSuite.execute(TestNGDirectoryTestSuite.java:99)
at org.apache.maven.surefire.testng.TestNGProvider.invoke(TestNGProvider.java:146)
at org.apache.maven.surefire.booter.ForkedBooter.invokeProviderInSameClassLoader(ForkedBooter.java:384)
at org.apache.maven.surefire.booter.ForkedBooter.runSuitesInProcess(ForkedBooter.java:345)
at org.apache.maven.surefire.booter.ForkedBooter.execute(ForkedBooter.java:126)
at org.apache.maven.surefire.booter.ForkedBooter.main(ForkedBooter.java:418)
]]>
    </error>
  </testcase> <!-- setUp -->
  <system-out/>
  <testcase name="testLogin" time="0.000" classname="com.example.tests.Scenario1Test">
    <skipped/>
  </testcase> <!-- testLogin -->
  <system-out/>
</testsuite> <!-- com.example.tests.Scenario1Test -->
