<?xml version="1.0" encoding="UTF-8"?>
<testsuite xmlns:xsi="http://www.w3.org/2001/XMLSchema-instance" xsi:noNamespaceSchemaLocation="https://maven.apache.org/surefire/maven-surefire-plugin/xsd/surefire-test-report.xsd" name="com.example.tests.Scenario1Test" time="4.512" tests="6" errors="0" skipped="5" failures="1">
  <properties>
[...]
</properties>
  <testcase name="setUp" classname="com.example.tests.Scenario1Test" time="4.405">
    <failure message="session not created: This version of ChromeDriver only supports Chrome version 145&#10;Current browser version is 144.0.7559.133 with binary path /Applications/Google Chrome.app/Contents/MacOS/Google Chrome&#10;Build info: version: &apos;3.141.59&apos;, revision: &apos;e82be7d358&apos;, time: &apos;2018-11-14T08:17:03&apos;&#10;System info: host: &apos;Syaiyeedas-MacBook-Pro.local&apos;, ip: &apos;192.168.100.4&apos;, os.name: &apos;Mac OS X&apos;, os.arch: &apos;x86_64&apos;, os.version: &apos;13.7.8&apos;, java.version: &apos;1.8.0_381&apos;&#10;Driver info: driver.version: ChromeDriver&#10;remote stacktrace: 0   chromedriver                        0x0000000108f9cb98 chromedriver + 6732696&#10;1   chromedriver                        0x0000000108f9441a chromedriver + 6698010&#10;2   chromedriver                        0x000000010899fce5 chromedriver + 453861&#10;3   chromedriver                        0x00000001089e35e9 chromedriver + 730601&#10;4   chromedriver                        0x00000001089e2401 chromedriver + 726017&#10;5   chromedriver                        0x00000001089dbf07 chromedriver + 700167&#10;6   chromedriver                        0x00000001089d8abf chromedriver + 686783&#10;7   chromedriver                        0x0000000108a29d7a chromedriver + 1019258&#10;8   chromedriver                        0x0000000108a2943c chromedriver + 1016892&#10;9   chromedriver                        0x00000001089e6724 chromedriver + 743204&#10;10  chromedriver                        0x00000001089e74d1 chromedriver + 746705&#10;11  chromedriver                        0x0000000108f55dd1 chromedriver + 6442449&#10;12  chromedriver                        0x0000000108f5a1aa chromedriver + 6459818&#10;13  chromedriver                        0x0000000108f35a59 chromedriver + 6310489&#10;14  chromedriver                        0x0000000108f5ac08 chromedriver + 6462472&#10;15  chromedriver                        0x0000000108f243d0 chromedriver + 6239184&#10;16  chromedriver                        0x0000000108f80d18 chromedriver + 6618392&#10;17  chromedriver                        0x0000000108f80ed2 chromedriver + 6618834&#10;18  chromedriver                        0x0000000108f94026 chromedriver + 6696998&#10;19  libsystem_pthread.dylib             0x00007ff806f521d3 _pthread_start + 125&#10;20  libsystem_pthread.dylib             0x00007ff806f4dbd3 thread_start + 15&#10;" type="org.openqa.selenium.SessionNotCreatedException">org.openqa.selenium.SessionNotCreatedException: 
session not created: This version of ChromeDriver only supports Chrome version 145
Current browser version is 144.0.7559.133 with binary path /Applications/Google Chrome.app/Contents/MacOS/Google Chrome
Build info: version: '3.141.59', revision: 'e82be7d358', time: '2018-11-14T08:17:03'
System info: host: 'Syaiyeedas-MacBook-Pro.local', ip: '192.168.100.4', os.name: 'Mac OS X', os.arch: 'x86_64', os.version: '13.7.8', java.version: '1.8.0_381'
Driver info: driver.version: ChromeDriver
remote stacktrace: 0   chromedriver                        0x0000000108f9cb98 chromedriver + 6732696
1   chromedriver                        0x0000000108f9441a chromedriver + 6698010
2   chromedriver                        0x000000010899fce5 chromedriver + 453861
3   chromedriver                        0x00000001089e35e9 chromedriver + 730601
4   chromedriver                        0x00000001089e2401 chromedriver + 726017
5   chromedriver                        0x00000001089dbf07 chromedriver + 700167
6   chromedriver                        0x00000001089d8abf chromedriver + 686783
7   chromedriver                        0x0000000108a29d7a chromedriver + 1019258
8   chromedriver                        0x0000000108a2943c chromedriver + 1016892
9   chromedriver                        0x00000001089e6724 chromedriver + 743204
10  chromedriver                        0x00000001089e74d1 chromedriver + 746705
11  chromedriver                        0x0000000108f55dd1 chromedriver + 6442449
12  chromedriver                        0x0000000108f5a1aa chromedriver + 6459818
13  chromedriver                        0x0000000108f35a59 chromedriver + 6310489
14  chromedriver                        0x0000000108f5ac08 chromedriver + 6462472
15  chromedriver                        0x0000000108f243d0 chromedriver + 6239184
16  chromedriver                        0x0000000108f80d18 chromedriver + 6618392
17  chromedriver                        0x0000000108f80ed2 chromedriver + 6618834
18  chromedriver                        0x0000000108f94026 chromedriver + 6696998
19  libsystem_pthread.dylib             0x00007ff806f521d3 _pthread_start + 125
20  libsystem_pthread.dylib             0x00007ff806f4dbd3 thread_start + 15

</failure>
    <system-out><![CDATA[[TestNG] [WARN] Ignoring duplicate listener : io.qameta.allure.testng.AllureTestNg
[TestNG] [WARN] Ignoring duplicate listener : io.qameta.allure.testng.AllureTestNg
[TestNG] [WARN] Ignoring duplicate listener : io.qameta.allure.testng.AllureTestNg
]]></system-out>
    <system-err><![CDATA[Starting ChromeDriver 145.0.7632.26 (e4b8a7b2a2dfe055d7ff4f39ef1cd5b454ead0e7-refs/branch-heads/7632@{#1231}) on port 33479
Only local connections are allowed.
Please see https://chromedriver.chromium.org/security-considerations for suggestions on keeping ChromeDriver safe.
ChromeDriver was started successfully on port 33479.
]]></system-err>
  </testcase>
  <testcase name="startTest" classname="com.example.tests.Scenario1Test" time="0">
    <skipped/>
  </testcase>
  <testcase name="initPages" classname="com.example.tests.Scenario1Test" time="0">
    <skipped/>
  </testcase>
  <testcase name="testLogin" classname="com.example.tests.Scenario1Test" time="0">
    <skipped message="session not created: This version of ChromeDriver only supports Chrome version 145&#10;Current browser version is 144.0.7559.133 with binary path /Applications/Google Chrome.app/Contents/MacOS/Google Chrome&#10;Build info: version: &apos;3.141.59&apos;, revision: &apos;e82be7d358&apos;, time: &apos;2018-11-14T08:17:03&apos;&#10;System info: host: &apos;Syaiyeedas-MacBook-Pro.local&apos;, ip: &apos;192.168.100.4&apos;, os.name: &apos;Mac OS X&apos;, os.arch: &apos;x86_64&apos;, os.version: &apos;13.7.8&apos;, java.version: &apos;1.8.0_381&apos;&#10;Driver info: driver.version: ChromeDriver&#10;remote stacktrace: 0   chromedriver                        0x0000000108f9cb98 chromedriver + 6732696&#10;1   chromedriver                        0x0000000108f9441a chromedriver + 6698010&#10;2   chromedriver                        0x000000010899fce5 chromedriver + 453861&#10;3   chromedriver                        0x00000001089e35e9 chromedriver + 730601&#10;4   chromedriver                        0x00000001089e2401 chromedriver + 726017&#10;5   chromedriver                        0x00000001089dbf07 chromedriver + 700167&#10;6   chromedriver                        0x00000001089d8abf chromedriver + 686783&#10;7   chromedriver                        0x0000000108a29d7a chromedriver + 1019258&#10;8   chromedriver                        0x0000000108a2943c chromedriver + 1016892&#10;9   chromedriver                        0x00000001089e6724 chromedriver + 743204&#10;10  chromedriver                        0x00000001089e74d1 chromedriver + 746705&#10;11  chromedriver                        0x0000000108f55dd1 chromedriver + 6442449&#10;12  chromedriver                        0x0000000108f5a1aa chromedriver + 6459818&#10;13  chromedriver                        0x0000000108f35a59 chromedriver + 6310489&#10;14  chromedriver                        0x0000000108f5ac08 chromedriver + 6462472&#10;15  chromedriver                        0x0000000108f243d0 chromedriver + 6239184&#10;16  chromedriver                        0x0000000108f80d18 chromedriver + 6618392&#10;17  chromedriver                        0x0000000108f80ed2 chromedriver + 6618834&#10;18  chromedriver                        0x0000000108f94026 chromedriver + 6696998&#10;19  libsystem_pthread.dylib             0x00007ff806f521d3 _pthread_start + 125&#10;20  libsystem_pthread.dylib             0x00007ff806f4dbd3 thread_start + 15&#10;"/>
  </testcase>
  <testcase name="tearDown" classname="com.example.tests.Scenario1Test" time="0">
    <skipped/>
  </testcase>
  <testcase name="flushReport" classname="com.example.tests.Scenario1Test" time="0">
    <skipped/>
  </testcase>
</testsuite>