<?xml version="1.0" encoding="UTF-8"?>
<testsuite xmlns:xsi="http://www.w3.org/2001/XMLSchema-instance" xsi:noNamespaceSchemaLocation="https://maven.apache.org/surefire/maven-surefire-plugin/xsd/surefire-test-report-3.0.xsd" version="3.0" name="com.example.karate.SampleKarateIT" time="22.727" tests="2" errors="0" skipped="0" failures="1">
  <properties>
[...]
</properties>
  <testcase name="[1:4] Login with valid credentials using JSON payload" classname="com/example/karate/OrangeHRM" time="8.951">
    <failure message="status code was: 405, expected: 200, response time in milliseconds: 8498, url: https://opensource-demo.orangehrmlive.com/web/index.php/auth/login, response: &#10;&#10;classpath:com/example/karate/OrangeHRM.feature:8" type="org.opentest4j.AssertionFailedError"><![CDATA[org.opentest4j.AssertionFailedError: 
status code was: 405, expected: 200, response time in milliseconds: 8498, url: https://opensource-demo.orangehrmlive.com/web/index.php/auth/login, response: 

classpath:com/example/karate/OrangeHRM.feature:8
	at org.junit.jupiter.api.AssertionUtils.fail(AssertionUtils.java:39)
	at org.junit.jupiter.api.Assertions.fail(Assertions.java:117)
	at com.intuit.karate.junit5.FeatureNode.lambda$next$1(FeatureNode.java:85)
	at org.junit.jupiter.engine.descriptor.DynamicTestTestDescriptor.lambda$execute$0(DynamicTestTestDescriptor.java:52)
	at org.junit.jupiter.engine.execution.InvocationInterceptorChain$ValidatingInvocation.proceed(InvocationInterceptorChain.java:131)
	at org.junit.jupiter.api.extension.InvocationInterceptor.interceptDynamicTest(InvocationInterceptor.java:161)
	at org.junit.jupiter.engine.descriptor.DynamicTestTestDescriptor.lambda$execute$1(DynamicTestTestDescriptor.java:58)
	at org.junit.jupiter.engine.execution.InvocationInterceptorChain$InterceptorCall.lambda$ofVoid$0(InvocationInterceptorChain.java:78)
	at org.junit.jupiter.engine.execution.InvocationInterceptorChain$InterceptedInvocation.proceed(InvocationInterceptorChain.java:106)
	at org.junit.jupiter.engine.execution.InvocationInterceptorChain.proceed(InvocationInterceptorChain.java:64)
	at org.junit.jupiter.engine.execution.InvocationInterceptorChain.chainAndInvoke(InvocationInterceptorChain.java:45)
	at org.junit.jupiter.engine.execution.InvocationInterceptorChain.invoke(InvocationInterceptorChain.java:37)
	at org.junit.jupiter.engine.descriptor.DynamicTestTestDescriptor.execute(DynamicTestTestDescriptor.java:57)
	at org.junit.jupiter.engine.descriptor.DynamicTestTestDescriptor.execute(DynamicTestTestDescriptor.java:31)
	at org.junit.platform.engine.support.hierarchical.NodeTestTask.lambda$executeRecursively$5(NodeTestTask.java:139)
	at org.junit.platform.engine.support.hierarchical.ThrowableCollector.execute(ThrowableCollector.java:73)
	at org.junit.platform.engine.support.hierarchical.NodeTestTask.lambda$executeRecursively$7(NodeTestTask.java:129)
	at org.junit.platform.engine.support.hierarchical.Node.around(Node.java:137)
	at org.junit.platform.engine.support.hierarchical.NodeTestTask.lambda$executeRecursively$8(NodeTestTask.java:127)
	at org.junit.platform.engine.support.hierarchical.ThrowableCollector.execute(ThrowableCollector.java:73)
	at org.junit.platform.engine.support.hierarchical.NodeTestTask.executeRecursively(NodeTestTask.java:126)
	at org.junit.platform.engine.support.hierarchical.NodeTestTask.execute(NodeTestTask.java:84)
	at org.junit.platform.engine.support.hierarchical.SameThreadHierarchicalTestExecutorService.submit(SameThreadHierarchicalTestExecutorService.java:32)
	at org.junit.platform.engine.support.hierarchical.NodeTestTask$DefaultDynamicTestExecutor.execute(NodeTestTask.java:212)
	at org.junit.platform.engine.support.hierarchical.NodeTestTask$DefaultDynamicTestExecutor.execute(NodeTestTask.java:192)
	at java.util.stream.ForEachOps$ForEachOp$OfRef.accept(ForEachOps.java:184)
	at java.util.stream.ReferencePipeline$3$1.accept(ReferencePipeline.java:193)
	at java.util.stream.ReferencePipeline$2$1.accept(ReferencePipeline.java:175)
	at java.util.stream.ReferencePipeline$3$1.accept(ReferencePipeline.java:193)
	at java.util.stream.ReferencePipeline$11$1.accept(ReferencePipeline.java:373)
	at java.util.Iterator.forEachRemaining(Iterator.java:116)
	at java.util.Spliterators$IteratorSpliterator.forEachRemaining(Spliterators.java:1801)
	at java.util.stream.AbstractPipeline.copyInto(AbstractPipeline.java:482)
	at java.util.stream.AbstractPipeline.wrapAndCopyInto(AbstractPipeline.java:472)
	at java.util.stream.ForEachOps$ForEachOp.evaluateSequential(ForEachOps.java:151)
	at java.util.stream.ForEachOps$ForEachOp$OfRef.evaluateSequential(ForEachOps.java:174)
	at java.util.stream.AbstractPipeline.evaluate(AbstractPipeline.java:234)
	at java.util.stream.ReferencePipeline.forEachOrdered(ReferencePipeline.java:423)
	at org.junit.jupiter.engine.descriptor.DynamicContainerTestDescriptor.execute(DynamicContainerTestDescriptor.java:65)
	at org.junit.jupiter.engine.descriptor.DynamicContainerTestDescriptor.execute(DynamicContainerTestDescriptor.java:33)
	at org.junit.platform.engine.support.hierarchical.NodeTestTask.lambda$executeRecursively$5(NodeTestTask.java:139)
	at org.junit.platform.engine.support.hierarchical.ThrowableCollector.execute(ThrowableCollector.java:73)
	at org.junit.platform.engine.support.hierarchical.NodeTestTask.lambda$executeRecursively$7(NodeTestTask.java:129)
	at org.junit.platform.engine.support.hierarchical.Node.around(Node.java:137)
	at org.junit.platform.engine.support.hierarchical.NodeTestTask.lambda$executeRecursively$8(NodeTestTask.java:127)
	at org.junit.platform.engine.support.hierarchical.ThrowableCollector.execute(ThrowableCollector.java:73)
	at org.junit.platform.engine.support.hierarchical.NodeTestTask.executeRecursively(NodeTestTask.java:126)
	at org.junit.platform.engine.support.hierarchical.NodeTestTask.execute(NodeTestTask.java:84)
	at org.junit.platform.engine.support.hierarchical.SameThreadHierarchicalTestExecutorService.submit(SameThreadHierarchicalTestExecutorService.java:32)
	at org.junit.platform.engine.support.hierarchical.NodeTestTask$DefaultDynamicTestExecutor.execute(NodeTestTask.java:212)
	at org.junit.platform.engine.support.hierarchical.NodeTestTask$DefaultDynamicTestExecutor.execute(NodeTestTask.java:192)
	at java.util.Optional.ifPresent(Optional.java:159)
	at org.junit.jupiter.engine.descriptor.TestFactoryTestDescriptor.lambda$invokeTestMethod$1(TestFactoryTestDescriptor.java:106)
	at org.junit.platform.engine.support.hierarchical.ThrowableCollector.execute(ThrowableCollector.java:73)
	at org.junit.jupiter.engine.descriptor.TestFactoryTestDescriptor.invokeTestMethod(TestFactoryTestDescriptor.java:93)
	at org.junit.jupiter.engine.descriptor.TestMethodTestDescriptor.execute(TestMethodTestDescriptor.java:131)
	at org.junit.jupiter.engine.descriptor.TestMethodTestDescriptor.execute(TestMethodTestDescriptor.java:65)
	at org.junit.platform.engine.support.hierarchical.NodeTestTask.lambda$executeRecursively$5(NodeTestTask.java:139)
	at org.junit.platform.engine.support.hierarchical.ThrowableCollector.execute(ThrowableCollector.java:73)
	at org.junit.platform.engine.support.hierarchical.NodeTestTask.lambda$executeRecursively$7(NodeTestTask.java:129)
	at org.junit.platform.engine.support.hierarchical.Node.around(Node.java:137)
	at org.junit.platform.engine.support.hierarchical.NodeTestTask.lambda$executeRecursively$8(NodeTestTask.java:127)
	at org.junit.platform.engine.support.hierarchical.ThrowableCollector.execute(ThrowableCollector.java:73)
	at org.junit.platform.engine.support.hierarchical.NodeTestTask.executeRecursively(NodeTestTask.java:126)
	at org.junit.platform.engine.support.hierarchical.NodeTestTask.execute(NodeTestTask.java:84)
	at java.util.ArrayList.forEach(ArrayList.java:1259)
	at org.junit.platform.engine.support.hierarchical.SameThreadHierarchicalTestExecutorService.invokeAll(SameThreadHierarchicalTestExecutorService.java:38)
	at org.junit.platform.engine.support.hierarchical.NodeTestTask.lambda$executeRecursively$5(NodeTestTask.java:143)
	at org.junit.platform.engine.support.hierarchical.ThrowableCollector.execute(ThrowableCollector.java:73)
	at org.junit.platform.engine.support.hierarchical.NodeTestTask.lambda$executeRecursively$7(NodeTestTask.java:129)
	at org.junit.platform.engine.support.hierarchical.Node.around(Node.java:137)
	at org.junit.platform.engine.support.hierarchical.NodeTestTask.lambda$executeRecursively$8(NodeTestTask.java:127)
	at org.junit.platform.engine.support.hierarchical.ThrowableCollector.execute(ThrowableCollector.java:73)
	at org.junit.platform.engine.support.hierarchical.NodeTestTask.executeRecursively(NodeTestTask.java:126)
	at org.junit.platform.engine.support.hierarchical.NodeTestTask.execute(NodeTestTask.java:84)
	at java.util.ArrayList.forEach(ArrayList.java:1259)
	at org.junit.platform.engine.support.hierarchical.SameThreadHierarchicalTestExecutorService.invokeAll(SameThreadHierarchicalTestExecutorService.java:38)
	at org.junit.platform.engine.support.hierarchical.NodeTestTask.lambda$executeRecursively$5(NodeTestTask.java:143)
	at org.junit.platform.engine.support.hierarchical.ThrowableCollector.execute(ThrowableCollector.java:73)
	at org.junit.platform.engine.support.hierarchical.NodeTestTask.lambda$executeRecursively$7(NodeTestTask.java:129)
	at org.junit.platform.engine.support.hierarchical.Node.around(Node.java:137)
	at org.junit.platform.engine.support.hierarchical.NodeTestTask.lambda$executeRecursively$8(NodeTestTask.java:127)
	at org.junit.platform.engine.support.hierarchical.ThrowableCollector.execute(ThrowableCollector.java:73)
	at org.junit.platform.engine.support.hierarchical.NodeTestTask.executeRecursively(NodeTestTask.java:126)
	at org.junit.platform.engine.support.hierarchical.NodeTestTask.execute(NodeTestTask.java:84)
	at org.junit.platform.engine.support.hierarchical.SameThreadHierarchicalTestExecutorService.submit(SameThreadHierarchicalTestExecutorService.java:32)
	at org.junit.platform.engine.support.hierarchical.HierarchicalTestExecutor.execute(HierarchicalTestExecutor.java:57)
	at org.junit.platform.engine.support.hierarchical.HierarchicalTestEngine.execute(HierarchicalTestEngine.java:51)
	at org.junit.platform.launcher.core.EngineExecutionOrchestrator.execute(EngineExecutionOrchestrator.java:108)
	at org.junit.platform.launcher.core.EngineExecutionOrchestrator.execute(EngineExecutionOrchestrator.java:88)
	at org.junit.platform.launcher.core.EngineExecutionOrchestrator.lambda$execute$0(EngineExecutionOrchestrator.java:54)
	at org.junit.platform.launcher.core.EngineExecutionOrchestrator.withInterceptedStreams(EngineExecutionOrchestrator.java:67)
	at org.junit.platform.launcher.core.EngineExecutionOrchestrator.execute(EngineExecutionOrchestrator.java:52)
	at org.junit.platform.launcher.core.DefaultLauncher.execute(DefaultLauncher.java:96)
	at org.junit.platform.launcher.core.DefaultLauncher.execute(DefaultLauncher.java:75)
	at org.apache.maven.surefire.junitplatform.LazyLauncher.execute(LazyLauncher.java:50)
	at org.apache.maven.surefire.junitplatform.JUnitPlatformProvider.execute(JUnitPlatformProvider.java:184)
	at org.apache.maven.surefire.junitplatform.JUnitPlatformProvider.invokeAllTests(JUnitPlatformProvider.java:148)
	at org.apache.maven.surefire.junitplatform.JUnitPlatformProvider.invoke(JUnitPlatformProvider.java:122)
	at org.apache.maven.surefire.booter.ForkedBooter.runSuitesInProcess(ForkedBooter.java:385)
	at org.apache.maven.surefire.booter.ForkedBooter.execute(ForkedBooter.java:162)
	at org.apache.maven.surefire.booter.ForkedBooter.run(ForkedBooter.java:507)
	at org.apache.maven.surefire.booter.ForkedBooter.main(ForkedBooter.java:495)
]]></failure>
    <system-out><![CDATA[13:20:24.793 [main] INFO com.intuit.karate.Runner - using system property 'karate.options': --tags @ORANGEHRM
13:20:25.874 [main] DEBUG com.jayway.jsonpath.internal.path.CompiledPath - Evaluating path: $
13:20:25.897 [main] DEBUG karate.io.netty.util.internal.logging.InternalLoggerFactory - Using SLF4J as the default logging framework
13:20:25.897 [main] DEBUG karate.io.netty.util.internal.PlatformDependent - Platform: MacOS
13:20:25.899 [main] DEBUG karate.io.netty.util.internal.PlatformDependent0 - -Dio.netty.noUnsafe: false
13:20:25.899 [main] DEBUG karate.io.netty.util.internal.PlatformDependent0 - Java version: 8
13:20:25.899 [main] DEBUG karate.io.netty.util.internal.PlatformDependent0 - sun.misc.Unsafe.theUnsafe: available
13:20:25.900 [main] DEBUG karate.io.netty.util.internal.PlatformDependent0 - sun.misc.Unsafe.copyMemory: available
13:20:25.900 [main] DEBUG karate.io.netty.util.internal.PlatformDependent0 - java.nio.Buffer.address: available
13:20:25.900 [main] DEBUG karate.io.netty.util.internal.PlatformDependent0 - direct buffer constructor: available
13:20:25.901 [main] DEBUG karate.io.netty.util.internal.PlatformDependent0 - java.nio.Bits.unaligned: available, true
13:20:25.901 [main] DEBUG karate.io.netty.util.internal.PlatformDependent0 - jdk.internal.misc.Unsafe.allocateUninitializedArray(int): unavailable prior to Java9
13:20:25.901 [main] DEBUG karate.io.netty.util.internal.PlatformDependent0 - java.nio.DirectByteBuffer.<init>(long, int): available
13:20:25.901 [main] DEBUG karate.io.netty.util.internal.PlatformDependent - sun.misc.Unsafe: available
13:20:25.902 [main] DEBUG karate.io.netty.util.internal.PlatformDependent - -Dio.netty.tmpdir: /var/folders/3r/d5tvc9cn449dgppvxr29nlcm0000gp/T (java.io.tmpdir)
13:20:25.902 [main] DEBUG karate.io.netty.util.internal.PlatformDependent - -Dio.netty.bitMode: 64 (sun.arch.data.model)
13:20:25.903 [main] DEBUG karate.io.netty.util.internal.PlatformDependent - -Dio.netty.maxDirectMemory: 1908932608 bytes
13:20:25.903 [main] DEBUG karate.io.netty.util.internal.PlatformDependent - -Dio.netty.uninitializedArrayAllocationThreshold: -1
13:20:25.903 [main] DEBUG karate.io.netty.util.internal.CleanerJava6 - java.nio.ByteBuffer.cleaner(): available
13:20:25.903 [main] DEBUG karate.io.netty.util.internal.PlatformDependent - -Dio.netty.noPreferDirect: false
13:20:26.245 [main] DEBUG karate.org.apache.http.client.protocol.RequestAddCookies - CookieSpec selected: karate
13:20:26.251 [main] DEBUG karate.org.apache.http.client.protocol.RequestAuthCache - Auth cache not set in the context
13:20:26.253 [main] DEBUG com.intuit.karate - request:
1 > POST https://opensource-demo.orangehrmlive.com/web/index.php/auth/login
1 > Content-Type: application/json; charset=UTF-8
1 > Content-Length: 42
1 > Host: opensource-demo.orangehrmlive.com
1 > Connection: Keep-Alive
1 > User-Agent: Apache-HttpClient/4.5.13 (Java/1.8.0_381)
1 > Accept-Encoding: gzip,deflate
{"password":"admin123","username":"admin"}

13:20:26.254 [main] DEBUG karate.org.apache.http.impl.conn.PoolingHttpClientConnectionManager - Connection request: [route: {s}->https://opensource-demo.orangehrmlive.com:443][total available: 0; route allocated: 0 of 5; total allocated: 0 of 10]
13:20:26.263 [main] DEBUG karate.org.apache.http.impl.conn.PoolingHttpClientConnectionManager - Connection leased: [id: 0][route: {s}->https://opensource-demo.orangehrmlive.com:443][total available: 0; route allocated: 1 of 5; total allocated: 1 of 10]
13:20:26.264 [main] DEBUG karate.org.apache.http.impl.execchain.MainClientExec - Opening connection {s}->https://opensource-demo.orangehrmlive.com:443
13:20:26.455 [main] DEBUG karate.org.apache.http.impl.conn.DefaultHttpClientConnectionOperator - Connecting to opensource-demo.orangehrmlive.com/54.88.4.72:443
13:20:26.456 [main] DEBUG karate.org.apache.http.conn.ssl.SSLConnectionSocketFactory - Connecting socket to opensource-demo.orangehrmlive.com/54.88.4.72:443 with timeout 30000
13:20:26.683 [main] DEBUG karate.org.apache.http.conn.ssl.SSLConnectionSocketFactory - Enabled protocols: [TLSv1.3, TLSv1.2]
13:20:26.683 [main] DEBUG karate.org.apache.http.conn.ssl.SSLConnectionSocketFactory - Enabled cipher suites:[TLS_AES_256_GCM_SHA384, TLS_AES_128_GCM_SHA256, TLS_ECDHE_ECDSA_WITH_AES_256_GCM_SHA384, TLS_ECDHE_ECDSA_WITH_AES_128_GCM_SHA256, TLS_ECDHE_RSA_WITH_AES_256_GCM_SHA384, TLS_ECDHE_RSA_WITH_AES_128_GCM_SHA256, TLS_DHE_RSA_WITH_AES_256_GCM_SHA384, TLS_DHE_DSS_WITH_AES_256_GCM_SHA384, TLS_DHE_RSA_WITH_AES_128_GCM_SHA256, TLS_DHE_DSS_WITH_AES_128_GCM_SHA256, TLS_ECDHE_ECDSA_WITH_AES_256_CBC_SHA384, TLS_ECDHE_RSA_WITH_AES_256_CBC_SHA384, TLS_ECDHE_ECDSA_WITH_AES_128_CBC_SHA256, TLS_ECDHE_RSA_WITH_AES_128_CBC_SHA256, TLS_DHE_RSA_WITH_AES_256_CBC_SHA256, TLS_DHE_DSS_WITH_AES_256_CBC_SHA256, TLS_DHE_RSA_WITH_AES_128_CBC_SHA256, TLS_DHE_DSS_WITH_AES_128_CBC_SHA256, TLS_ECDH_ECDSA_WITH_AES_256_GCM_SHA384, TLS_ECDH_RSA_WITH_AES_256_GCM_SHA384, TLS_ECDH_ECDSA_WITH_AES_128_GCM_SHA256, TLS_ECDH_RSA_WITH_AES_128_GCM_SHA256, TLS_ECDH_ECDSA_WITH_AES_256_CBC_SHA384, TLS_ECDH_RSA_WITH_AES_256_CBC_SHA384, TLS_ECDH_ECDSA_WITH_AES_128_CBC_SHA256, TLS_ECDH_RSA_WITH_AES_128_CBC_SHA256, TLS_ECDHE_ECDSA_WITH_AES_256_CBC_SHA, TLS_ECDHE_RSA_WITH_AES_256_CBC_SHA, TLS_ECDHE_ECDSA_WITH_AES_128_CBC_SHA, TLS_ECDHE_RSA_WITH_AES_128_CBC_SHA, TLS_DHE_RSA_WITH_AES_256_CBC_SHA, TLS_DHE_DSS_WITH_AES_256_CBC_SHA, TLS_DHE_RSA_WITH_AES_128_CBC_SHA, TLS_DHE_DSS_WITH_AES_128_CBC_SHA, TLS_ECDH_ECDSA_WITH_AES_256_CBC_SHA, TLS_ECDH_RSA_WITH_AES_256_CBC_SHA, TLS_ECDH_ECDSA_WITH_AES_128_CBC_SHA, TLS_ECDH_RSA_WITH_AES_128_CBC_SHA, TLS_RSA_WITH_AES_256_GCM_SHA384, TLS_RSA_WITH_AES_128_GCM_SHA256, TLS_RSA_WITH_AES_256_CBC_SHA256, TLS_RSA_WITH_AES_128_CBC_SHA256, TLS_RSA_WITH_AES_256_CBC_SHA, TLS_RSA_WITH_AES_128_CBC_SHA, TLS_EMPTY_RENEGOTIATION_INFO_SCSV]
13:20:26.683 [main] DEBUG karate.org.apache.http.conn.ssl.SSLConnectionSocketFactory - Starting handshake
13:20:27.263 [main] DEBUG karate.org.apache.http.conn.ssl.SSLConnectionSocketFactory - Secure session established
13:20:27.263 [main] DEBUG karate.org.apache.http.conn.ssl.SSLConnectionSocketFactory -  negotiated protocol: TLSv1.3
13:20:27.263 [main] DEBUG karate.org.apache.http.conn.ssl.SSLConnectionSocketFactory -  negotiated cipher suite: TLS_AES_256_GCM_SHA384
13:20:27.263 [main] DEBUG karate.org.apache.http.conn.ssl.SSLConnectionSocketFactory -  peer principal: CN=*.orangehrmlive.com
13:20:27.263 [main] DEBUG karate.org.apache.http.conn.ssl.SSLConnectionSocketFactory -  peer alternative names: [*.orangehrmlive.com, orangehrmlive.com]
13:20:27.263 [main] DEBUG karate.org.apache.http.conn.ssl.SSLConnectionSocketFactory -  issuer principal: CN=GeoTrust TLS RSA CA G1, OU=www.digicert.com, O=DigiCert Inc, C=US
13:20:27.266 [main] DEBUG karate.org.apache.http.impl.conn.DefaultHttpClientConnectionOperator - Connection established 10.5.0.2:61029<->54.88.4.72:443
13:20:27.266 [main] DEBUG karate.org.apache.http.impl.conn.DefaultManagedHttpClientConnection - http-outgoing-0: set socket timeout to 30000
13:20:27.266 [main] DEBUG karate.org.apache.http.impl.execchain.MainClientExec - Executing request POST /web/index.php/auth/login HTTP/1.1
13:20:27.266 [main] DEBUG karate.org.apache.http.impl.execchain.MainClientExec - Target auth state: UNCHALLENGED
13:20:27.267 [main] DEBUG karate.org.apache.http.impl.execchain.MainClientExec - Proxy auth state: UNCHALLENGED
13:20:27.267 [main] DEBUG karate.org.apache.http.headers - http-outgoing-0 >> POST /web/index.php/auth/login HTTP/1.1
13:20:27.268 [main] DEBUG karate.org.apache.http.headers - http-outgoing-0 >> Content-Type: application/json; charset=UTF-8
13:20:27.268 [main] DEBUG karate.org.apache.http.headers - http-outgoing-0 >> Content-Length: 42
13:20:27.268 [main] DEBUG karate.org.apache.http.headers - http-outgoing-0 >> Host: opensource-demo.orangehrmlive.com
13:20:27.268 [main] DEBUG karate.org.apache.http.headers - http-outgoing-0 >> Connection: Keep-Alive
13:20:27.268 [main] DEBUG karate.org.apache.http.headers - http-outgoing-0 >> User-Agent: Apache-HttpClient/4.5.13 (Java/1.8.0_381)
13:20:27.268 [main] DEBUG karate.org.apache.http.headers - http-outgoing-0 >> Accept-Encoding: gzip,deflate
13:20:27.268 [main] DEBUG karate.org.apache.http.wire - http-outgoing-0 >> "POST /web/index.php/auth/login HTTP/1.1[\r][\n]"
13:20:27.268 [main] DEBUG karate.org.apache.http.wire - http-outgoing-0 >> "Content-Type: application/json; charset=UTF-8[\r][\n]"
13:20:27.268 [main] DEBUG karate.org.apache.http.wire - http-outgoing-0 >> "Content-Length: 42[\r][\n]"
13:20:27.268 [main] DEBUG karate.org.apache.http.wire - http-outgoing-0 >> "Host: opensource-demo.orangehrmlive.com[\r][\n]"
13:20:27.268 [main] DEBUG karate.org.apache.http.wire - http-outgoing-0 >> "Connection: Keep-Alive[\r][\n]"
13:20:27.268 [main] DEBUG karate.org.apache.http.wire - http-outgoing-0 >> "User-Agent: Apache-HttpClient/4.5.13 (Java/1.8.0_381)[\r][\n]"
13:20:27.268 [main] DEBUG karate.org.apache.http.wire - http-outgoing-0 >> "Accept-Encoding: gzip,deflate[\r][\n]"
13:20:27.268 [main] DEBUG karate.org.apache.http.wire - http-outgoing-0 >> "[\r][\n]"
13:20:27.268 [main] DEBUG karate.org.apache.http.wire - http-outgoing-0 >> "{"username":"admin","password":"admin123"}"
13:20:34.737 [main] DEBUG karate.org.apache.http.wire - http-outgoing-0 << "HTTP/1.1 405 Method Not Allowed[\r][\n]"
13:20:34.737 [main] DEBUG karate.org.apache.http.wire - http-outgoing-0 << "Server: nginx[\r][\n]"
13:20:34.737 [main] DEBUG karate.org.apache.http.wire - http-outgoing-0 << "Date: Tue, 10 Mar 2026 05:20:34 GMT[\r][\n]"
13:20:34.737 [main] DEBUG karate.org.apache.http.wire - http-outgoing-0 << "Content-Type: text/html; charset=UTF-8[\r][\n]"
13:20:34.737 [main] DEBUG karate.org.apache.http.wire - http-outgoing-0 << "Transfer-Encoding: chunked[\r][\n]"
13:20:34.737 [main] DEBUG karate.org.apache.http.wire - http-outgoing-0 << "Connection: keep-alive[\r][\n]"
13:20:34.737 [main] DEBUG karate.org.apache.http.wire - http-outgoing-0 << "Set-Cookie: orangehrm=iehj7shivufutcjlg6m3m9irqj; path=/; SameSite=noneweb; secure; HttpOnly; SameSite=Lax[\r][\n]"
13:20:34.737 [main] DEBUG karate.org.apache.http.wire - http-outgoing-0 << "Allow: GET[\r][\n]"
13:20:34.738 [main] DEBUG karate.org.apache.http.wire - http-outgoing-0 << "Cache-Control: no-cache, private[\r][\n]"
13:20:34.738 [main] DEBUG karate.org.apache.http.wire - http-outgoing-0 << "[\r][\n]"
13:20:34.738 [main] DEBUG karate.org.apache.http.wire - http-outgoing-0 << "0[\r][\n]"
13:20:34.738 [main] DEBUG karate.org.apache.http.wire - http-outgoing-0 << "[\r][\n]"
13:20:34.741 [main] DEBUG karate.org.apache.http.headers - http-outgoing-0 << HTTP/1.1 405 Method Not Allowed
13:20:34.741 [main] DEBUG karate.org.apache.http.headers - http-outgoing-0 << Server: nginx
13:20:34.741 [main] DEBUG karate.org.apache.http.headers - http-outgoing-0 << Date: Tue, 10 Mar 2026 05:20:34 GMT
13:20:34.741 [main] DEBUG karate.org.apache.http.headers - http-outgoing-0 << Content-Type: text/html; charset=UTF-8
13:20:34.741 [main] DEBUG karate.org.apache.http.headers - http-outgoing-0 << Transfer-Encoding: chunked
13:20:34.741 [main] DEBUG karate.org.apache.http.headers - http-outgoing-0 << Connection: keep-alive
13:20:34.741 [main] DEBUG karate.org.apache.http.headers - http-outgoing-0 << Set-Cookie: orangehrm=iehj7shivufutcjlg6m3m9irqj; path=/; SameSite=noneweb; secure; HttpOnly; SameSite=Lax
13:20:34.741 [main] DEBUG karate.org.apache.http.headers - http-outgoing-0 << Allow: GET
13:20:34.741 [main] DEBUG karate.org.apache.http.headers - http-outgoing-0 << Cache-Control: no-cache, private
13:20:34.747 [main] DEBUG karate.org.apache.http.impl.execchain.MainClientExec - Connection can be kept alive indefinitely
13:20:34.750 [main] DEBUG karate.org.apache.http.client.protocol.ResponseProcessCookies - Cookie accepted [orangehrm="iehj7shivufutcjlg6m3m9irqj", version:0, domain:opensource-demo.orangehrmlive.com, path:/, expiry:null]
13:20:34.751 [main] DEBUG karate.org.apache.http.impl.conn.PoolingHttpClientConnectionManager - Connection [id: 0][route: {s}->https://opensource-demo.orangehrmlive.com:443] can be kept alive indefinitely
13:20:34.751 [main] DEBUG karate.org.apache.http.impl.conn.DefaultManagedHttpClientConnection - http-outgoing-0: set socket timeout to 0
13:20:34.751 [main] DEBUG karate.org.apache.http.impl.conn.PoolingHttpClientConnectionManager - Connection released: [id: 0][route: {s}->https://opensource-demo.orangehrmlive.com:443][total available: 1; route allocated: 1 of 5; total allocated: 1 of 10]
13:20:34.754 [main] DEBUG karate.io.netty.util.internal.InternalThreadLocalMap - -Dio.netty.threadLocalMap.stringBuilder.initialSize: 1024
13:20:34.754 [main] DEBUG karate.io.netty.util.internal.InternalThreadLocalMap - -Dio.netty.threadLocalMap.stringBuilder.maxSize: 4096
13:20:34.757 [main] DEBUG com.intuit.karate - response time in milliseconds: 8498
1 < 405
1 < Server: nginx
1 < Date: Tue, 10 Mar 2026 05:20:34 GMT
1 < Content-Type: text/html; charset=UTF-8
1 < Transfer-Encoding: chunked
1 < Connection: keep-alive
1 < Allow: GET
1 < Cache-Control: no-cache, private
1 < Set-Cookie: orangehrm=iehj7shivufutcjlg6m3m9irqj; Domain=opensource-demo.orangehrmlive.com; Secure

13:20:34.761 [main] ERROR com.intuit.karate - classpath:com/example/karate/OrangeHRM.feature:8
Then status 200
status code was: 405, expected: 200, response time in milliseconds: 8498, url: https://opensource-demo.orangehrmlive.com/web/index.php/auth/login, response: 

classpath:com/example/karate/OrangeHRM.feature:8
]]></system-out>
  </testcase>
  <testcase name="[2:12] Login with valid credentials using form data" classname="com/example/karate/OrangeHRM" time="12.33">
    <system-out><![CDATA[13:20:34.814 [main] DEBUG karate.io.netty.util.ResourceLeakDetector - -Dkarate.io.netty.leakDetection.level: simple
13:20:34.814 [main] DEBUG karate.io.netty.util.ResourceLeakDetector - -Dkarate.io.netty.leakDetection.targetRecords: 4
13:20:34.823 [main] DEBUG karate.io.netty.buffer.AbstractByteBuf - -Dkarate.io.netty.buffer.checkAccessible: true
13:20:34.823 [main] DEBUG karate.io.netty.buffer.AbstractByteBuf - -Dkarate.io.netty.buffer.checkBounds: true
13:20:34.824 [main] DEBUG karate.io.netty.util.ResourceLeakDetectorFactory - Loaded default ResourceLeakDetector: karate.io.netty.util.ResourceLeakDetector@7d37f1c
13:20:34.840 [main] DEBUG karate.io.netty.buffer.PooledByteBufAllocator - -Dio.netty.allocator.numHeapArenas: 16
13:20:34.841 [main] DEBUG karate.io.netty.buffer.PooledByteBufAllocator - -Dio.netty.allocator.numDirectArenas: 16
13:20:34.841 [main] DEBUG karate.io.netty.buffer.PooledByteBufAllocator - -Dio.netty.allocator.pageSize: 8192
13:20:34.841 [main] DEBUG karate.io.netty.buffer.PooledByteBufAllocator - -Dio.netty.allocator.maxOrder: 11
13:20:34.841 [main] DEBUG karate.io.netty.buffer.PooledByteBufAllocator - -Dio.netty.allocator.chunkSize: 16777216
13:20:34.841 [main] DEBUG karate.io.netty.buffer.PooledByteBufAllocator - -Dio.netty.allocator.smallCacheSize: 256
13:20:34.841 [main] DEBUG karate.io.netty.buffer.PooledByteBufAllocator - -Dio.netty.allocator.normalCacheSize: 64
13:20:34.841 [main] DEBUG karate.io.netty.buffer.PooledByteBufAllocator - -Dio.netty.allocator.maxCachedBufferCapacity: 32768
13:20:34.841 [main] DEBUG karate.io.netty.buffer.PooledByteBufAllocator - -Dio.netty.allocator.cacheTrimInterval: 8192
13:20:34.841 [main] DEBUG karate.io.netty.buffer.PooledByteBufAllocator - -Dio.netty.allocator.cacheTrimIntervalMillis: 0
13:20:34.841 [main] DEBUG karate.io.netty.buffer.PooledByteBufAllocator - -Dio.netty.allocator.useCacheForAllThreads: true
13:20:34.841 [main] DEBUG karate.io.netty.buffer.PooledByteBufAllocator - -Dio.netty.allocator.maxCachedByteBuffersPerChunk: 1023
13:20:34.849 [main] DEBUG karate.io.netty.buffer.ByteBufUtil - -Dio.netty.allocator.type: pooled
13:20:34.850 [main] DEBUG karate.io.netty.buffer.ByteBufUtil - -Dio.netty.threadLocalDirectBufferSize: 0
13:20:34.850 [main] DEBUG karate.io.netty.buffer.ByteBufUtil - -Dio.netty.maxThreadLocalCharBufferSize: 16384
13:20:34.857 [main] DEBUG karate.org.apache.http.client.protocol.RequestAddCookies - CookieSpec selected: karate
13:20:34.857 [main] DEBUG karate.org.apache.http.client.protocol.RequestAuthCache - Auth cache not set in the context
13:20:34.857 [main] DEBUG com.intuit.karate - request:
1 > POST https://opensource-demo.orangehrmlive.com/web/index.php/auth/validate
1 > Content-Type: application/x-www-form-urlencoded
1 > Content-Length: 32
1 > Host: opensource-demo.orangehrmlive.com
1 > Connection: Keep-Alive
1 > User-Agent: Apache-HttpClient/4.5.13 (Java/1.8.0_381)
1 > Accept-Encoding: gzip,deflate
username=admin&password=admin123

13:20:34.857 [main] DEBUG karate.org.apache.http.impl.conn.PoolingHttpClientConnectionManager - Connection request: [route: {s}->https://opensource-demo.orangehrmlive.com:443][total available: 0; route allocated: 0 of 5; total allocated: 0 of 10]
13:20:34.857 [main] DEBUG karate.org.apache.http.impl.conn.PoolingHttpClientConnectionManager - Connection leased: [id: 1][route: {s}->https://opensource-demo.orangehrmlive.com:443][total available: 0; route allocated: 1 of 5; total allocated: 1 of 10]
13:20:34.858 [main] DEBUG karate.org.apache.http.impl.execchain.MainClientExec - Opening connection {s}->https://opensource-demo.orangehrmlive.com:443
13:20:34.858 [main] DEBUG karate.org.apache.http.impl.conn.DefaultHttpClientConnectionOperator - Connecting to opensource-demo.orangehrmlive.com/54.88.4.72:443
13:20:34.858 [main] DEBUG karate.org.apache.http.conn.ssl.SSLConnectionSocketFactory - Connecting socket to opensource-demo.orangehrmlive.com/54.88.4.72:443 with timeout 30000
13:20:35.048 [main] DEBUG karate.org.apache.http.conn.ssl.SSLConnectionSocketFactory - Enabled protocols: [TLSv1.3, TLSv1.2]
13:20:35.049 [main] DEBUG karate.org.apache.http.conn.ssl.SSLConnectionSocketFactory - Enabled cipher suites:[TLS_AES_256_GCM_SHA384, TLS_AES_128_GCM_SHA256, TLS_ECDHE_ECDSA_WITH_AES_256_GCM_SHA384, TLS_ECDHE_ECDSA_WITH_AES_128_GCM_SHA256, TLS_ECDHE_RSA_WITH_AES_256_GCM_SHA384, TLS_ECDHE_RSA_WITH_AES_128_GCM_SHA256, TLS_DHE_RSA_WITH_AES_256_GCM_SHA384, TLS_DHE_DSS_WITH_AES_256_GCM_SHA384, TLS_DHE_RSA_WITH_AES_128_GCM_SHA256, TLS_DHE_DSS_WITH_AES_128_GCM_SHA256, TLS_ECDHE_ECDSA_WITH_AES_256_CBC_SHA384, TLS_ECDHE_RSA_WITH_AES_256_CBC_SHA384, TLS_ECDHE_ECDSA_WITH_AES_128_CBC_SHA256, TLS_ECDHE_RSA_WITH_AES_128_CBC_SHA256, TLS_DHE_RSA_WITH_AES_256_CBC_SHA256, TLS_DHE_DSS_WITH_AES_256_CBC_SHA256, TLS_DHE_RSA_WITH_AES_128_CBC_SHA256, TLS_DHE_DSS_WITH_AES_128_CBC_SHA256, TLS_ECDH_ECDSA_WITH_AES_256_GCM_SHA384, TLS_ECDH_RSA_WITH_AES_256_GCM_SHA384, TLS_ECDH_ECDSA_WITH_AES_128_GCM_SHA256, TLS_ECDH_RSA_WITH_AES_128_GCM_SHA256, TLS_ECDH_ECDSA_WITH_AES_256_CBC_SHA384, TLS_ECDH_RSA_WITH_AES_256_CBC_SHA384, TLS_ECDH_ECDSA_WITH_AES_128_CBC_SHA256, TLS_ECDH_RSA_WITH_AES_128_CBC_SHA256, TLS_ECDHE_ECDSA_WITH_AES_256_CBC_SHA, TLS_ECDHE_RSA_WITH_AES_256_CBC_SHA, TLS_ECDHE_ECDSA_WITH_AES_128_CBC_SHA, TLS_ECDHE_RSA_WITH_AES_128_CBC_SHA, TLS_DHE_RSA_WITH_AES_256_CBC_SHA, TLS_DHE_DSS_WITH_AES_256_CBC_SHA, TLS_DHE_RSA_WITH_AES_128_CBC_SHA, TLS_DHE_DSS_WITH_AES_128_CBC_SHA, TLS_ECDH_ECDSA_WITH_AES_256_CBC_SHA, TLS_ECDH_RSA_WITH_AES_256_CBC_SHA, TLS_ECDH_ECDSA_WITH_AES_128_CBC_SHA, TLS_ECDH_RSA_WITH_AES_128_CBC_SHA, TLS_RSA_WITH_AES_256_GCM_SHA384, TLS_RSA_WITH_AES_128_GCM_SHA256, TLS_RSA_WITH_AES_256_CBC_SHA256, TLS_RSA_WITH_AES_128_CBC_SHA256, TLS_RSA_WITH_AES_256_CBC_SHA, TLS_RSA_WITH_AES_128_CBC_SHA, TLS_EMPTY_RENEGOTIATION_INFO_SCSV]
13:20:35.049 [main] DEBUG karate.org.apache.http.conn.ssl.SSLConnectionSocketFactory - Starting handshake
13:20:35.468 [main] DEBUG karate.org.apache.http.conn.ssl.SSLConnectionSocketFactory - Secure session established
13:20:35.468 [main] DEBUG karate.org.apache.http.conn.ssl.SSLConnectionSocketFactory -  negotiated protocol: TLSv1.3
13:20:35.468 [main] DEBUG karate.org.apache.http.conn.ssl.SSLConnectionSocketFactory -  negotiated cipher suite: TLS_AES_256_GCM_SHA384
13:20:35.468 [main] DEBUG karate.org.apache.http.conn.ssl.SSLConnectionSocketFactory -  peer principal: CN=*.orangehrmlive.com
13:20:35.468 [main] DEBUG karate.org.apache.http.conn.ssl.SSLConnectionSocketFactory -  peer alternative names: [*.orangehrmlive.com, orangehrmlive.com]
13:20:35.468 [main] DEBUG karate.org.apache.http.conn.ssl.SSLConnectionSocketFactory -  issuer principal: CN=GeoTrust TLS RSA CA G1, OU=www.digicert.com, O=DigiCert Inc, C=US
13:20:35.469 [main] DEBUG karate.org.apache.http.impl.conn.DefaultHttpClientConnectionOperator - Connection established 10.5.0.2:61209<->54.88.4.72:443
13:20:35.469 [main] DEBUG karate.org.apache.http.impl.conn.DefaultManagedHttpClientConnection - http-outgoing-1: set socket timeout to 30000
13:20:35.469 [main] DEBUG karate.org.apache.http.impl.execchain.MainClientExec - Executing request POST /web/index.php/auth/validate HTTP/1.1
13:20:35.469 [main] DEBUG karate.org.apache.http.impl.execchain.MainClientExec - Target auth state: UNCHALLENGED
13:20:35.469 [main] DEBUG karate.org.apache.http.impl.execchain.MainClientExec - Proxy auth state: UNCHALLENGED
13:20:35.469 [main] DEBUG karate.org.apache.http.headers - http-outgoing-1 >> POST /web/index.php/auth/validate HTTP/1.1
13:20:35.469 [main] DEBUG karate.org.apache.http.headers - http-outgoing-1 >> Content-Type: application/x-www-form-urlencoded
13:20:35.469 [main] DEBUG karate.org.apache.http.headers - http-outgoing-1 >> Content-Length: 32
13:20:35.469 [main] DEBUG karate.org.apache.http.headers - http-outgoing-1 >> Host: opensource-demo.orangehrmlive.com
13:20:35.469 [main] DEBUG karate.org.apache.http.headers - http-outgoing-1 >> Connection: Keep-Alive
13:20:35.470 [main] DEBUG karate.org.apache.http.headers - http-outgoing-1 >> User-Agent: Apache-HttpClient/4.5.13 (Java/1.8.0_381)
13:20:35.470 [main] DEBUG karate.org.apache.http.headers - http-outgoing-1 >> Accept-Encoding: gzip,deflate
13:20:35.470 [main] DEBUG karate.org.apache.http.wire - http-outgoing-1 >> "POST /web/index.php/auth/validate HTTP/1.1[\r][\n]"
13:20:35.470 [main] DEBUG karate.org.apache.http.wire - http-outgoing-1 >> "Content-Type: application/x-www-form-urlencoded[\r][\n]"
13:20:35.470 [main] DEBUG karate.org.apache.http.wire - http-outgoing-1 >> "Content-Length: 32[\r][\n]"
13:20:35.470 [main] DEBUG karate.org.apache.http.wire - http-outgoing-1 >> "Host: opensource-demo.orangehrmlive.com[\r][\n]"
13:20:35.470 [main] DEBUG karate.org.apache.http.wire - http-outgoing-1 >> "Connection: Keep-Alive[\r][\n]"
13:20:35.470 [main] DEBUG karate.org.apache.http.wire - http-outgoing-1 >> "User-Agent: Apache-HttpClient/4.5.13 (Java/1.8.0_381)[\r][\n]"
13:20:35.470 [main] DEBUG karate.org.apache.http.wire - http-outgoing-1 >> "Accept-Encoding: gzip,deflate[\r][\n]"
13:20:35.470 [main] DEBUG karate.org.apache.http.wire - http-outgoing-1 >> "[\r][\n]"
13:20:35.470 [main] DEBUG karate.org.apache.http.wire - http-outgoing-1 >> "username=admin&password=admin123"
13:20:39.812 [main] DEBUG karate.org.apache.http.wire - http-outgoing-1 << "HTTP/1.1 302 Found[\r][\n]"
13:20:39.812 [main] DEBUG karate.org.apache.http.wire - http-outgoing-1 << "Server: nginx[\r][\n]"
13:20:39.812 [main] DEBUG karate.org.apache.http.wire - http-outgoing-1 << "Date: Tue, 10 Mar 2026 05:20:40 GMT[\r][\n]"
13:20:39.812 [main] DEBUG karate.org.apache.http.wire - http-outgoing-1 << "Content-Type: text/html; charset=utf-8[\r][\n]"
13:20:39.813 [main] DEBUG karate.org.apache.http.wire - http-outgoing-1 << "Transfer-Encoding: chunked[\r][\n]"
13:20:39.813 [main] DEBUG karate.org.apache.http.wire - http-outgoing-1 << "Connection: keep-alive[\r][\n]"
13:20:39.813 [main] DEBUG karate.org.apache.http.wire - http-outgoing-1 << "Set-Cookie: orangehrm=fumgj35qkcb205paes91ovgjd0; path=/; SameSite=noneweb; secure; HttpOnly; SameSite=Lax[\r][\n]"
13:20:39.813 [main] DEBUG karate.org.apache.http.wire - http-outgoing-1 << "Cache-Control: no-cache, private[\r][\n]"
13:20:39.813 [main] DEBUG karate.org.apache.http.wire - http-outgoing-1 << "Location: https://opensource-demo.orangehrmlive.com/web/index.php/auth/login[\r][\n]"
13:20:39.813 [main] DEBUG karate.org.apache.http.wire - http-outgoing-1 << "Access-Control-Allow-Origin: in-app-marketing.orangehrm.com[\r][\n]"
13:20:39.813 [main] DEBUG karate.org.apache.http.wire - http-outgoing-1 << "[\r][\n]"
13:20:39.813 [main] DEBUG karate.org.apache.http.wire - http-outgoing-1 << "1fe[\r][\n]"
13:20:39.813 [main] DEBUG karate.org.apache.http.wire - http-outgoing-1 << "<!DOCTYPE html>[\n]"
13:20:39.814 [main] DEBUG karate.org.apache.http.wire - http-outgoing-1 << "<html>[\n]"
13:20:39.814 [main] DEBUG karate.org.apache.http.wire - http-outgoing-1 << "    <head>[\n]"
13:20:39.814 [main] DEBUG karate.org.apache.http.wire - http-outgoing-1 << "        <meta charset="UTF-8" />[\n]"
13:20:39.814 [main] DEBUG karate.org.apache.http.wire - http-outgoing-1 << "        <meta http-equiv="refresh" content="0;url='https://opensource-demo.orangehrmlive.com/web/index.php/auth/login'" />[\n]"
13:20:39.814 [main] DEBUG karate.org.apache.http.wire - http-outgoing-1 << "[\n]"
13:20:39.814 [main] DEBUG karate.org.apache.http.wire - http-outgoing-1 << "        <title>Redirecting to https://opensource-demo.orangehrmlive.com/web/index.php/auth/login</title>[\n]"
13:20:39.814 [main] DEBUG karate.org.apache.http.wire - http-outgoing-1 << "    </head>[\n]"
13:20:39.814 [main] DEBUG karate.org.apache.http.wire - http-outgoing-1 << "    <body>[\n]"
13:20:39.814 [main] DEBUG karate.org.apache.http.wire - http-outgoing-1 << "        Redirecting to <a href="https://opensource-demo.orangehrmlive.com/web/index.php/auth/login">https://opensource-demo.orangehrmlive.com/web/index.php/auth/login</a>.[\n]"
13:20:39.814 [main] DEBUG karate.org.apache.http.wire - http-outgoing-1 << "    </body>[\n]"
13:20:39.814 [main] DEBUG karate.org.apache.http.wire - http-outgoing-1 << "</html>[\r][\n]"
13:20:39.814 [main] DEBUG karate.org.apache.http.wire - http-outgoing-1 << "0[\r][\n]"
13:20:39.814 [main] DEBUG karate.org.apache.http.wire - http-outgoing-1 << "[\r][\n]"
13:20:39.814 [main] DEBUG karate.org.apache.http.headers - http-outgoing-1 << HTTP/1.1 302 Found
13:20:39.815 [main] DEBUG karate.org.apache.http.headers - http-outgoing-1 << Server: nginx
13:20:39.815 [main] DEBUG karate.org.apache.http.headers - http-outgoing-1 << Date: Tue, 10 Mar 2026 05:20:40 GMT
13:20:39.815 [main] DEBUG karate.org.apache.http.headers - http-outgoing-1 << Content-Type: text/html; charset=utf-8
13:20:39.815 [main] DEBUG karate.org.apache.http.headers - http-outgoing-1 << Transfer-Encoding: chunked
13:20:39.815 [main] DEBUG karate.org.apache.http.headers - http-outgoing-1 << Connection: keep-alive
13:20:39.815 [main] DEBUG karate.org.apache.http.headers - http-outgoing-1 << Set-Cookie: orangehrm=fumgj35qkcb205paes91ovgjd0; path=/; SameSite=noneweb; secure; HttpOnly; SameSite=Lax
13:20:39.815 [main] DEBUG karate.org.apache.http.headers - http-outgoing-1 << Cache-Control: no-cache, private
13:20:39.815 [main] DEBUG karate.org.apache.http.headers - http-outgoing-1 << Location: https://opensource-demo.orangehrmlive.com/web/index.php/auth/login
13:20:39.815 [main] DEBUG karate.org.apache.http.headers - http-outgoing-1 << Access-Control-Allow-Origin: in-app-marketing.orangehrm.com
13:20:39.815 [main] DEBUG karate.org.apache.http.impl.execchain.MainClientExec - Connection can be kept alive indefinitely
13:20:39.816 [main] DEBUG karate.org.apache.http.client.protocol.ResponseProcessCookies - Cookie accepted [orangehrm="fumgj35qkcb205paes91ovgjd0", version:0, domain:opensource-demo.orangehrmlive.com, path:/, expiry:null]
13:20:39.816 [main] DEBUG karate.org.apache.http.impl.client.LaxRedirectStrategy - Redirect requested to location 'https://opensource-demo.orangehrmlive.com/web/index.php/auth/login'
13:20:39.818 [main] DEBUG karate.org.apache.http.impl.execchain.RedirectExec - Resetting target auth state
13:20:39.818 [main] DEBUG karate.org.apache.http.impl.execchain.RedirectExec - Redirecting to 'https://opensource-demo.orangehrmlive.com/web/index.php/auth/login' via {s}->https://opensource-demo.orangehrmlive.com:443
13:20:39.819 [main] DEBUG karate.org.apache.http.impl.conn.PoolingHttpClientConnectionManager - Connection [id: 1][route: {s}->https://opensource-demo.orangehrmlive.com:443] can be kept alive indefinitely
13:20:39.819 [main] DEBUG karate.org.apache.http.impl.conn.DefaultManagedHttpClientConnection - http-outgoing-1: set socket timeout to 0
13:20:39.819 [main] DEBUG karate.org.apache.http.impl.conn.PoolingHttpClientConnectionManager - Connection released: [id: 1][route: {s}->https://opensource-demo.orangehrmlive.com:443][total available: 1; route allocated: 1 of 5; total allocated: 1 of 10]
13:20:39.820 [main] DEBUG karate.org.apache.http.client.protocol.RequestAddCookies - CookieSpec selected: karate
13:20:39.820 [main] DEBUG karate.org.apache.http.client.protocol.RequestAddCookies - Cookie [version: 0][name: orangehrm][value: fumgj35qkcb205paes91ovgjd0][domain: opensource-demo.orangehrmlive.com][path: /][expiry: null] match [(secure)opensource-demo.orangehrmlive.com:443/web/index.php/auth/login]
13:20:39.820 [main] DEBUG karate.org.apache.http.client.protocol.RequestAuthCache - Auth cache not set in the context
13:20:39.820 [main] DEBUG com.intuit.karate - request:
2 > POST https://opensource-demo.orangehrmlive.com/web/index.php/auth/validate
2 > Content-Type: application/x-www-form-urlencoded
2 > Host: opensource-demo.orangehrmlive.com
2 > Connection: Keep-Alive
2 > User-Agent: Apache-HttpClient/4.5.13 (Java/1.8.0_381)
2 > Cookie: orangehrm=fumgj35qkcb205paes91ovgjd0
2 > Accept-Encoding: gzip,deflate
username=admin&password=admin123

13:20:39.821 [main] DEBUG karate.org.apache.http.impl.conn.PoolingHttpClientConnectionManager - Connection request: [route: {s}->https://opensource-demo.orangehrmlive.com:443][total available: 1; route allocated: 1 of 5; total allocated: 1 of 10]
13:20:39.821 [main] DEBUG karate.org.apache.http.impl.conn.PoolingHttpClientConnectionManager - Connection leased: [id: 1][route: {s}->https://opensource-demo.orangehrmlive.com:443][total available: 0; route allocated: 1 of 5; total allocated: 1 of 10]
13:20:39.821 [main] DEBUG karate.org.apache.http.impl.conn.DefaultManagedHttpClientConnection - http-outgoing-1: set socket timeout to 30000
13:20:39.821 [main] DEBUG karate.org.apache.http.impl.conn.DefaultManagedHttpClientConnection - http-outgoing-1: set socket timeout to 30000
13:20:39.821 [main] DEBUG karate.org.apache.http.impl.execchain.MainClientExec - Executing request GET /web/index.php/auth/login HTTP/1.1
13:20:39.821 [main] DEBUG karate.org.apache.http.impl.execchain.MainClientExec - Target auth state: UNCHALLENGED
13:20:39.821 [main] DEBUG karate.org.apache.http.impl.execchain.MainClientExec - Proxy auth state: UNCHALLENGED
13:20:39.821 [main] DEBUG karate.org.apache.http.headers - http-outgoing-1 >> GET /web/index.php/auth/login HTTP/1.1
13:20:39.821 [main] DEBUG karate.org.apache.http.headers - http-outgoing-1 >> Content-Type: application/x-www-form-urlencoded
13:20:39.821 [main] DEBUG karate.org.apache.http.headers - http-outgoing-1 >> Host: opensource-demo.orangehrmlive.com
13:20:39.821 [main] DEBUG karate.org.apache.http.headers - http-outgoing-1 >> Connection: Keep-Alive
13:20:39.822 [main] DEBUG karate.org.apache.http.headers - http-outgoing-1 >> User-Agent: Apache-HttpClient/4.5.13 (Java/1.8.0_381)
13:20:39.822 [main] DEBUG karate.org.apache.http.headers - http-outgoing-1 >> Cookie: orangehrm=fumgj35qkcb205paes91ovgjd0
13:20:39.822 [main] DEBUG karate.org.apache.http.headers - http-outgoing-1 >> Accept-Encoding: gzip,deflate
13:20:39.822 [main] DEBUG karate.org.apache.http.wire - http-outgoing-1 >> "GET /web/index.php/auth/login HTTP/1.1[\r][\n]"
13:20:39.822 [main] DEBUG karate.org.apache.http.wire - http-outgoing-1 >> "Content-Type: application/x-www-form-urlencoded[\r][\n]"
13:20:39.822 [main] DEBUG karate.org.apache.http.wire - http-outgoing-1 >> "Host: opensource-demo.orangehrmlive.com[\r][\n]"
13:20:39.822 [main] DEBUG karate.org.apache.http.wire - http-outgoing-1 >> "Connection: Keep-Alive[\r][\n]"
13:20:39.822 [main] DEBUG karate.org.apache.http.wire - http-outgoing-1 >> "User-Agent: Apache-HttpClient/4.5.13 (Java/1.8.0_381)[\r][\n]"
13:20:39.822 [main] DEBUG karate.org.apache.http.wire - http-outgoing-1 >> "Cookie: orangehrm=fumgj35qkcb205paes91ovgjd0[\r][\n]"
13:20:39.822 [main] DEBUG karate.org.apache.http.wire - http-outgoing-1 >> "Accept-Encoding: gzip,deflate[\r][\n]"
13:20:39.822 [main] DEBUG karate.org.apache.http.wire - http-outgoing-1 >> "[\r][\n]"
13:20:46.413 [main] DEBUG karate.org.apache.http.wire - http-outgoing-1 << "HTTP/1.1 200 OK[\r][\n]"
13:20:46.413 [main] DEBUG karate.org.apache.http.wire - http-outgoing-1 << "Server: nginx[\r][\n]"
13:20:46.413 [main] DEBUG karate.org.apache.http.wire - http-outgoing-1 << "Date: Tue, 10 Mar 2026 05:20:46 GMT[\r][\n]"
13:20:46.413 [main] DEBUG karate.org.apache.http.wire - http-outgoing-1 << "Content-Type: text/html; charset=UTF-8[\r][\n]"
13:20:46.413 [main] DEBUG karate.org.apache.http.wire - http-outgoing-1 << "Transfer-Encoding: chunked[\r][\n]"
13:20:46.414 [main] DEBUG karate.org.apache.http.wire - http-outgoing-1 << "Connection: keep-alive[\r][\n]"
13:20:46.414 [main] DEBUG karate.org.apache.http.wire - http-outgoing-1 << "Cache-Control: no-cache, private[\r][\n]"
13:20:46.414 [main] DEBUG karate.org.apache.http.wire - http-outgoing-1 << "Access-Control-Allow-Origin: in-app-marketing.orangehrm.com[\r][\n]"
13:20:46.414 [main] DEBUG karate.org.apache.http.wire - http-outgoing-1 << "[\r][\n]"
13:20:46.414 [main] DEBUG karate.org.apache.http.wire - http-outgoing-1 << "e00[\r][\n]"
13:20:46.414 [main] DEBUG karate.org.apache.http.wire - http-outgoing-1 << "<!DOCTYPE html>[\n]"
13:20:46.414 [main] DEBUG karate.org.apache.http.wire - http-outgoing-1 << "<html>[\n]"
13:20:46.414 [main] DEBUG karate.org.apache.http.wire - http-outgoing-1 << "<head>[\n]"
13:20:46.414 [main] DEBUG karate.org.apache.http.wire - http-outgoing-1 << "  <meta charset="UTF-8">[\n]"
13:20:46.414 [main] DEBUG karate.org.apache.http.wire - http-outgoing-1 << "  <meta http-equiv="X-UA-Compatible" content="IE=edge">[\n]"
13:20:46.414 [main] DEBUG karate.org.apache.http.wire - http-outgoing-1 << "  <meta name="viewport" content="width=device-width,initial-scale=1">[\n]"
13:20:46.414 [main] DEBUG karate.org.apache.http.wire - http-outgoing-1 << "  <title>OrangeHRM</title>[\n]"
13:20:46.414 [main] DEBUG karate.org.apache.http.wire - http-outgoing-1 << "      <link rel="icon" href="/web/dist/favicon.ico?v=1763650546848">[\n]"
13:20:46.414 [main] DEBUG karate.org.apache.http.wire - http-outgoing-1 << "    <link href="/web/dist/css/chunk-vendors.css?v=1763650546848" rel="preload" as="style">[\n]"
13:20:46.414 [main] DEBUG karate.org.apache.http.wire - http-outgoing-1 << "    <link href="/web/dist/css/app.css?v=1763650546848" rel="preload" as="style">[\n]"
13:20:46.414 [main] DEBUG karate.org.apache.http.wire - http-outgoing-1 << "    <link href="/web/dist/js/chunk-vendors.js?v=1763650546848" rel="preload" as="script">[\n]"
13:20:46.414 [main] DEBUG karate.org.apache.http.wire - http-outgoing-1 << "    <link href="/web/dist/js/app.js?v=1763650546848" rel="preload" as="script">[\n]"
13:20:46.414 [main] DEBUG karate.org.apache.http.wire - http-outgoing-1 << "      <link href="/web/dist/css/chunk-vendors.css?v=1763650546848" rel="stylesheet"/>[\n]"
13:20:46.414 [main] DEBUG karate.org.apache.http.wire - http-outgoing-1 << "    <link href="/web/dist/css/app.css?v=1763650546848" rel="stylesheet"/>[\n]"
13:20:46.415 [main] DEBUG karate.org.apache.http.wire - http-outgoing-1 << "</head>[\n]"
13:20:46.415 [main] DEBUG karate.org.apache.http.wire - http-outgoing-1 << "<body>[\n]"
13:20:46.415 [main] DEBUG karate.org.apache.http.wire - http-outgoing-1 << "  <style>[\n]"
13:20:46.415 [main] DEBUG karate.org.apache.http.wire - http-outgoing-1 << "    :root {[\n]"
13:20:46.415 [main] DEBUG karate.org.apache.http.wire - http-outgoing-1 << "            --oxd-primary-one-color:#FF7B1D;[\n]"
13:20:46.415 [main] DEBUG karate.org.apache.http.wire - http-outgoing-1 << "            --oxd-primary-font-color:#FFFFFF;[\n]"
13:20:46.415 [main] DEBUG karate.org.apache.http.wire - http-outgoing-1 << "            --oxd-secondary-four-color:#76BC21;[\n]"
13:20:46.415 [main] DEBUG karate.org.apache.http.wire - http-outgoing-1 << "            --oxd-secondary-font-color:#FFFFFF;[\n]"
13:20:46.415 [main] DEBUG karate.org.apache.http.wire - http-outgoing-1 << "            --oxd-primary-gradient-start-color:#FF920B;[\n]"
13:20:46.415 [main] DEBUG karate.org.apache.http.wire - http-outgoing-1 << "            --oxd-primary-gradient-end-color:#F35C17;[\n]"
13:20:46.415 [main] DEBUG karate.org.apache.http.wire - http-outgoing-1 << "            --oxd-secondary-gradient-start-color:#FF920B;[\n]"
13:20:46.415 [main] DEBUG karate.org.apache.http.wire - http-outgoing-1 << "            --oxd-secondary-gradient-end-color:#F35C17;[\n]"
13:20:46.415 [main] DEBUG karate.org.apache.http.wire - http-outgoing-1 << "            --oxd-primary-one-lighten-5-color:#ff8a37;[\n]"
13:20:46.415 [main] DEBUG karate.org.apache.http.wire - http-outgoing-1 << "            --oxd-primary-one-lighten-30-color:#ffd4b6;[\n]"
13:20:46.415 [main] DEBUG karate.org.apache.http.wire - http-outgoing-1 << "            --oxd-primary-one-darken-5-color:#ff6c03;[\n]"
13:20:46.415 [main] DEBUG karate.org.apache.http.wire - http-outgoing-1 << "            --oxd-primary-one-alpha-10-color:rgba(255, 123, 29, 0.1);[\n]"
13:20:46.415 [main] DEBUG karate.org.apache.http.wire - http-outgoing-1 << "            --oxd-primary-one-alpha-15-color:rgba(255, 123, 29, 0.15);[\n]"
13:20:46.416 [main] DEBUG karate.org.apache.http.wire - http-outgoing-1 << "            --oxd-primary-one-alpha-20-color:rgba(255, 123, 29, 0.2);[\n]"
13:20:46.416 [main] DEBUG karate.org.apache.http.wire - http-outgoing-1 << "            --oxd-primary-one-alpha-50-color:rgba(255, 123, 29, 0.5);[\n]"
13:20:46.416 [main] DEBUG karate.org.apache.http.wire - http-outgoing-1 << "            --oxd-secondary-four-lighten-5-color:#84d225;[\n]"
13:20:46.416 [main] DEBUG karate.org.apache.http.wire - http-outgoing-1 << "            --oxd-secondary-four-darken-5-color:#68a61d;[\n]"
13:20:46.416 [main] DEBUG karate.org.apache.http.wire - http-outgoing-1 << "            --oxd-secondary-four-alpha-10-color:rgba(118, 188, 33, 0.1);[\n]"
13:20:46.416 [main] DEBUG karate.org.apache.http.wire - http-outgoing-1 << "            --oxd-secondary-four-alpha-15-color:rgba(118, 188, 33, 0.15);[\n]"
13:20:46.416 [main] DEBUG karate.org.apache.http.wire - http-outgoing-1 << "            --oxd-secondary-four-alpha-20-color:rgba(118, 188, 33, 0.2);[\n]"
13:20:46.416 [main] DEBUG karate.org.apache.http.wire - http-outgoing-1 << "            --oxd-secondary-four-alpha-50-color:rgba(118, 188, 33, 0.5);[\n]"
13:20:46.416 [main] DEBUG karate.org.apache.http.wire - http-outgoing-1 << "        }[\n]"
13:20:46.416 [main] DEBUG karate.org.apache.http.wire - http-outgoing-1 << "  </style>[\n]"
13:20:46.416 [main] DEBUG karate.org.apache.http.wire - http-outgoing-1 << "    <noscript>[\n]"
13:20:46.416 [main] DEBUG karate.org.apache.http.wire - http-outgoing-1 << "        <strong>[\n]"
13:20:46.416 [main] DEBUG karate.org.apache.http.wire - http-outgoing-1 << "            We're sorry but orangehrm doesn't work properly without JavaScript enabled. Please enable it to continue.[\n]"
13:20:46.416 [main] DEBUG karate.org.apache.http.wire - http-outgoing-1 << "        </strong>[\n]"
13:20:46.416 [main] DEBUG karate.org.apache.http.wire - http-outgoing-1 << "    </noscript>[\n]"
13:20:46.416 [main] DEBUG karate.org.apache.http.wire - http-outgoing-1 << "[\n]"
13:20:46.416 [main] DEBUG karate.org.apache.http.wire - http-outgoing-1 << "    <div id="app">[\n]"
13:20:46.416 [main] DEBUG karate.org.apache.http.wire - http-outgoing-1 << "    <auth-login[\n]"
13:20:46.416 [main] DEBUG karate.org.apache.http.wire - http-outgoing-1 << "            :error="{&quot;error&quot;:&quot;invalid_csrf_token&quot;,&quot;message&quot;:&quot;CSRF token validation failed&quot;}"[\n]"
13:20:46.417 [main] DEBUG karate.org.apache.http.wire - http-outgoing-1 << "            :token="&quot;4e85b348a0.CSPURLdb-8M9siuzdqBkyfd8S6EE4SGgaZgO8t1hiTc.SEiuBeIPmbZ4627KOf8pusNFKPQ9t2n1B8pkuLIg0Bpkcpwpgi6tqnjoGw&quot;"[\n]"
13:20:46.417 [main] DEBUG karate.org.apache.http.wire - http-outgoing-1 << "            :login-logo-src="&quot;\/web\/images\/ohrm_logo.png&quot;"[\n]"
13:20:46.417 [main] DEBUG karate.org.apache.http.wire - http-outgoing-1 << "            :login-banner-src="&quot;\/web\/images\/ohrm_branding.png?v=1763650546848&quot;"[\n]"
13:20:46.417 [main] DEBUG karate.org.apache.http.wire - http-outgoing-1 << "            :show-social-media="true"[\n]"
13:20:46.417 [main] DEBUG karate.org.apache.http.wire - http-outgoing-1 << "            :is-demo-mode="true"[\n]"
13:20:46.417 [main] DEBUG karate.org.apache.http.wire - http-outgoing-1 << "            :authenticators="[]"[\n]"
13:20:46.417 [main] DEBUG karate.org.apache.http.wire - http-outgoing-1 << "        >[\n]"
13:20:46.417 [main] DEBUG karate.org.apache.http.wire - http-outgoing-1 << "    <template v-slot:footer>[\n]"
13:20:46.417 [main] DEBUG karate.org.apache.http.wire - http-outgoing-1 << "        <div class="orangehrm-copyright-wrapper">[\n]"
13:20:46.417 [main] DEBUG karate.org.apache.http.wire - http-outgoing-1 << "            <oxd-text tag="p" class="orangehrm-copyright">OrangeHRM OS 5.8</oxd-text>[\n]"
13:20:46.417 [main] DEBUG karate.org.apache.http.wire - http-outgoing-1 << "<oxd-text tag="p" class="orangehrm-copyright">&copy; 2005 - 2026 <a href="http://www.orangehrm.com" target="_blank">OrangeHRM, Inc</a>. All rights reserved.</oxd-text>[\n]"
13:20:46.417 [main] DEBUG karate.org.apache.http.wire - http-outgoing-1 << "        </div>[\n]"
13:20:46.417 [main] DEBUG karate.org.apache.http.wire - http-outgoing-1 << "    </template>[\n]"
13:20:46.417 [main] DEBUG karate.org.apache.http.wire - http-outgoing-1 << "    </auth-login>[\n]"
13:20:46.417 [main] DEBUG karate.org.apache.http.wire - http-outgoing-1 << "    </div>[\n]"
13:20:46.417 [main] DEBUG karate.org.apache.http.wire - http-outgoing-1 << "    <script type="text/javascript">[\n]"
13:20:46.417 [main] DEBUG karate.org.apache.http.wire - http-outgoing-1 << "        window.appGlobal = {[\n]"
13:20:46.417 [main] DEBUG karate.org.apache.http.wire - http-outgoing-1 << "          baseUrl: "/web/index.php",[\n]"
13:20:46.417 [main] DEBUG karate.org.apache.http.wire - http-outgoing-1 << "          publicPath: "/web",[\n]"
13:20:46.418 [main] DEBUG karate.org.apache.http.wire - http-outgoing-1 << "        };[\n]"
13:20:46.418 [main] DEBUG karate.org.apache.http.wire - http-outgoing-1 << "    </script>[\n]"
13:20:46.418 [main] DEBUG karate.org.apache.http.wire - http-outgoing-1 << "    <script src="/web/dist/js/chunk-vendors.js?v=1763650546848"></script>[\n]"
13:20:46.418 [main] DEBUG karate.org.apache.http.wire - http-outgoing-1 << "    <script src="/web/dist/js/app.js?v=1763650546848"></script>[\n]"
13:20:46.418 [main] DEBUG karate.org.apache.http.wire - http-outgoing-1 << "</body>[\n]"
13:20:46.418 [main] DEBUG karate.org.apache.http.wire - http-outgoing-1 << "</html>[\n]"
13:20:46.418 [main] DEBUG karate.org.apache.http.wire - http-outgoing-1 << "[\r][\n]"
13:20:46.418 [main] DEBUG karate.org.apache.http.wire - http-outgoing-1 << "0[\r][\n]"
13:20:46.418 [main] DEBUG karate.org.apache.http.wire - http-outgoing-1 << "[\r][\n]"
13:20:46.418 [main] DEBUG karate.org.apache.http.headers - http-outgoing-1 << HTTP/1.1 200 OK
13:20:46.418 [main] DEBUG karate.org.apache.http.headers - http-outgoing-1 << Server: nginx
13:20:46.418 [main] DEBUG karate.org.apache.http.headers - http-outgoing-1 << Date: Tue, 10 Mar 2026 05:20:46 GMT
13:20:46.418 [main] DEBUG karate.org.apache.http.headers - http-outgoing-1 << Content-Type: text/html; charset=UTF-8
13:20:46.418 [main] DEBUG karate.org.apache.http.headers - http-outgoing-1 << Transfer-Encoding: chunked
13:20:46.418 [main] DEBUG karate.org.apache.http.headers - http-outgoing-1 << Connection: keep-alive
13:20:46.418 [main] DEBUG karate.org.apache.http.headers - http-outgoing-1 << Cache-Control: no-cache, private
13:20:46.418 [main] DEBUG karate.org.apache.http.headers - http-outgoing-1 << Access-Control-Allow-Origin: in-app-marketing.orangehrm.com
13:20:46.419 [main] DEBUG karate.org.apache.http.impl.execchain.MainClientExec - Connection can be kept alive indefinitely
13:20:46.419 [main] DEBUG karate.org.apache.http.impl.conn.PoolingHttpClientConnectionManager - Connection [id: 1][route: {s}->https://opensource-demo.orangehrmlive.com:443] can be kept alive indefinitely
13:20:46.419 [main] DEBUG karate.org.apache.http.impl.conn.DefaultManagedHttpClientConnection - http-outgoing-1: set socket timeout to 0
13:20:46.419 [main] DEBUG karate.org.apache.http.impl.conn.PoolingHttpClientConnectionManager - Connection released: [id: 1][route: {s}->https://opensource-demo.orangehrmlive.com:443][total available: 1; route allocated: 1 of 5; total allocated: 1 of 10]
13:20:46.419 [main] DEBUG com.intuit.karate - response time in milliseconds: 6598
2 < 200
2 < Server: nginx
2 < Date: Tue, 10 Mar 2026 05:20:46 GMT
2 < Content-Type: text/html; charset=UTF-8
2 < Transfer-Encoding: chunked
2 < Connection: keep-alive
2 < Cache-Control: no-cache, private
2 < Access-Control-Allow-Origin: in-app-marketing.orangehrm.com
2 < Set-Cookie: orangehrm=fumgj35qkcb205paes91ovgjd0; Domain=opensource-demo.orangehrmlive.com; Secure
<!DOCTYPE html>
<html>
<head>
  <meta charset="UTF-8">
  <meta http-equiv="X-UA-Compatible" content="IE=edge">
  <meta name="viewport" content="width=device-width,initial-scale=1">
  <title>OrangeHRM</title>
      <link rel="icon" href="/web/dist/favicon.ico?v=1763650546848">
    <link href="/web/dist/css/chunk-vendors.css?v=1763650546848" rel="preload" as="style">
    <link href="/web/dist/css/app.css?v=1763650546848" rel="preload" as="style">
    <link href="/web/dist/js/chunk-vendors.js?v=1763650546848" rel="preload" as="script">
    <link href="/web/dist/js/app.js?v=1763650546848" rel="preload" as="script">
      <link href="/web/dist/css/chunk-vendors.css?v=1763650546848" rel="stylesheet"/>
    <link href="/web/dist/css/app.css?v=1763650546848" rel="stylesheet"/>
</head>
<body>
  <style>
    :root {
            --oxd-primary-one-color:#FF7B1D;
            --oxd-primary-font-color:#FFFFFF;
            --oxd-secondary-four-color:#76BC21;
            --oxd-secondary-font-color:#FFFFFF;
            --oxd-primary-gradient-start-color:#FF920B;
            --oxd-primary-gradient-end-color:#F35C17;
            --oxd-secondary-gradient-start-color:#FF920B;
            --oxd-secondary-gradient-end-color:#F35C17;
            --oxd-primary-one-lighten-5-color:#ff8a37;
            --oxd-primary-one-lighten-30-color:#ffd4b6;
            --oxd-primary-one-darken-5-color:#ff6c03;
            --oxd-primary-one-alpha-10-color:rgba(255, 123, 29, 0.1);
            --oxd-primary-one-alpha-15-color:rgba(255, 123, 29, 0.15);
            --oxd-primary-one-alpha-20-color:rgba(255, 123, 29, 0.2);
            --oxd-primary-one-alpha-50-color:rgba(255, 123, 29, 0.5);
            --oxd-secondary-four-lighten-5-color:#84d225;
            --oxd-secondary-four-darken-5-color:#68a61d;
            --oxd-secondary-four-alpha-10-color:rgba(118, 188, 33, 0.1);
            --oxd-secondary-four-alpha-15-color:rgba(118, 188, 33, 0.15);
            --oxd-secondary-four-alpha-20-color:rgba(118, 188, 33, 0.2);
            --oxd-secondary-four-alpha-50-color:rgba(118, 188, 33, 0.5);
        }
  </style>
    <noscript>
        <strong>
            We're sorry but orangehrm doesn't work properly without JavaScript enabled. Please enable it to continue.
        </strong>
    </noscript>

    <div id="app">
    <auth-login
            :error="{&quot;error&quot;:&quot;invalid_csrf_token&quot;,&quot;message&quot;:&quot;CSRF token validation failed&quot;}"
            :token="&quot;4e85b348a0.CSPURLdb-8M9siuzdqBkyfd8S6EE4SGgaZgO8t1hiTc.SEiuBeIPmbZ4627KOf8pusNFKPQ9t2n1B8pkuLIg0Bpkcpwpgi6tqnjoGw&quot;"
            :login-logo-src="&quot;\/web\/images\/ohrm_logo.png&quot;"
            :login-banner-src="&quot;\/web\/images\/ohrm_branding.png?v=1763650546848&quot;"
            :show-social-media="true"
            :is-demo-mode="true"
            :authenticators="[]"
        >
    <template v-slot:footer>
        <div class="orangehrm-copyright-wrapper">
            <oxd-text tag="p" class="orangehrm-copyright">OrangeHRM OS 5.8</oxd-text>
<oxd-text tag="p" class="orangehrm-copyright">&copy; 2005 - 2026 <a href="http://www.orangehrm.com" target="_blank">OrangeHRM, Inc</a>. All rights reserved.</oxd-text>
        </div>
    </template>
    </auth-login>
    </div>
    <script type="text/javascript">
        window.appGlobal = {
          baseUrl: "/web/index.php",
          publicPath: "/web",
        };
    </script>
    <script src="/web/dist/js/chunk-vendors.js?v=1763650546848"></script>
    <script src="/web/dist/js/app.js?v=1763650546848"></script>
</body>
</html>

13:20:46.443 [main] INFO com.intuit.karate - [print] <!DOCTYPE html>
<html>
<head>
  <meta charset="UTF-8">
  <meta http-equiv="X-UA-Compatible" content="IE=edge">
  <meta name="viewport" content="width=device-width,initial-scale=1">
  <title>OrangeHRM</title>
      <link rel="icon" href="/web/dist/favicon.ico?v=1763650546848">
    <link href="/web/dist/css/chunk-vendors.css?v=1763650546848" rel="preload" as="style">
    <link href="/web/dist/css/app.css?v=1763650546848" rel="preload" as="style">
    <link href="/web/dist/js/chunk-vendors.js?v=1763650546848" rel="preload" as="script">
    <link href="/web/dist/js/app.js?v=1763650546848" rel="preload" as="script">
      <link href="/web/dist/css/chunk-vendors.css?v=1763650546848" rel="stylesheet"/>
    <link href="/web/dist/css/app.css?v=1763650546848" rel="stylesheet"/>
</head>
<body>
  <style>
    :root {
            --oxd-primary-one-color:#FF7B1D;
            --oxd-primary-font-color:#FFFFFF;
            --oxd-secondary-four-color:#76BC21;
            --oxd-secondary-font-color:#FFFFFF;
            --oxd-primary-gradient-start-color:#FF920B;
            --oxd-primary-gradient-end-color:#F35C17;
            --oxd-secondary-gradient-start-color:#FF920B;
            --oxd-secondary-gradient-end-color:#F35C17;
            --oxd-primary-one-lighten-5-color:#ff8a37;
            --oxd-primary-one-lighten-30-color:#ffd4b6;
            --oxd-primary-one-darken-5-color:#ff6c03;
            --oxd-primary-one-alpha-10-color:rgba(255, 123, 29, 0.1);
            --oxd-primary-one-alpha-15-color:rgba(255, 123, 29, 0.15);
            --oxd-primary-one-alpha-20-color:rgba(255, 123, 29, 0.2);
            --oxd-primary-one-alpha-50-color:rgba(255, 123, 29, 0.5);
            --oxd-secondary-four-lighten-5-color:#84d225;
            --oxd-secondary-four-darken-5-color:#68a61d;
            --oxd-secondary-four-alpha-10-color:rgba(118, 188, 33, 0.1);
            --oxd-secondary-four-alpha-15-color:rgba(118, 188, 33, 0.15);
            --oxd-secondary-four-alpha-20-color:rgba(118, 188, 33, 0.2);
            --oxd-secondary-four-alpha-50-color:rgba(118, 188, 33, 0.5);
        }
  </style>
    <noscript>
        <strong>
            We're sorry but orangehrm doesn't work properly without JavaScript enabled. Please enable it to continue.
        </strong>
    </noscript>

    <div id="app">
    <auth-login
            :error="{&quot;error&quot;:&quot;invalid_csrf_token&quot;,&quot;message&quot;:&quot;CSRF token validation failed&quot;}"
            :token="&quot;4e85b348a0.CSPURLdb-8M9siuzdqBkyfd8S6EE4SGgaZgO8t1hiTc.SEiuBeIPmbZ4627KOf8pusNFKPQ9t2n1B8pkuLIg0Bpkcpwpgi6tqnjoGw&quot;"
            :login-logo-src="&quot;\/web\/images\/ohrm_logo.png&quot;"
            :login-banner-src="&quot;\/web\/images\/ohrm_branding.png?v=1763650546848&quot;"
            :show-social-media="true"
            :is-demo-mode="true"
            :authenticators="[]"
        >
    <template v-slot:footer>
        <div class="orangehrm-copyright-wrapper">
            <oxd-text tag="p" class="orangehrm-copyright">OrangeHRM OS 5.8</oxd-text>
<oxd-text tag="p" class="orangehrm-copyright">&copy; 2005 - 2026 <a href="http://www.orangehrm.com" target="_blank">OrangeHRM, Inc</a>. All rights reserved.</oxd-text>
        </div>
    </template>
    </auth-login>
    </div>
    <script type="text/javascript">
        window.appGlobal = {
          baseUrl: "/web/index.php",
          publicPath: "/web",
        };
    </script>
    <script src="/web/dist/js/chunk-vendors.js?v=1763650546848"></script>
    <script src="/web/dist/js/app.js?v=1763650546848"></script>
</body>
</html>
 
13:20:46.475 [main] DEBUG karate.org.thymeleaf.TemplateEngine - [THYMELEAF] INITIALIZING TEMPLATE ENGINE
13:20:46.735 [main] DEBUG karate.org.thymeleaf.TemplateEngine.CONFIG - Initializing Thymeleaf Template engine configuration...
[THYMELEAF] TEMPLATE ENGINE CONFIGURATION:
[THYMELEAF] * Thymeleaf version: 3.0.12.RELEASE (built 2020-12-21T00:26:28+0000)
[THYMELEAF] * Cache Manager implementation: karate.org.thymeleaf.cache.StandardCacheManager
[THYMELEAF] * Template resolvers:
[THYMELEAF]     * [0] com.intuit.karate.template.ResourceHtmlTemplateResolver
[THYMELEAF] * Message resolvers:
[THYMELEAF]     * karate.org.thymeleaf.messageresolver.StandardMessageResolver
[THYMELEAF] * Link builders:
[THYMELEAF]     * karate.org.thymeleaf.linkbuilder.StandardLinkBuilder
[THYMELEAF] * Dialect [1 of 2]: Standard (com.intuit.karate.template.KarateStandardDialect)
[THYMELEAF]     * Prefix: "th"
[THYMELEAF]     * Processors for Template Mode: HTML
[THYMELEAF]         * Element Tag Processors by [matching element and attribute name] [precedence]:
[THYMELEAF]             * [* {th:include,data-th-include}] [100]: karate.org.thymeleaf.standard.processor.StandardIncludeTagProcessor
[THYMELEAF]             * [* {th:insert,data-th-insert}] [100]: karate.org.thymeleaf.standard.processor.StandardInsertTagProcessor
[THYMELEAF]             * [* {th:replace,data-th-replace}] [100]: karate.org.thymeleaf.standard.processor.StandardReplaceTagProcessor
[THYMELEAF]             * [* {th:substituteby,data-th-substituteby}] [100]: karate.org.thymeleaf.standard.processor.StandardSubstituteByTagProcessor
[THYMELEAF]             * [* {th:each,data-th-each}] [200]: com.intuit.karate.template.KarateEachTagProcessor
[THYMELEAF]             * [* {th:each,data-th-each}] [200]: com.intuit.karate.template.KarateEachTagProcessor
[THYMELEAF]             * [* {th:each,data-th-each}] [200]: com.intuit.karate.template.KarateEachTagProcessor
[THYMELEAF]             * [* {th:each,data-th-each}] [200]: com.intuit.karate.template.KarateEachTagProcessor
[THYMELEAF]             * [* {th:each,data-th-each}] [200]: com.intuit.karate.template.KarateEachTagProcessor
[THYMELEAF]             * [* {th:switch,data-th-switch}] [250]: karate.org.thymeleaf.standard.processor.StandardSwitchTagProcessor
[THYMELEAF]             * [* {th:case,data-th-case}] [275]: karate.org.thymeleaf.standard.processor.StandardCaseTagProcessor
[THYMELEAF]             * [* {th:if,data-th-if}] [300]: karate.org.thymeleaf.standard.processor.StandardIfTagProcessor
[THYMELEAF]             * [* {th:unless,data-th-unless}] [400]: karate.org.thymeleaf.standard.processor.StandardUnlessTagProcessor
[THYMELEAF]             * [* {th:object,data-th-object}] [500]: karate.org.thymeleaf.standard.processor.StandardObjectTagProcessor
[THYMELEAF]             * [* {th:with,data-th-with}] [600]: karate.org.thymeleaf.standard.processor.StandardWithTagProcessor
[THYMELEAF]             * [* {th:attr,data-th-attr}] [700]: karate.org.thymeleaf.standard.processor.StandardAttrTagProcessor
[THYMELEAF]             * [* {th:attrprepend,data-th-attrprepend}] [800]: karate.org.thymeleaf.standard.processor.StandardAttrprependTagProcessor
[THYMELEAF]             * [* {th:attrappend,data-th-attrappend}] [900]: karate.org.thymeleaf.standard.processor.StandardAttrappendTagProcessor
[THYMELEAF]             * [* {th:alt-title,data-th-alt-title}] [990]: karate.org.thymeleaf.standard.processor.StandardAltTitleTagProcessor
[THYMELEAF]             * [* {th:lang-xmllang,data-th-lang-xmllang}] [990]: karate.org.thymeleaf.standard.processor.StandardLangXmlLangTagProcessor
[THYMELEAF]             * [* {th:action,data-th-action}] [1000]: karate.org.thymeleaf.standard.processor.StandardActionTagProcessor
[THYMELEAF]             * [* {th:readonly,data-th-readonly}] [1000]: karate.org.thymeleaf.standard.processor.StandardConditionalFixedValueTagProcessor
[THYMELEAF]             * [* {th:multiple,data-th-multiple}] [1000]: karate.org.thymeleaf.standard.processor.StandardConditionalFixedValueTagProcessor
[THYMELEAF]             * [* {th:declare,data-th-declare}] [1000]: karate.org.thymeleaf.standard.processor.StandardConditionalFixedValueTagProcessor
[THYMELEAF]             * [* {th:loop,data-th-loop}] [1000]: karate.org.thymeleaf.standard.processor.StandardConditionalFixedValueTagProcessor
[THYMELEAF]             * [* {th:autofocus,data-th-autofocus}] [1000]: karate.org.thymeleaf.standard.processor.StandardConditionalFixedValueTagProcessor
[THYMELEAF]             * [* {th:async,data-th-async}] [1000]: karate.org.thymeleaf.standard.processor.StandardConditionalFixedValueTagProcessor
[THYMELEAF]             * [* {th:defer,data-th-defer}] [1000]: karate.org.thymeleaf.standard.processor.StandardConditionalFixedValueTagProcessor
[THYMELEAF]             * [* {th:nowrap,data-th-nowrap}] [1000]: karate.org.thymeleaf.standard.processor.StandardConditionalFixedValueTagProcessor
[THYMELEAF]             * [* {th:selected,data-th-selected}] [1000]: karate.org.thymeleaf.standard.processor.StandardConditionalFixedValueTagProcessor
[THYMELEAF]             * [* {th:scoped,data-th-scoped}] [1000]: karate.org.thymeleaf.standard.processor.StandardConditionalFixedValueTagProcessor
[THYMELEAF]             * [* {th:disabled,data-th-disabled}] [1000]: karate.org.thymeleaf.standard.processor.StandardConditionalFixedValueTagProcessor
[THYMELEAF]             * [* {th:seamless,data-th-seamless}] [1000]: karate.org.thymeleaf.standard.processor.StandardConditionalFixedValueTagProcessor
[THYMELEAF]             * [* {th:hidden,data-th-hidden}] [1000]: karate.org.thymeleaf.standard.processor.StandardConditionalFixedValueTagProcessor
[THYMELEAF]             * [* {th:required,data-th-required}] [1000]: karate.org.thymeleaf.standard.processor.StandardConditionalFixedValueTagProcessor
[THYMELEAF]             * [* {th:autoplay,data-th-autoplay}] [1000]: karate.org.thymeleaf.standard.processor.StandardConditionalFixedValueTagProcessor
[THYMELEAF]             * [* {th:novalidate,data-th-novalidate}] [1000]: karate.org.thymeleaf.standard.processor.StandardConditionalFixedValueTagProcessor
[THYMELEAF]             * [* {th:controls,data-th-controls}] [1000]: karate.org.thymeleaf.standard.processor.StandardConditionalFixedValueTagProcessor
[THYMELEAF]             * [* {th:ismap,data-th-ismap}] [1000]: karate.org.thymeleaf.standard.processor.StandardConditionalFixedValueTagProcessor
[THYMELEAF]             * [* {th:reversed,data-th-reversed}] [1000]: karate.org.thymeleaf.standard.processor.StandardConditionalFixedValueTagProcessor
[THYMELEAF]             * [* {th:formnovalidate,data-th-formnovalidate}] [1000]: karate.org.thymeleaf.standard.processor.StandardConditionalFixedValueTagProcessor
[THYMELEAF]             * [* {th:checked,data-th-checked}] [1000]: karate.org.thymeleaf.standard.processor.StandardConditionalFixedValueTagProcessor
[THYMELEAF]             * [* {th:pubdate,data-th-pubdate}] [1000]: karate.org.thymeleaf.standard.processor.StandardConditionalFixedValueTagProcessor
[THYMELEAF]             * [* {th:default,data-th-default}] [1000]: karate.org.thymeleaf.standard.processor.StandardConditionalFixedValueTagProcessor
[THYMELEAF]             * [* {th:open,data-th-open}] [1000]: karate.org.thymeleaf.standard.processor.StandardConditionalFixedValueTagProcessor
[THYMELEAF]             * [* {th:onfocus,data-th-onfocus}] [1000]: karate.org.thymeleaf.standard.processor.StandardDOMEventAttributeTagProcessor
[THYMELEAF]             * [* {th:onforminput,data-th-onforminput}] [1000]: karate.org.thymeleaf.standard.processor.StandardDOMEventAttributeTagProcessor
[THYMELEAF]             * [* {th:onloadedmetadata,data-th-onloadedmetadata}] [1000]: karate.org.thymeleaf.standard.processor.StandardDOMEventAttributeTagProcessor
[THYMELEAF]             * [* {th:onafterprint,data-th-onafterprint}] [1000]: karate.org.thymeleaf.standard.processor.StandardDOMEventAttributeTagProcessor
[THYMELEAF]             * [* {th:onbeforeprint,data-th-onbeforeprint}] [1000]: karate.org.thymeleaf.standard.processor.StandardDOMEventAttributeTagProcessor
[THYMELEAF]             * [* {th:onloadeddata,data-th-onloadeddata}] [1000]: karate.org.thymeleaf.standard.processor.StandardDOMEventAttributeTagProcessor
[THYMELEAF]             * [* {th:onclick,data-th-onclick}] [1000]: karate.org.thymeleaf.standard.processor.StandardDOMEventAttributeTagProcessor
[THYMELEAF]             * [* {th:onshow,data-th-onshow}] [1000]: karate.org.thymeleaf.standard.processor.StandardDOMEventAttributeTagProcessor
[THYMELEAF]             * [* {th:onload,data-th-onload}] [1000]: karate.org.thymeleaf.standard.processor.StandardDOMEventAttributeTagProcessor
[THYMELEAF]             * [* {th:ondrag,data-th-ondrag}] [1000]: karate.org.thymeleaf.standard.processor.StandardDOMEventAttributeTagProcessor
[THYMELEAF]             * [* {th:onmouseup,data-th-onmouseup}] [1000]: karate.org.thymeleaf.standard.processor.StandardDOMEventAttributeTagProcessor
[THYMELEAF]             * [* {th:onseeked,data-th-onseeked}] [1000]: karate.org.thymeleaf.standard.processor.StandardDOMEventAttributeTagProcessor
[THYMELEAF]             * [* {th:onloadstart,data-th-onloadstart}] [1000]: karate.org.thymeleaf.standard.processor.StandardDOMEventAttributeTagProcessor
[THYMELEAF]             * [* {th:onresize,data-th-onresize}] [1000]: karate.org.thymeleaf.standard.processor.StandardDOMEventAttributeTagProcessor
[THYMELEAF]             * [* {th:onmousemove,data-th-onmousemove}] [1000]: karate.org.thymeleaf.standard.processor.StandardDOMEventAttributeTagProcessor
[THYMELEAF]             * [* {th:onredo,data-th-onredo}] [1000]: karate.org.thymeleaf.standard.processor.StandardDOMEventAttributeTagProcessor
[THYMELEAF]             * [* {th:onprogress,data-th-onprogress}] [1000]: karate.org.thymeleaf.standard.processor.StandardDOMEventAttributeTagProcessor
[THYMELEAF]             * [* {th:onplaying,data-th-onplaying}] [1000]: karate.org.thymeleaf.standard.processor.StandardDOMEventAttributeTagProcessor
[THYMELEAF]             * [* {th:oncanplay,data-th-oncanplay}] [1000]: karate.org.thymeleaf.standard.processor.StandardDOMEventAttributeTagProcessor
[THYMELEAF]             * [* {th:oninvalid,data-th-oninvalid}] [1000]: karate.org.thymeleaf.standard.processor.StandardDOMEventAttributeTagProcessor
[THYMELEAF]             * [* {th:onunload,data-th-onunload}] [1000]: karate.org.thymeleaf.standard.processor.StandardDOMEventAttributeTagProcessor
[THYMELEAF]             * [* {th:ondurationchange,data-th-ondurationchange}] [1000]: karate.org.thymeleaf.standard.processor.StandardDOMEventAttributeTagProcessor
[THYMELEAF]             * [* {th:onstalled,data-th-onstalled}] [1000]: karate.org.thymeleaf.standard.processor.StandardDOMEventAttributeTagProcessor
[THYMELEAF]             * [* {th:onended,data-th-onended}] [1000]: karate.org.thymeleaf.standard.processor.StandardDOMEventAttributeTagProcessor
[THYMELEAF]             * [* {th:onblur,data-th-onblur}] [1000]: karate.org.thymeleaf.standard.processor.StandardDOMEventAttributeTagProcessor
[THYMELEAF]             * [* {th:onselect,data-th-onselect}] [1000]: karate.org.thymeleaf.standard.processor.StandardDOMEventAttributeTagProcessor
[THYMELEAF]             * [* {th:onoffline,data-th-onoffline}] [1000]: karate.org.thymeleaf.standard.processor.StandardDOMEventAttributeTagProcessor
[THYMELEAF]             * [* {th:onpopstate,data-th-onpopstate}] [1000]: karate.org.thymeleaf.standard.processor.StandardDOMEventAttributeTagProcessor
[THYMELEAF]             * [* {th:onbeforeunload,data-th-onbeforeunload}] [1000]: karate.org.thymeleaf.standard.processor.StandardDOMEventAttributeTagProcessor
[THYMELEAF]             * [* {th:onchange,data-th-onchange}] [1000]: karate.org.thymeleaf.standard.processor.StandardDOMEventAttributeTagProcessor
[THYMELEAF]             * [* {th:onmouseout,data-th-onmouseout}] [1000]: karate.org.thymeleaf.standard.processor.StandardDOMEventAttributeTagProcessor
[THYMELEAF]             * [* {th:onstorage,data-th-onstorage}] [1000]: karate.org.thymeleaf.standard.processor.StandardDOMEventAttributeTagProcessor
[THYMELEAF]             * [* {th:onsuspend,data-th-onsuspend}] [1000]: karate.org.thymeleaf.standard.processor.StandardDOMEventAttributeTagProcessor
[THYMELEAF]             * [* {th:onerror,data-th-onerror}] [1000]: karate.org.thymeleaf.standard.processor.StandardDOMEventAttributeTagProcessor
[THYMELEAF]             * [* {th:onundo,data-th-onundo}] [1000]: karate.org.thymeleaf.standard.processor.StandardDOMEventAttributeTagProcessor
[THYMELEAF]             * [* {th:onmousedown,data-th-onmousedown}] [1000]: karate.org.thymeleaf.standard.processor.StandardDOMEventAttributeTagProcessor
[THYMELEAF]             * [* {th:onscroll,data-th-onscroll}] [1000]: karate.org.thymeleaf.standard.processor.StandardDOMEventAttributeTagProcessor
[THYMELEAF]             * [* {th:oncanplaythrough,data-th-oncanplaythrough}] [1000]: karate.org.thymeleaf.standard.processor.StandardDOMEventAttributeTagProcessor
[THYMELEAF]             * [* {th:onmouseover,data-th-onmouseover}] [1000]: karate.org.thymeleaf.standard.processor.StandardDOMEventAttributeTagProcessor
[THYMELEAF]             * [* {th:ondblclick,data-th-ondblclick}] [1000]: karate.org.thymeleaf.standard.processor.StandardDOMEventAttributeTagProcessor
[THYMELEAF]             * [* {th:onreadystatechange,data-th-onreadystatechange}] [1000]: karate.org.thymeleaf.standard.processor.StandardDOMEventAttributeTagProcessor
[THYMELEAF]             * [* {th:ontimeupdate,data-th-ontimeupdate}] [1000]: karate.org.thymeleaf.standard.processor.StandardDOMEventAttributeTagProcessor
[THYMELEAF]             * [* {th:onreset,data-th-onreset}] [1000]: karate.org.thymeleaf.standard.processor.StandardDOMEventAttributeTagProcessor
[THYMELEAF]             * [* {th:ondragover,data-th-ondragover}] [1000]: karate.org.thymeleaf.standard.processor.StandardDOMEventAttributeTagProcessor
[THYMELEAF]             * [* {th:ondragenter,data-th-ondragenter}] [1000]: karate.org.thymeleaf.standard.processor.StandardDOMEventAttributeTagProcessor
[THYMELEAF]             * [* {th:onhashchange,data-th-onhashchange}] [1000]: karate.org.thymeleaf.standard.processor.StandardDOMEventAttributeTagProcessor
[THYMELEAF]             * [* {th:onmousewheel,data-th-onmousewheel}] [1000]: karate.org.thymeleaf.standard.processor.StandardDOMEventAttributeTagProcessor
[THYMELEAF]             * [* {th:onemptied,data-th-onemptied}] [1000]: karate.org.thymeleaf.standard.processor.StandardDOMEventAttributeTagProcessor
[THYMELEAF]             * [* {th:ononline,data-th-ononline}] [1000]: karate.org.thymeleaf.standard.processor.StandardDOMEventAttributeTagProcessor
[THYMELEAF]             * [* {th:onvolumechange,data-th-onvolumechange}] [1000]: karate.org.thymeleaf.standard.processor.StandardDOMEventAttributeTagProcessor
[THYMELEAF]             * [* {th:onsubmit,data-th-onsubmit}] [1000]: karate.org.thymeleaf.standard.processor.StandardDOMEventAttributeTagProcessor
[THYMELEAF]             * [* {th:oncontextmenu,data-th-oncontextmenu}] [1000]: karate.org.thymeleaf.standard.processor.StandardDOMEventAttributeTagProcessor
[...]
[THYMELEAF]             * [* {th:kind,data-th-kind}] [1000]: karate.org.thymeleaf.standard.processor.StandardRemovableAttributeTagProcessor
[THYMELEAF]             * [* {th:id,data-th-id}] [1000]: karate.org.thymeleaf.standard.processor.StandardRemovableAttributeTagProcessor
[THYMELEAF]             * [* {th:content,data-th-content}] [1000]: karate.org.thymeleaf.standard.processor.StandardRemovableAttributeTagProcessor
[THYMELEAF]             * [* {th:challenge,data-th-challenge}] [1000]: karate.org.thymeleaf.standard.processor.StandardRemovableAttributeTagProcessor
[THYMELEAF]             * [* {th:rules,data-th-rules}] [1000]: karate.org.thymeleaf.standard.processor.StandardRemovableAttributeTagProcessor
[THYMELEAF]             * [* {th:min,data-th-min}] [1000]: karate.org.thymeleaf.standard.processor.StandardRemovableAttributeTagProcessor
[THYMELEAF]             * [* {th:start,data-th-start}] [1000]: karate.org.thymeleaf.standard.processor.StandardRemovableAttributeTagProcessor
[THYMELEAF]             * [* {th:pattern,data-th-pattern}] [1000]: karate.org.thymeleaf.standard.processor.StandardRemovableAttributeTagProcessor
[THYMELEAF]             * [* {th:dir,data-th-dir}] [1000]: karate.org.thymeleaf.standard.processor.StandardRemovableAttributeTagProcessor
[THYMELEAF]             * [* {th:formmethod,data-th-formmethod}] [1000]: karate.org.thymeleaf.standard.processor.StandardRemovableAttributeTagProcessor
[THYMELEAF]             * [* {th:compact,data-th-compact}] [1000]: karate.org.thymeleaf.standard.processor.StandardRemovableAttributeTagProcessor
[THYMELEAF]             * [* {th:radiogroup,data-th-radiogroup}] [1000]: karate.org.thymeleaf.standard.processor.StandardRemovableAttributeTagProcessor
[THYMELEAF]             * [* {th:formaction,data-th-formaction}] [1000]: karate.org.thymeleaf.standard.processor.StandardRemovableAttributeTagProcessor
[THYMELEAF]             * [* {th:form,data-th-form}] [1000]: karate.org.thymeleaf.standard.processor.StandardRemovableAttributeTagProcessor
[THYMELEAF]             * [* {th:label,data-th-label}] [1000]: karate.org.thymeleaf.standard.processor.StandardRemovableAttributeTagProcessor
[THYMELEAF]             * [* {th:audio,data-th-audio}] [1000]: karate.org.thymeleaf.standard.processor.StandardRemovableAttributeTagProcessor
[THYMELEAF]             * [* {th:charset,data-th-charset}] [1000]: karate.org.thymeleaf.standard.processor.StandardRemovableAttributeTagProcessor
[THYMELEAF]             * [* {th:archive,data-th-archive}] [1000]: karate.org.thymeleaf.standard.processor.StandardRemovableAttributeTagProcessor
[THYMELEAF]             * [* {th:align,data-th-align}] [1000]: karate.org.thymeleaf.standard.processor.StandardRemovableAttributeTagProcessor
[THYMELEAF]             * [* {th:scrolling,data-th-scrolling}] [1000]: karate.org.thymeleaf.standard.processor.StandardRemovableAttributeTagProcessor
[THYMELEAF]             * [* {th:high,data-th-high}] [1000]: karate.org.thymeleaf.standard.processor.StandardRemovableAttributeTagProcessor
[THYMELEAF]             * [* {th:placeholder,data-th-placeholder}] [1000]: karate.org.thymeleaf.standard.processor.StandardRemovableAttributeTagProcessor
[THYMELEAF]             * [* {th:step,data-th-step}] [1000]: karate.org.thymeleaf.standard.processor.StandardRemovableAttributeTagProcessor
[THYMELEAF]             * [* {th:icon,data-th-icon}] [1000]: karate.org.thymeleaf.standard.processor.StandardRemovableAttributeTagProcessor
[THYMELEAF]             * [* {th:hspace,data-th-hspace}] [1000]: karate.org.thymeleaf.standard.processor.StandardRemovableAttributeTagProcessor
[THYMELEAF]             * [* {th:accept,data-th-accept}] [1000]: karate.org.thymeleaf.standard.processor.StandardRemovableAttributeTagProcessor
[THYMELEAF]             * [* {th:scope,data-th-scope}] [1000]: karate.org.thymeleaf.standard.processor.StandardRemovableAttributeTagProcessor
[THYMELEAF]             * [* {th:hreflang,data-th-hreflang}] [1000]: karate.org.thymeleaf.standard.processor.StandardRemovableAttributeTagProcessor
[THYMELEAF]             * [* {th:title,data-th-title}] [1000]: karate.org.thymeleaf.standard.processor.StandardRemovableAttributeTagProcessor
[THYMELEAF]             * [* {th:marginwidth,data-th-marginwidth}] [1000]: karate.org.thymeleaf.standard.processor.StandardRemovableAttributeTagProcessor
[THYMELEAF]             * [* {th:cellspacing,data-th-cellspacing}] [1000]: karate.org.thymeleaf.standard.processor.StandardRemovableAttributeTagProcessor
[THYMELEAF]             * [* {th:scheme,data-th-scheme}] [1000]: karate.org.thymeleaf.standard.processor.StandardRemovableAttributeTagProcessor
[THYMELEAF]             * [* {th:formenctype,data-th-formenctype}] [1000]: karate.org.thymeleaf.standard.processor.StandardRemovableAttributeTagProcessor
[THYMELEAF]             * [* {th:span,data-th-span}] [1000]: karate.org.thymeleaf.standard.processor.StandardRemovableAttributeTagProcessor
[THYMELEAF]             * [* {th:draggable,data-th-draggable}] [1000]: karate.org.thymeleaf.standard.processor.StandardRemovableAttributeTagProcessor
[THYMELEAF]             * [* {th:src,data-th-src}] [1000]: karate.org.thymeleaf.standard.processor.StandardSrcTagProcessor
[THYMELEAF]             * [* {th:value,data-th-value}] [1000]: karate.org.thymeleaf.standard.processor.StandardValueTagProcessor
[THYMELEAF]             * [* {th:xmlbase,data-th-xmlbase}] [1000]: karate.org.thymeleaf.standard.processor.StandardXmlBaseTagProcessor
[THYMELEAF]             * [* {th:xmllang,data-th-xmllang}] [1000]: karate.org.thymeleaf.standard.processor.StandardXmlLangTagProcessor
[THYMELEAF]             * [* {xmlns:th}] [1000]: karate.org.thymeleaf.standard.processor.StandardXmlNsTagProcessor
[THYMELEAF]             * [* {th:xmlspace,data-th-xmlspace}] [1000]: karate.org.thymeleaf.standard.processor.StandardXmlSpaceTagProcessor
[THYMELEAF]             * [* {th:classappend,data-th-classappend}] [1100]: karate.org.thymeleaf.standard.processor.StandardClassappendTagProcessor
[THYMELEAF]             * [* {th:styleappend,data-th-styleappend}] [1100]: karate.org.thymeleaf.standard.processor.StandardStyleappendTagProcessor
[THYMELEAF]             * [* {th:text,data-th-text}] [1300]: karate.org.thymeleaf.standard.processor.StandardTextTagProcessor
[THYMELEAF]             * [* {th:utext,data-th-utext}] [1400]: karate.org.thymeleaf.standard.processor.StandardUtextTagProcessor
[THYMELEAF]             * [* {th:fragment,data-th-fragment}] [1500]: karate.org.thymeleaf.standard.processor.StandardFragmentTagProcessor
[THYMELEAF]             * [* {th:assert,data-th-assert}] [1550]: karate.org.thymeleaf.standard.processor.StandardAssertTagProcessor
[THYMELEAF]             * [* {th:remove,data-th-remove}] [1600]: karate.org.thymeleaf.standard.processor.StandardRemoveTagProcessor
[THYMELEAF]             * [* {th:ref,data-th-ref}] [10000]: karate.org.thymeleaf.standard.processor.StandardRefAttributeTagProcessor
[THYMELEAF]             * [{th:block,th-block} *] [100000]: karate.org.thymeleaf.standard.processor.StandardBlockTagProcessor
[THYMELEAF]             * [* th:*] [2147483647]: karate.org.thymeleaf.standard.processor.StandardDefaultAttributesTagProcessor
[THYMELEAF]         * Text Processors by [precedence]:
[THYMELEAF]             * [1000]: karate.org.thymeleaf.standard.processor.StandardInliningTextProcessor
[THYMELEAF]         * DOCTYPE Processors by [precedence]:
[THYMELEAF]             * [1000]: karate.org.thymeleaf.standard.processor.StandardTranslationDocTypeProcessor
[THYMELEAF]         * CDATA Section Processors by [precedence]:
[THYMELEAF]             * [1000]: karate.org.thymeleaf.standard.processor.StandardInliningCDATASectionProcessor
[THYMELEAF]         * Comment Processors by [precedence]:
[THYMELEAF]             * [1000]: karate.org.thymeleaf.standard.processor.StandardInliningCommentProcessor
[THYMELEAF]             * [1100]: karate.org.thymeleaf.standard.processor.StandardConditionalCommentProcessor
[THYMELEAF]     * Processors for Template Mode: XML
[THYMELEAF]         * Element Tag Processors by [matching element and attribute name] [precedence]:
[THYMELEAF]             * [* {th:include}] [100]: karate.org.thymeleaf.standard.processor.StandardIncludeTagProcessor
[THYMELEAF]             * [* {th:insert}] [100]: karate.org.thymeleaf.standard.processor.StandardInsertTagProcessor
[THYMELEAF]             * [* {th:replace}] [100]: karate.org.thymeleaf.standard.processor.StandardReplaceTagProcessor
[THYMELEAF]             * [* {th:substituteby}] [100]: karate.org.thymeleaf.standard.processor.StandardSubstituteByTagProcessor
[THYMELEAF]             * [* {th:switch}] [250]: karate.org.thymeleaf.standard.processor.StandardSwitchTagProcessor
[THYMELEAF]             * [* {th:case}] [275]: karate.org.thymeleaf.standard.processor.StandardCaseTagProcessor
[THYMELEAF]             * [* {th:if}] [300]: karate.org.thymeleaf.standard.processor.StandardIfTagProcessor
[THYMELEAF]             * [* {th:unless}] [400]: karate.org.thymeleaf.standard.processor.StandardUnlessTagProcessor
[THYMELEAF]             * [* {th:object}] [500]: karate.org.thymeleaf.standard.processor.StandardObjectTagProcessor
[THYMELEAF]             * [* {th:with}] [600]: karate.org.thymeleaf.standard.processor.StandardWithTagProcessor
[THYMELEAF]             * [* {th:attr}] [700]: karate.org.thymeleaf.standard.processor.StandardAttrTagProcessor
[THYMELEAF]             * [* {th:attrprepend}] [800]: karate.org.thymeleaf.standard.processor.StandardAttrprependTagProcessor
[THYMELEAF]             * [* {th:attrappend}] [900]: karate.org.thymeleaf.standard.processor.StandardAttrappendTagProcessor
[THYMELEAF]             * [* {th:inline}] [1000]: karate.org.thymeleaf.standard.processor.StandardInlineXMLTagProcessor
[THYMELEAF]             * [* {xmlns:th}] [1000]: karate.org.thymeleaf.standard.processor.StandardXmlNsTagProcessor
[THYMELEAF]             * [* {th:text}] [1300]: karate.org.thymeleaf.standard.processor.StandardTextTagProcessor
[THYMELEAF]             * [* {th:utext}] [1400]: karate.org.thymeleaf.standard.processor.StandardUtextTagProcessor
[THYMELEAF]             * [* {th:fragment}] [1500]: karate.org.thymeleaf.standard.processor.StandardFragmentTagProcessor
[THYMELEAF]             * [* {th:assert}] [1550]: karate.org.thymeleaf.standard.processor.StandardAssertTagProcessor
[THYMELEAF]             * [* {th:remove}] [1600]: karate.org.thymeleaf.standard.processor.StandardRemoveTagProcessor
[THYMELEAF]             * [* {th:ref}] [10000]: karate.org.thymeleaf.standard.processor.StandardRefAttributeTagProcessor
[THYMELEAF]             * [{th:block} *] [100000]: karate.org.thymeleaf.standard.processor.StandardBlockTagProcessor
[THYMELEAF]             * [* th:*] [2147483647]: karate.org.thymeleaf.standard.processor.StandardDefaultAttributesTagProcessor
[THYMELEAF]         * Text Processors by [precedence]:
[THYMELEAF]             * [1000]: karate.org.thymeleaf.standard.processor.StandardInliningTextProcessor
[THYMELEAF]         * CDATA Section Processors by [precedence]:
[THYMELEAF]             * [1000]: karate.org.thymeleaf.standard.processor.StandardInliningCDATASectionProcessor
[THYMELEAF]         * Comment Processors by [precedence]:
[THYMELEAF]             * [1000]: karate.org.thymeleaf.standard.processor.StandardInliningCommentProcessor
[THYMELEAF]     * Processors for Template Mode: TEXT
[THYMELEAF]         * Element Tag Processors by [matching element and attribute name] [precedence]:
[THYMELEAF]             * [* {th:insert}] [100]: karate.org.thymeleaf.standard.processor.StandardInsertTagProcessor
[THYMELEAF]             * [* {th:replace}] [100]: karate.org.thymeleaf.standard.processor.StandardReplaceTagProcessor
[THYMELEAF]             * [* {th:switch}] [250]: karate.org.thymeleaf.standard.processor.StandardSwitchTagProcessor
[THYMELEAF]             * [* {th:case}] [275]: karate.org.thymeleaf.standard.processor.StandardCaseTagProcessor
[THYMELEAF]             * [* {th:if}] [300]: karate.org.thymeleaf.standard.processor.StandardIfTagProcessor
[THYMELEAF]             * [* {th:unless}] [400]: karate.org.thymeleaf.standard.processor.StandardUnlessTagProcessor
[THYMELEAF]             * [* {th:object}] [500]: karate.org.thymeleaf.standard.processor.StandardObjectTagProcessor
[THYMELEAF]             * [* {th:with}] [600]: karate.org.thymeleaf.standard.processor.StandardWithTagProcessor
[THYMELEAF]             * [* {th:inline}] [1000]: karate.org.thymeleaf.standard.processor.StandardInlineTextualTagProcessor
[THYMELEAF]             * [* {th:text}] [1300]: karate.org.thymeleaf.standard.processor.StandardTextTagProcessor
[THYMELEAF]             * [* {th:utext}] [1400]: karate.org.thymeleaf.standard.processor.StandardUtextTagProcessor
[THYMELEAF]             * [* {th:assert}] [1550]: karate.org.thymeleaf.standard.processor.StandardAssertTagProcessor
[THYMELEAF]             * [* {th:remove}] [1600]: karate.org.thymeleaf.standard.processor.StandardRemoveTagProcessor
[THYMELEAF]             * [{th:block} *] [100000]: karate.org.thymeleaf.standard.processor.StandardBlockTagProcessor
[THYMELEAF]             * [* 100000] [karate.org.thymeleaf.standard.processor.StandardBlockTagProcessor]: {}
[THYMELEAF]         * Text Processors by [precedence]:
[THYMELEAF]             * [1000]: karate.org.thymeleaf.standard.processor.StandardInliningTextProcessor
[THYMELEAF]     * Processors for Template Mode: JAVASCRIPT
[THYMELEAF]         * Element Tag Processors by [matching element and attribute name] [precedence]:
[THYMELEAF]             * [* {th:insert}] [100]: karate.org.thymeleaf.standard.processor.StandardInsertTagProcessor
[THYMELEAF]             * [* {th:replace}] [100]: karate.org.thymeleaf.standard.processor.StandardReplaceTagProcessor
[THYMELEAF]             * [* {th:switch}] [250]: karate.org.thymeleaf.standard.processor.StandardSwitchTagProcessor
[THYMELEAF]             * [* {th:case}] [275]: karate.org.thymeleaf.standard.processor.StandardCaseTagProcessor
[THYMELEAF]             * [* {th:if}] [300]: karate.org.thymeleaf.standard.processor.StandardIfTagProcessor
[THYMELEAF]             * [* {th:unless}] [400]: karate.org.thymeleaf.standard.processor.StandardUnlessTagProcessor
[THYMELEAF]             * [* {th:object}] [500]: karate.org.thymeleaf.standard.processor.StandardObjectTagProcessor
[THYMELEAF]             * [* {th:with}] [600]: karate.org.thymeleaf.standard.processor.StandardWithTagProcessor
[THYMELEAF]             * [* {th:inline}] [1000]: karate.org.thymeleaf.standard.processor.StandardInlineTextualTagProcessor
[THYMELEAF]             * [* {th:text}] [1300]: karate.org.thymeleaf.standard.processor.StandardTextTagProcessor
[THYMELEAF]             * [* {th:utext}] [1400]: karate.org.thymeleaf.standard.processor.StandardUtextTagProcessor
[THYMELEAF]             * [* {th:assert}] [1550]: karate.org.thymeleaf.standard.processor.StandardAssertTagProcessor
[THYMELEAF]             * [* {th:remove}] [1600]: karate.org.thymeleaf.standard.processor.StandardRemoveTagProcessor
[THYMELEAF]             * [* 100000] [karate.org.thymeleaf.standard.processor.StandardBlockTagProcessor]: {}
[THYMELEAF]             * [{th:block} *] [100000]: karate.org.thymeleaf.standard.processor.StandardBlockTagProcessor
[THYMELEAF]         * Text Processors by [precedence]:
[THYMELEAF]             * [1000]: karate.org.thymeleaf.standard.processor.StandardInliningTextProcessor
[THYMELEAF]     * Processors for Template Mode: CSS
[THYMELEAF]         * Element Tag Processors by [matching element and attribute name] [precedence]:
[THYMELEAF]             * [* {th:insert}] [100]: karate.org.thymeleaf.standard.processor.StandardInsertTagProcessor
[THYMELEAF]             * [* {th:replace}] [100]: karate.org.thymeleaf.standard.processor.StandardReplaceTagProcessor
[THYMELEAF]             * [* {th:switch}] [250]: karate.org.thymeleaf.standard.processor.StandardSwitchTagProcessor
[THYMELEAF]             * [* {th:case}] [275]: karate.org.thymeleaf.standard.processor.StandardCaseTagProcessor
[THYMELEAF]             * [* {th:if}] [300]: karate.org.thymeleaf.standard.processor.StandardIfTagProcessor
[THYMELEAF]             * [* {th:unless}] [400]: karate.org.thymeleaf.standard.processor.StandardUnlessTagProcessor
[THYMELEAF]             * [* {th:object}] [500]: karate.org.thymeleaf.standard.processor.StandardObjectTagProcessor
[THYMELEAF]             * [* {th:with}] [600]: karate.org.thymeleaf.standard.processor.StandardWithTagProcessor
[THYMELEAF]             * [* {th:inline}] [1000]: karate.org.thymeleaf.standard.processor.StandardInlineTextualTagProcessor
[THYMELEAF]             * [* {th:text}] [1300]: karate.org.thymeleaf.standard.processor.StandardTextTagProcessor
[THYMELEAF]             * [* {th:utext}] [1400]: karate.org.thymeleaf.standard.processor.StandardUtextTagProcessor
[THYMELEAF]             * [* {th:assert}] [1550]: karate.org.thymeleaf.standard.processor.StandardAssertTagProcessor
[THYMELEAF]             * [* {th:remove}] [1600]: karate.org.thymeleaf.standard.processor.StandardRemoveTagProcessor
[THYMELEAF]             * [* 100000] [karate.org.thymeleaf.standard.processor.StandardBlockTagProcessor]: {}
[THYMELEAF]             * [{th:block} *] [100000]: karate.org.thymeleaf.standard.processor.StandardBlockTagProcessor
[THYMELEAF]         * Text Processors by [precedence]:
[THYMELEAF]             * [1000]: karate.org.thymeleaf.standard.processor.StandardInliningTextProcessor
[THYMELEAF]     * Expression Objects:
[THYMELEAF]         * #ctx
[THYMELEAF]         * #root
[THYMELEAF]         * #vars
[THYMELEAF]         * #object
[THYMELEAF]         * #locale
[THYMELEAF]         * #request
[THYMELEAF]         * #response
[THYMELEAF]         * #session
[THYMELEAF]         * #servletContext
[THYMELEAF]         * #conversions
[THYMELEAF]         * #uris
[THYMELEAF]         * #calendars
[THYMELEAF]         * #dates
[THYMELEAF]         * #bools
[THYMELEAF]         * #numbers
[THYMELEAF]         * #objects
[THYMELEAF]         * #strings
[THYMELEAF]         * #arrays
[THYMELEAF]         * #lists
[THYMELEAF]         * #sets
[THYMELEAF]         * #maps
[THYMELEAF]         * #aggregates
[THYMELEAF]         * #messages
[THYMELEAF]         * #ids
[THYMELEAF]         * #execInfo
[THYMELEAF]         * #httpServletRequest
[THYMELEAF]         * #httpSession
[THYMELEAF]     * Execution Attributes:
[THYMELEAF]         * "StandardExpressionParser": com.intuit.karate.template.KarateStandardDialect@1fac1d5c
[THYMELEAF]         * "StandardJavaScriptSerializer": karate.org.thymeleaf.standard.serializer.StandardJavaScriptSerializer@15c4af7a
[THYMELEAF]         * "StandardCSSSerializer": karate.org.thymeleaf.standard.serializer.StandardCSSSerializer@6cbd0674
[THYMELEAF]         * "StandardVariableExpressionEvaluator": com.intuit.karate.template.KarateStandardDialect@1fac1d5c
[THYMELEAF]         * "StandardConversionService": karate.org.thymeleaf.standard.expression.StandardConversionService@55d58825
[THYMELEAF] * Dialect [2 of 2]: karate (com.intuit.karate.template.KarateScriptDialect)
[THYMELEAF]     * Prefix: "ka"
[THYMELEAF]     * Processors for Template Mode: HTML
[THYMELEAF]         * Element Tag Processors by [matching element and attribute name] [precedence]:
[THYMELEAF]             * [* {ka:src,data-ka-src}] [1000]: com.intuit.karate.template.KaScriptAttrProcessor
[THYMELEAF]         * Element Model Processors by [matching element and attribute name] [precedence]:
[THYMELEAF]             * [{script} {ka:scope,data-ka-scope}] [1000]: com.intuit.karate.template.KaScriptElemProcessor
[THYMELEAF] TEMPLATE ENGINE CONFIGURED OK
13:20:46.735 [main] DEBUG karate.org.thymeleaf.TemplateEngine - [THYMELEAF] TEMPLATE ENGINE INITIALIZED
---------------------------------------------------------
feature: classpath:com/example/karate/OrangeHRM.feature
scenarios:  2 | passed:  1 | failed:  1 | time: 20.5715
---------------------------------------------------------

]]></system-out>
  </testcase>
</testsuite>