<?xml version="1.0" encoding="UTF-8"?>
<testsuite xmlns:xsi="http://www.w3.org/2001/XMLSchema-instance" xsi:noNamespaceSchemaLocation="https://maven.apache.org/surefire/maven-surefire-plugin/xsd/surefire-test-report-3.0.xsd" version="3.0" name="com.example.karate.SampleKarateIT" time="6.136" tests="3" errors="0" skipped="0" failures="0">
  <properties>
[...]
</properties>
  <testcase name="[1:4] Get a post by ID" classname="com/example/karate/karateSample" time="1.693">
    <system-out><![CDATA[18:36:03.543 [main] INFO com.intuit.karate.Runner - using system property 'karate.options': --tags @SMOKE
18:36:05.147 [main] DEBUG karate.org.apache.http.client.protocol.RequestAddCookies - CookieSpec selected: karate
18:36:05.154 [main] DEBUG karate.org.apache.http.client.protocol.RequestAuthCache - Auth cache not set in the context
18:36:05.156 [main] DEBUG com.intuit.karate - request:
1 > GET https://jsonplaceholder.typicode.com/posts/1
1 > Host: jsonplaceholder.typicode.com
1 > Connection: Keep-Alive
1 > User-Agent: Apache-HttpClient/4.5.13 (Java/1.8.0_381)
1 > Accept-Encoding: gzip,deflate


18:36:05.157 [main] DEBUG karate.org.apache.http.impl.conn.PoolingHttpClientConnectionManager - Connection request: [route: {s}->https://jsonplaceholder.typicode.com:443][total available: 0; route allocated: 0 of 5; total allocated: 0 of 10]
18:36:05.167 [main] DEBUG karate.org.apache.http.impl.conn.PoolingHttpClientConnectionManager - Connection leased: [id: 0][route: {s}->https://jsonplaceholder.typicode.com:443][total available: 0; route allocated: 1 of 5; total allocated: 1 of 10]
18:36:05.168 [main] DEBUG karate.org.apache.http.impl.execchain.MainClientExec - Opening connection {s}->https://jsonplaceholder.typicode.com:443
18:36:05.363 [main] DEBUG karate.org.apache.http.impl.conn.DefaultHttpClientConnectionOperator - Connecting to jsonplaceholder.typicode.com/188.114.96.7:443
18:36:05.363 [main] DEBUG karate.org.apache.http.conn.ssl.SSLConnectionSocketFactory - Connecting socket to jsonplaceholder.typicode.com/188.114.96.7:443 with timeout 30000
18:36:05.745 [main] DEBUG karate.org.apache.http.conn.ssl.SSLConnectionSocketFactory - Enabled protocols: [TLSv1.3, TLSv1.2]
18:36:05.745 [main] DEBUG karate.org.apache.http.conn.ssl.SSLConnectionSocketFactory - Enabled cipher suites:[TLS_AES_256_GCM_SHA384, TLS_AES_128_GCM_SHA256, TLS_ECDHE_ECDSA_WITH_AES_256_GCM_SHA384, TLS_ECDHE_ECDSA_WITH_AES_128_GCM_SHA256, TLS_ECDHE_RSA_WITH_AES_256_GCM_SHA384, TLS_ECDHE_RSA_WITH_AES_128_GCM_SHA256, TLS_DHE_RSA_WITH_AES_256_GCM_SHA384, TLS_DHE_DSS_WITH_AES_256_GCM_SHA384, TLS_DHE_RSA_WITH_AES_128_GCM_SHA256, TLS_DHE_DSS_WITH_AES_128_GCM_SHA256, TLS_ECDHE_ECDSA_WITH_AES_256_CBC_SHA384, TLS_ECDHE_RSA_WITH_AES_256_CBC_SHA384, TLS_ECDHE_ECDSA_WITH_AES_128_CBC_SHA256, TLS_ECDHE_RSA_WITH_AES_128_CBC_SHA256, TLS_DHE_RSA_WITH_AES_256_CBC_SHA256, TLS_DHE_DSS_WITH_AES_256_CBC_SHA256, TLS_DHE_RSA_WITH_AES_128_CBC_SHA256, TLS_DHE_DSS_WITH_AES_128_CBC_SHA256, TLS_ECDH_ECDSA_WITH_AES_256_GCM_SHA384, TLS_ECDH_RSA_WITH_AES_256_GCM_SHA384, TLS_ECDH_ECDSA_WITH_AES_128_GCM_SHA256, TLS_ECDH_RSA_WITH_AES_128_GCM_SHA256, TLS_ECDH_ECDSA_WITH_AES_256_CBC_SHA384, TLS_ECDH_RSA_WITH_AES_256_CBC_SHA384, TLS_ECDH_ECDSA_WITH_AES_128_CBC_SHA256, TLS_ECDH_RSA_WITH_AES_128_CBC_SHA256, TLS_ECDHE_ECDSA_WITH_AES_256_CBC_SHA, TLS_ECDHE_RSA_WITH_AES_256_CBC_SHA, TLS_ECDHE_ECDSA_WITH_AES_128_CBC_SHA, TLS_ECDHE_RSA_WITH_AES_128_CBC_SHA, TLS_DHE_RSA_WITH_AES_256_CBC_SHA, TLS_DHE_DSS_WITH_AES_256_CBC_SHA, TLS_DHE_RSA_WITH_AES_128_CBC_SHA, TLS_DHE_DSS_WITH_AES_128_CBC_SHA, TLS_ECDH_ECDSA_WITH_AES_256_CBC_SHA, TLS_ECDH_RSA_WITH_AES_256_CBC_SHA, TLS_ECDH_ECDSA_WITH_AES_128_CBC_SHA, TLS_ECDH_RSA_WITH_AES_128_CBC_SHA, TLS_RSA_WITH_AES_256_GCM_SHA384, TLS_RSA_WITH_AES_128_GCM_SHA256, TLS_RSA_WITH_AES_256_CBC_SHA256, TLS_RSA_WITH_AES_128_CBC_SHA256, TLS_RSA_WITH_AES_256_CBC_SHA, TLS_RSA_WITH_AES_128_CBC_SHA, TLS_EMPTY_RENEGOTIATION_INFO_SCSV]
18:36:05.746 [main] DEBUG karate.org.apache.http.conn.ssl.SSLConnectionSocketFactory - Starting handshake
18:36:06.112 [main] DEBUG karate.org.apache.http.conn.ssl.SSLConnectionSocketFactory - Secure session established
18:36:06.112 [main] DEBUG karate.org.apache.http.conn.ssl.SSLConnectionSocketFactory -  negotiated protocol: TLSv1.3
18:36:06.112 [main] DEBUG karate.org.apache.http.conn.ssl.SSLConnectionSocketFactory -  negotiated cipher suite: TLS_AES_256_GCM_SHA384
18:36:06.112 [main] DEBUG karate.org.apache.http.conn.ssl.SSLConnectionSocketFactory -  peer principal: CN=typicode.com
18:36:06.113 [main] DEBUG karate.org.apache.http.conn.ssl.SSLConnectionSocketFactory -  peer alternative names: [typicode.com, *.typicode.com]
18:36:06.113 [main] DEBUG karate.org.apache.http.conn.ssl.SSLConnectionSocketFactory -  issuer principal: CN=WE1, O=Google Trust Services, C=US
18:36:06.116 [main] DEBUG karate.org.apache.http.impl.conn.DefaultHttpClientConnectionOperator - Connection established 10.5.0.2:62441<->188.114.96.7:443
18:36:06.116 [main] DEBUG karate.org.apache.http.impl.conn.DefaultManagedHttpClientConnection - http-outgoing-0: set socket timeout to 30000
18:36:06.116 [main] DEBUG karate.org.apache.http.impl.execchain.MainClientExec - Executing request GET /posts/1 HTTP/1.1
18:36:06.116 [main] DEBUG karate.org.apache.http.impl.execchain.MainClientExec - Target auth state: UNCHALLENGED
18:36:06.117 [main] DEBUG karate.org.apache.http.impl.execchain.MainClientExec - Proxy auth state: UNCHALLENGED
18:36:06.118 [main] DEBUG karate.org.apache.http.headers - http-outgoing-0 >> GET /posts/1 HTTP/1.1
18:36:06.118 [main] DEBUG karate.org.apache.http.headers - http-outgoing-0 >> Host: jsonplaceholder.typicode.com
18:36:06.118 [main] DEBUG karate.org.apache.http.headers - http-outgoing-0 >> Connection: Keep-Alive
18:36:06.118 [main] DEBUG karate.org.apache.http.headers - http-outgoing-0 >> User-Agent: Apache-HttpClient/4.5.13 (Java/1.8.0_381)
18:36:06.127 [main] DEBUG karate.org.apache.http.headers - http-outgoing-0 >> Accept-Encoding: gzip,deflate
18:36:06.127 [main] DEBUG karate.org.apache.http.wire - http-outgoing-0 >> "GET /posts/1 HTTP/1.1[\r][\n]"
18:36:06.127 [main] DEBUG karate.org.apache.http.wire - http-outgoing-0 >> "Host: jsonplaceholder.typicode.com[\r][\n]"
18:36:06.128 [main] DEBUG karate.org.apache.http.wire - http-outgoing-0 >> "Connection: Keep-Alive[\r][\n]"
18:36:06.128 [main] DEBUG karate.org.apache.http.wire - http-outgoing-0 >> "User-Agent: Apache-HttpClient/4.5.13 (Java/1.8.0_381)[\r][\n]"
18:36:06.128 [main] DEBUG karate.org.apache.http.wire - http-outgoing-0 >> "Accept-Encoding: gzip,deflate[\r][\n]"
18:36:06.128 [main] DEBUG karate.org.apache.http.wire - http-outgoing-0 >> "[\r][\n]"
18:36:06.345 [main] DEBUG karate.org.apache.http.wire - http-outgoing-0 << "HTTP/1.1 200 OK[\r][\n]"
18:36:06.345 [main] DEBUG karate.org.apache.http.wire - http-outgoing-0 << "Date: Tue, 10 Feb 2026 10:36:06 GMT[\r][\n]"
18:36:06.345 [main] DEBUG karate.org.apache.http.wire - http-outgoing-0 << "Content-Type: application/json; charset=utf-8[\r][\n]"
18:36:06.345 [main] DEBUG karate.org.apache.http.wire - http-outgoing-0 << "Transfer-Encoding: chunked[\r][\n]"
18:36:06.345 [main] DEBUG karate.org.apache.http.wire - http-outgoing-0 << "Connection: keep-alive[\r][\n]"
18:36:06.345 [main] DEBUG karate.org.apache.http.wire - http-outgoing-0 << "access-control-allow-credentials: true[\r][\n]"
18:36:06.345 [main] DEBUG karate.org.apache.http.wire - http-outgoing-0 << "Cache-Control: max-age=43200[\r][\n]"
18:36:06.346 [main] DEBUG karate.org.apache.http.wire - http-outgoing-0 << "etag: W/"124-yiKdLzqO5gfBrJFrcdJ8Yq0LGnU"[\r][\n]"
18:36:06.346 [main] DEBUG karate.org.apache.http.wire - http-outgoing-0 << "expires: -1[\r][\n]"
18:36:06.346 [main] DEBUG karate.org.apache.http.wire - http-outgoing-0 << "nel: {"report_to":"heroku-nel","response_headers":["Via"],"max_age":3600,"success_fraction":0.01,"failure_fraction":0.1}[\r][\n]"
18:36:06.346 [main] DEBUG karate.org.apache.http.wire - http-outgoing-0 << "pragma: no-cache[\r][\n]"
18:36:06.346 [main] DEBUG karate.org.apache.http.wire - http-outgoing-0 << "report-to: {"group":"heroku-nel","endpoints":[{"url":"https://nel.heroku.com/reports?s=Xyex8xO4BzCXpCetUO4gPgM3u1cx3xGc4wKXCP6seWs%3D\u0026sid=e11707d5-02a7-43ef-b45e-2cf4d2036f7d\u0026ts=1770700280"}],"max_age":3600}[\r][\n]"
18:36:06.346 [main] DEBUG karate.org.apache.http.wire - http-outgoing-0 << "reporting-endpoints: heroku-nel="https://nel.heroku.com/reports?s=Xyex8xO4BzCXpCetUO4gPgM3u1cx3xGc4wKXCP6seWs%3D&sid=e11707d5-02a7-43ef-b45e-2cf4d2036f7d&ts=1770700280"[\r][\n]"
18:36:06.346 [main] DEBUG karate.org.apache.http.wire - http-outgoing-0 << "Server: cloudflare[\r][\n]"
18:36:06.346 [main] DEBUG karate.org.apache.http.wire - http-outgoing-0 << "vary: Origin, Accept-Encoding[\r][\n]"
18:36:06.346 [main] DEBUG karate.org.apache.http.wire - http-outgoing-0 << "via: 2.0 heroku-router[\r][\n]"
18:36:06.347 [main] DEBUG karate.org.apache.http.wire - http-outgoing-0 << "x-content-type-options: nosniff[\r][\n]"
18:36:06.347 [main] DEBUG karate.org.apache.http.wire - http-outgoing-0 << "x-powered-by: Express[\r][\n]"
18:36:06.347 [main] DEBUG karate.org.apache.http.wire - http-outgoing-0 << "x-ratelimit-limit: 1000[\r][\n]"
18:36:06.347 [main] DEBUG karate.org.apache.http.wire - http-outgoing-0 << "x-ratelimit-remaining: 999[\r][\n]"
18:36:06.347 [main] DEBUG karate.org.apache.http.wire - http-outgoing-0 << "x-ratelimit-reset: 1770700290[\r][\n]"
18:36:06.347 [main] DEBUG karate.org.apache.http.wire - http-outgoing-0 << "Age: 19486[\r][\n]"
18:36:06.347 [main] DEBUG karate.org.apache.http.wire - http-outgoing-0 << "Server-Timing: cfCacheStatus;desc="HIT"[\r][\n]"
18:36:06.347 [main] DEBUG karate.org.apache.http.wire - http-outgoing-0 << "Server-Timing: cfEdge;dur=5,cfOrigin;dur=0[\r][\n]"
18:36:06.347 [main] DEBUG karate.org.apache.http.wire - http-outgoing-0 << "cf-cache-status: HIT[\r][\n]"
18:36:06.347 [main] DEBUG karate.org.apache.http.wire - http-outgoing-0 << "Content-Encoding: gzip[\r][\n]"
18:36:06.347 [main] DEBUG karate.org.apache.http.wire - http-outgoing-0 << "CF-RAY: 9cbaf6ad1ed683a3-MXP[\r][\n]"
18:36:06.347 [main] DEBUG karate.org.apache.http.wire - http-outgoing-0 << "alt-svc: h3=":443"; ma=86400[\r][\n]"
18:36:06.348 [main] DEBUG karate.org.apache.http.wire - http-outgoing-0 << "[\r][\n]"
18:36:06.348 [main] DEBUG karate.org.apache.http.wire - http-outgoing-0 << "cc[\r][\n]"
18:36:06.348 [main] DEBUG karate.org.apache.http.wire - http-outgoing-0 << "[0x1f][0x8b][0x8][0x0][0x0][0x0][0x0][0x0][0x0][0xff]U[0x8f]Aj[0x4]A[0x8]E[0xf7]s[\n]"
18:36:06.348 [main] DEBUG karate.org.apache.http.wire - http-outgoing-0 << "[0xa9][0xf5]l[0xb2][0xcd][\r]r[0x87][0xd9][0x18][0xeb][0x87][0x11][0xba][0xab][0xaa]-[0x1d][0x12]B[0xee][0x1e][0xab]![0x84][0x1][0x91]/[0xfe][0xff][0xd0][0xef][0xb]Q[0x89][0x9]{[0xab][0xe5][0x95]^[0xae]k[0xd4][0xe9][0xea][0x1b]r*3[0x9a][0x13][0x87][0xd3][0x7][0xb][0xc]d[0x18][0xd8]6v[0x1a][0xd6][0x1f]Z[0x91][0xdb].[0xc2][0x10]v%|[\n]"
18:36:06.348 [main] DEBUG karate.org.apache.http.wire - http-outgoing-0 << "[0x86][0x87])[0xf5][0xe1][0xda][0x97][0xd9]pG[0xab]0[0xf5]r[0x82][0xdf]{[0xfd]Z[0xdc]#[0x94][0x9]N3[0xa6][0xe8]P[0xbf][0xb5]?[0x95])[0x89][0xc9][0xad]2Hz[0x9b]"
18:36:06.351 [main] DEBUG karate.org.apache.http.headers - http-outgoing-0 << HTTP/1.1 200 OK
18:36:06.351 [main] DEBUG karate.org.apache.http.headers - http-outgoing-0 << Date: Tue, 10 Feb 2026 10:36:06 GMT
18:36:06.351 [main] DEBUG karate.org.apache.http.headers - http-outgoing-0 << Content-Type: application/json; charset=utf-8
18:36:06.351 [main] DEBUG karate.org.apache.http.headers - http-outgoing-0 << Transfer-Encoding: chunked
18:36:06.351 [main] DEBUG karate.org.apache.http.headers - http-outgoing-0 << Connection: keep-alive
18:36:06.352 [main] DEBUG karate.org.apache.http.headers - http-outgoing-0 << access-control-allow-credentials: true
18:36:06.352 [main] DEBUG karate.org.apache.http.headers - http-outgoing-0 << Cache-Control: max-age=43200
18:36:06.352 [main] DEBUG karate.org.apache.http.headers - http-outgoing-0 << etag: W/"124-yiKdLzqO5gfBrJFrcdJ8Yq0LGnU"
18:36:06.352 [main] DEBUG karate.org.apache.http.headers - http-outgoing-0 << expires: -1
18:36:06.352 [main] DEBUG karate.org.apache.http.headers - http-outgoing-0 << nel: {"report_to":"heroku-nel","response_headers":["Via"],"max_age":3600,"success_fraction":0.01,"failure_fraction":0.1}
18:36:06.352 [main] DEBUG karate.org.apache.http.headers - http-outgoing-0 << pragma: no-cache
18:36:06.352 [main] DEBUG karate.org.apache.http.headers - http-outgoing-0 << report-to: {"group":"heroku-nel","endpoints":[{"url":"https://nel.heroku.com/reports?s=Xyex8xO4BzCXpCetUO4gPgM3u1cx3xGc4wKXCP6seWs%3D\u0026sid=e11707d5-02a7-43ef-b45e-2cf4d2036f7d\u0026ts=1770700280"}],"max_age":3600}
18:36:06.352 [main] DEBUG karate.org.apache.http.headers - http-outgoing-0 << reporting-endpoints: heroku-nel="https://nel.heroku.com/reports?s=Xyex8xO4BzCXpCetUO4gPgM3u1cx3xGc4wKXCP6seWs%3D&sid=e11707d5-02a7-43ef-b45e-2cf4d2036f7d&ts=1770700280"
18:36:06.352 [main] DEBUG karate.org.apache.http.headers - http-outgoing-0 << Server: cloudflare
18:36:06.352 [main] DEBUG karate.org.apache.http.headers - http-outgoing-0 << vary: Origin, Accept-Encoding
18:36:06.352 [main] DEBUG karate.org.apache.http.headers - http-outgoing-0 << via: 2.0 heroku-router
18:36:06.352 [main] DEBUG karate.org.apache.http.headers - http-outgoing-0 << x-content-type-options: nosniff
18:36:06.352 [main] DEBUG karate.org.apache.http.headers - http-outgoing-0 << x-powered-by: Express
18:36:06.352 [main] DEBUG karate.org.apache.http.headers - http-outgoing-0 << x-ratelimit-limit: 1000
18:36:06.352 [main] DEBUG karate.org.apache.http.headers - http-outgoing-0 << x-ratelimit-remaining: 999
18:36:06.352 [main] DEBUG karate.org.apache.http.headers - http-outgoing-0 << x-ratelimit-reset: 1770700290
18:36:06.353 [main] DEBUG karate.org.apache.http.headers - http-outgoing-0 << Age: 19486
18:36:06.353 [main] DEBUG karate.org.apache.http.headers - http-outgoing-0 << Server-Timing: cfCacheStatus;desc="HIT"
18:36:06.353 [main] DEBUG karate.org.apache.http.headers - http-outgoing-0 << Server-Timing: cfEdge;dur=5,cfOrigin;dur=0
18:36:06.353 [main] DEBUG karate.org.apache.http.headers - http-outgoing-0 << cf-cache-status: HIT
18:36:06.353 [main] DEBUG karate.org.apache.http.headers - http-outgoing-0 << Content-Encoding: gzip
18:36:06.353 [main] DEBUG karate.org.apache.http.headers - http-outgoing-0 << CF-RAY: 9cbaf6ad1ed683a3-MXP
18:36:06.353 [main] DEBUG karate.org.apache.http.headers - http-outgoing-0 << alt-svc: h3=":443"; ma=86400
18:36:06.359 [main] DEBUG karate.org.apache.http.impl.execchain.MainClientExec - Connection can be kept alive indefinitely
18:36:06.364 [main] DEBUG karate.org.apache.http.wire - http-outgoing-0 << "8"o[0x8]K[0xfa]@U?c[0x12][0xfb][0xad]=[0xe1]i[0xef][0x1b][0xa6]k[0xa6][0xf2][0xda][0xac]#x[0x92]w[0xe7]t[0xb6]>[0xdd]bO[0xf4][0xea]i[/a[0xa7][0xf3];K[0x81][0x7][0x9a]&[0x97]M[0xee][0xea][0x10][0xef][0xe5][0xf2][0xf3][0xb][0x15][0xc6][0x93][0xe8]$[0x1][0x0][0x0][\r][\n]"
18:36:06.448 [main] DEBUG com.intuit.karate - response time in milliseconds: 1209
1 < 200
1 < Date: Tue, 10 Feb 2026 10:36:06 GMT
1 < Content-Type: application/json; charset=utf-8
1 < Transfer-Encoding: chunked
1 < Connection: keep-alive
1 < access-control-allow-credentials: true
1 < Cache-Control: max-age=43200
1 < etag: W/"124-yiKdLzqO5gfBrJFrcdJ8Yq0LGnU"
1 < expires: -1
1 < nel: {"report_to":"heroku-nel","response_headers":["Via"],"max_age":3600,"success_fraction":0.01,"failure_fraction":0.1}
1 < pragma: no-cache
1 < report-to: {"group":"heroku-nel","endpoints":[{"url":"https://nel.heroku.com/reports?s=Xyex8xO4BzCXpCetUO4gPgM3u1cx3xGc4wKXCP6seWs%3D\u0026sid=e11707d5-02a7-43ef-b45e-2cf4d2036f7d\u0026ts=1770700280"}],"max_age":3600}
1 < reporting-endpoints: heroku-nel="https://nel.heroku.com/reports?s=Xyex8xO4BzCXpCetUO4gPgM3u1cx3xGc4wKXCP6seWs%3D&sid=e11707d5-02a7-43ef-b45e-2cf4d2036f7d&ts=1770700280"
1 < Server: cloudflare
1 < vary: Origin, Accept-Encoding
1 < via: 2.0 heroku-router
1 < x-content-type-options: nosniff
1 < x-powered-by: Express
1 < x-ratelimit-limit: 1000
1 < x-ratelimit-remaining: 999
1 < x-ratelimit-reset: 1770700290
1 < Age: 19486
1 < Server-Timing: cfCacheStatus;desc="HIT"
1 < Server-Timing: cfEdge;dur=5,cfOrigin;dur=0
1 < cf-cache-status: HIT
1 < CF-RAY: 9cbaf6ad1ed683a3-MXP
1 < alt-svc: h3=":443"; ma=86400
{"id":1,"title":"sunt aut facere repellat provident occaecati excepturi optio reprehenderit","body":"quia et suscipit\nsuscipit recusandae consequuntur expedita et cum\nreprehenderit molestiae ut ut quas totam\nnostrum rerum est autem sunt rem eveniet architecto","userId":1}
18:36:06.467 [main] DEBUG com.jayway.jsonpath.internal.path.CompiledPath - Evaluating path: $['id']
]]></system-out>
  </testcase>
  <testcase name="[2:11] Get a post by ID 2" classname="com/example/karate/karateSample" time="0.651">
    <system-out><![CDATA[18:36:06.491 [main] DEBUG karate.org.apache.http.client.protocol.RequestAddCookies - CookieSpec selected: karate
18:36:06.492 [main] DEBUG karate.org.apache.http.client.protocol.RequestAuthCache - Auth cache not set in the context
18:36:06.492 [main] DEBUG com.intuit.karate - request:
1 > GET https://jsonplaceholder.typicode.com/posts/2
1 > Host: jsonplaceholder.typicode.com
1 > Connection: Keep-Alive
1 > User-Agent: Apache-HttpClient/4.5.13 (Java/1.8.0_381)
1 > Accept-Encoding: gzip,deflate


18:36:06.492 [main] DEBUG karate.org.apache.http.impl.conn.PoolingHttpClientConnectionManager - Connection request: [route: {s}->https://jsonplaceholder.typicode.com:443][total available: 0; route allocated: 0 of 5; total allocated: 0 of 10]
18:36:06.492 [main] DEBUG karate.org.apache.http.impl.conn.PoolingHttpClientConnectionManager - Connection leased: [id: 1][route: {s}->https://jsonplaceholder.typicode.com:443][total available: 0; route allocated: 1 of 5; total allocated: 1 of 10]
18:36:06.492 [main] DEBUG karate.org.apache.http.impl.execchain.MainClientExec - Opening connection {s}->https://jsonplaceholder.typicode.com:443
18:36:06.492 [main] DEBUG karate.org.apache.http.impl.conn.DefaultHttpClientConnectionOperator - Connecting to jsonplaceholder.typicode.com/188.114.96.7:443
18:36:06.492 [main] DEBUG karate.org.apache.http.conn.ssl.SSLConnectionSocketFactory - Connecting socket to jsonplaceholder.typicode.com/188.114.96.7:443 with timeout 30000
18:36:06.680 [main] DEBUG karate.org.apache.http.conn.ssl.SSLConnectionSocketFactory - Enabled protocols: [TLSv1.3, TLSv1.2]
18:36:06.680 [main] DEBUG karate.org.apache.http.conn.ssl.SSLConnectionSocketFactory - Enabled cipher suites:[TLS_AES_256_GCM_SHA384, TLS_AES_128_GCM_SHA256, TLS_ECDHE_ECDSA_WITH_AES_256_GCM_SHA384, TLS_ECDHE_ECDSA_WITH_AES_128_GCM_SHA256, TLS_ECDHE_RSA_WITH_AES_256_GCM_SHA384, TLS_ECDHE_RSA_WITH_AES_128_GCM_SHA256, TLS_DHE_RSA_WITH_AES_256_GCM_SHA384, TLS_DHE_DSS_WITH_AES_256_GCM_SHA384, TLS_DHE_RSA_WITH_AES_128_GCM_SHA256, TLS_DHE_DSS_WITH_AES_128_GCM_SHA256, TLS_ECDHE_ECDSA_WITH_AES_256_CBC_SHA384, TLS_ECDHE_RSA_WITH_AES_256_CBC_SHA384, TLS_ECDHE_ECDSA_WITH_AES_128_CBC_SHA256, TLS_ECDHE_RSA_WITH_AES_128_CBC_SHA256, TLS_DHE_RSA_WITH_AES_256_CBC_SHA256, TLS_DHE_DSS_WITH_AES_256_CBC_SHA256, TLS_DHE_RSA_WITH_AES_128_CBC_SHA256, TLS_DHE_DSS_WITH_AES_128_CBC_SHA256, TLS_ECDH_ECDSA_WITH_AES_256_GCM_SHA384, TLS_ECDH_RSA_WITH_AES_256_GCM_SHA384, TLS_ECDH_ECDSA_WITH_AES_128_GCM_SHA256, TLS_ECDH_RSA_WITH_AES_128_GCM_SHA256, TLS_ECDH_ECDSA_WITH_AES_256_CBC_SHA384, TLS_ECDH_RSA_WITH_AES_256_CBC_SHA384, TLS_ECDH_ECDSA_WITH_AES_128_CBC_SHA256, TLS_ECDH_RSA_WITH_AES_128_CBC_SHA256, TLS_ECDHE_ECDSA_WITH_AES_256_CBC_SHA, TLS_ECDHE_RSA_WITH_AES_256_CBC_SHA, TLS_ECDHE_ECDSA_WITH_AES_128_CBC_SHA, TLS_ECDHE_RSA_WITH_AES_128_CBC_SHA, TLS_DHE_RSA_WITH_AES_256_CBC_SHA, TLS_DHE_DSS_WITH_AES_256_CBC_SHA, TLS_DHE_RSA_WITH_AES_128_CBC_SHA, TLS_DHE_DSS_WITH_AES_128_CBC_SHA, TLS_ECDH_ECDSA_WITH_AES_256_CBC_SHA, TLS_ECDH_RSA_WITH_AES_256_CBC_SHA, TLS_ECDH_ECDSA_WITH_AES_128_CBC_SHA, TLS_ECDH_RSA_WITH_AES_128_CBC_SHA, TLS_RSA_WITH_AES_256_GCM_SHA384, TLS_RSA_WITH_AES_128_GCM_SHA256, TLS_RSA_WITH_AES_256_CBC_SHA256, TLS_RSA_WITH_AES_128_CBC_SHA256, TLS_RSA_WITH_AES_256_CBC_SHA, TLS_RSA_WITH_AES_128_CBC_SHA, TLS_EMPTY_RENEGOTIATION_INFO_SCSV]
18:36:06.680 [main] DEBUG karate.org.apache.http.conn.ssl.SSLConnectionSocketFactory - Starting handshake
18:36:06.915 [main] DEBUG karate.org.apache.http.conn.ssl.SSLConnectionSocketFactory - Secure session established
18:36:06.915 [main] DEBUG karate.org.apache.http.conn.ssl.SSLConnectionSocketFactory -  negotiated protocol: TLSv1.3
18:36:06.915 [main] DEBUG karate.org.apache.http.conn.ssl.SSLConnectionSocketFactory -  negotiated cipher suite: TLS_AES_256_GCM_SHA384
18:36:06.915 [main] DEBUG karate.org.apache.http.conn.ssl.SSLConnectionSocketFactory -  peer principal: CN=typicode.com
18:36:06.915 [main] DEBUG karate.org.apache.http.conn.ssl.SSLConnectionSocketFactory -  peer alternative names: [typicode.com, *.typicode.com]
18:36:06.915 [main] DEBUG karate.org.apache.http.conn.ssl.SSLConnectionSocketFactory -  issuer principal: CN=WE1, O=Google Trust Services, C=US
18:36:06.916 [main] DEBUG karate.org.apache.http.impl.conn.DefaultHttpClientConnectionOperator - Connection established 10.5.0.2:62442<->188.114.96.7:443
18:36:06.916 [main] DEBUG karate.org.apache.http.impl.conn.DefaultManagedHttpClientConnection - http-outgoing-1: set socket timeout to 30000
18:36:06.916 [main] DEBUG karate.org.apache.http.impl.execchain.MainClientExec - Executing request GET /posts/2 HTTP/1.1
18:36:06.916 [main] DEBUG karate.org.apache.http.impl.execchain.MainClientExec - Target auth state: UNCHALLENGED
18:36:06.916 [main] DEBUG karate.org.apache.http.impl.execchain.MainClientExec - Proxy auth state: UNCHALLENGED
18:36:06.916 [main] DEBUG karate.org.apache.http.headers - http-outgoing-1 >> GET /posts/2 HTTP/1.1
18:36:06.916 [main] DEBUG karate.org.apache.http.headers - http-outgoing-1 >> Host: jsonplaceholder.typicode.com
18:36:06.916 [main] DEBUG karate.org.apache.http.headers - http-outgoing-1 >> Connection: Keep-Alive
18:36:06.917 [main] DEBUG karate.org.apache.http.headers - http-outgoing-1 >> User-Agent: Apache-HttpClient/4.5.13 (Java/1.8.0_381)
18:36:06.917 [main] DEBUG karate.org.apache.http.headers - http-outgoing-1 >> Accept-Encoding: gzip,deflate
18:36:06.917 [main] DEBUG karate.org.apache.http.wire - http-outgoing-1 >> "GET /posts/2 HTTP/1.1[\r][\n]"
18:36:06.917 [main] DEBUG karate.org.apache.http.wire - http-outgoing-1 >> "Host: jsonplaceholder.typicode.com[\r][\n]"
18:36:06.917 [main] DEBUG karate.org.apache.http.wire - http-outgoing-1 >> "Connection: Keep-Alive[\r][\n]"
18:36:06.917 [main] DEBUG karate.org.apache.http.wire - http-outgoing-1 >> "User-Agent: Apache-HttpClient/4.5.13 (Java/1.8.0_381)[\r][\n]"
18:36:06.917 [main] DEBUG karate.org.apache.http.wire - http-outgoing-1 >> "Accept-Encoding: gzip,deflate[\r][\n]"
18:36:06.917 [main] DEBUG karate.org.apache.http.wire - http-outgoing-1 >> "[\r][\n]"
18:36:07.128 [main] DEBUG karate.org.apache.http.wire - http-outgoing-1 << "HTTP/1.1 200 OK[\r][\n]"
18:36:07.128 [main] DEBUG karate.org.apache.http.wire - http-outgoing-1 << "Date: Tue, 10 Feb 2026 10:36:07 GMT[\r][\n]"
18:36:07.129 [main] DEBUG karate.org.apache.http.wire - http-outgoing-1 << "Content-Type: application/json; charset=utf-8[\r][\n]"
18:36:07.129 [main] DEBUG karate.org.apache.http.wire - http-outgoing-1 << "Transfer-Encoding: chunked[\r][\n]"
18:36:07.129 [main] DEBUG karate.org.apache.http.wire - http-outgoing-1 << "Connection: keep-alive[\r][\n]"
18:36:07.129 [main] DEBUG karate.org.apache.http.wire - http-outgoing-1 << "access-control-allow-credentials: true[\r][\n]"
18:36:07.129 [main] DEBUG karate.org.apache.http.wire - http-outgoing-1 << "Cache-Control: max-age=43200[\r][\n]"
18:36:07.129 [main] DEBUG karate.org.apache.http.wire - http-outgoing-1 << "etag: W/"116-jnDuMpjju89+9j7e0BqkdFsVRjs"[\r][\n]"
18:36:07.129 [main] DEBUG karate.org.apache.http.wire - http-outgoing-1 << "expires: -1[\r][\n]"
18:36:07.129 [main] DEBUG karate.org.apache.http.wire - http-outgoing-1 << "nel: {"report_to":"heroku-nel","response_headers":["Via"],"max_age":3600,"success_fraction":0.01,"failure_fraction":0.1}[\r][\n]"
18:36:07.129 [main] DEBUG karate.org.apache.http.wire - http-outgoing-1 << "pragma: no-cache[\r][\n]"
18:36:07.129 [main] DEBUG karate.org.apache.http.wire - http-outgoing-1 << "report-to: {"group":"heroku-nel","endpoints":[{"url":"https://nel.heroku.com/reports?s=nm9CMxn1x6dQj%2FdOPuHj90%2FxG9Mi7Me20Y6z857mxHw%3D\u0026sid=e11707d5-02a7-43ef-b45e-2cf4d2036f7d\u0026ts=1770563147"}],"max_age":3600}[\r][\n]"
18:36:07.129 [main] DEBUG karate.org.apache.http.wire - http-outgoing-1 << "reporting-endpoints: heroku-nel="https://nel.heroku.com/reports?s=nm9CMxn1x6dQj%2FdOPuHj90%2FxG9Mi7Me20Y6z857mxHw%3D&sid=e11707d5-02a7-43ef-b45e-2cf4d2036f7d&ts=1770563147"[\r][\n]"
18:36:07.129 [main] DEBUG karate.org.apache.http.wire - http-outgoing-1 << "Server: cloudflare[\r][\n]"
18:36:07.129 [main] DEBUG karate.org.apache.http.wire - http-outgoing-1 << "vary: Origin, Accept-Encoding[\r][\n]"
18:36:07.129 [main] DEBUG karate.org.apache.http.wire - http-outgoing-1 << "via: 2.0 heroku-router[\r][\n]"
18:36:07.129 [main] DEBUG karate.org.apache.http.wire - http-outgoing-1 << "x-content-type-options: nosniff[\r][\n]"
18:36:07.129 [main] DEBUG karate.org.apache.http.wire - http-outgoing-1 << "x-powered-by: Express[\r][\n]"
18:36:07.129 [main] DEBUG karate.org.apache.http.wire - http-outgoing-1 << "x-ratelimit-limit: 1000[\r][\n]"
18:36:07.129 [main] DEBUG karate.org.apache.http.wire - http-outgoing-1 << "x-ratelimit-remaining: 876[\r][\n]"
18:36:07.129 [main] DEBUG karate.org.apache.http.wire - http-outgoing-1 << "x-ratelimit-reset: 1770563152[\r][\n]"
18:36:07.129 [main] DEBUG karate.org.apache.http.wire - http-outgoing-1 << "Age: 8270[\r][\n]"
18:36:07.129 [main] DEBUG karate.org.apache.http.wire - http-outgoing-1 << "Server-Timing: cfCacheStatus;desc="HIT"[\r][\n]"
18:36:07.129 [main] DEBUG karate.org.apache.http.wire - http-outgoing-1 << "Server-Timing: cfEdge;dur=5,cfOrigin;dur=0[\r][\n]"
18:36:07.129 [main] DEBUG karate.org.apache.http.wire - http-outgoing-1 << "cf-cache-status: HIT[\r][\n]"
18:36:07.129 [main] DEBUG karate.org.apache.http.wire - http-outgoing-1 << "Content-Encoding: gzip[\r][\n]"
18:36:07.129 [main] DEBUG karate.org.apache.http.wire - http-outgoing-1 << "CF-RAY: 9cbaf6b1ff0fedb6-MXP[\r][\n]"
18:36:07.129 [main] DEBUG karate.org.apache.http.wire - http-outgoing-1 << "alt-svc: h3=":443"; ma=86400[\r][\n]"
18:36:07.129 [main] DEBUG karate.org.apache.http.wire - http-outgoing-1 << "[\r][\n]"
18:36:07.130 [main] DEBUG karate.org.apache.http.headers - http-outgoing-1 << HTTP/1.1 200 OK
18:36:07.130 [main] DEBUG karate.org.apache.http.headers - http-outgoing-1 << Date: Tue, 10 Feb 2026 10:36:07 GMT
18:36:07.130 [main] DEBUG karate.org.apache.http.headers - http-outgoing-1 << Content-Type: application/json; charset=utf-8
18:36:07.130 [main] DEBUG karate.org.apache.http.headers - http-outgoing-1 << Transfer-Encoding: chunked
18:36:07.130 [main] DEBUG karate.org.apache.http.headers - http-outgoing-1 << Connection: keep-alive
18:36:07.130 [main] DEBUG karate.org.apache.http.headers - http-outgoing-1 << access-control-allow-credentials: true
18:36:07.130 [main] DEBUG karate.org.apache.http.headers - http-outgoing-1 << Cache-Control: max-age=43200
18:36:07.130 [main] DEBUG karate.org.apache.http.headers - http-outgoing-1 << etag: W/"116-jnDuMpjju89+9j7e0BqkdFsVRjs"
18:36:07.130 [main] DEBUG karate.org.apache.http.headers - http-outgoing-1 << expires: -1
18:36:07.130 [main] DEBUG karate.org.apache.http.headers - http-outgoing-1 << nel: {"report_to":"heroku-nel","response_headers":["Via"],"max_age":3600,"success_fraction":0.01,"failure_fraction":0.1}
18:36:07.130 [main] DEBUG karate.org.apache.http.headers - http-outgoing-1 << pragma: no-cache
18:36:07.130 [main] DEBUG karate.org.apache.http.headers - http-outgoing-1 << report-to: {"group":"heroku-nel","endpoints":[{"url":"https://nel.heroku.com/reports?s=nm9CMxn1x6dQj%2FdOPuHj90%2FxG9Mi7Me20Y6z857mxHw%3D\u0026sid=e11707d5-02a7-43ef-b45e-2cf4d2036f7d\u0026ts=1770563147"}],"max_age":3600}
18:36:07.130 [main] DEBUG karate.org.apache.http.headers - http-outgoing-1 << reporting-endpoints: heroku-nel="https://nel.heroku.com/reports?s=nm9CMxn1x6dQj%2FdOPuHj90%2FxG9Mi7Me20Y6z857mxHw%3D&sid=e11707d5-02a7-43ef-b45e-2cf4d2036f7d&ts=1770563147"
18:36:07.130 [main] DEBUG karate.org.apache.http.headers - http-outgoing-1 << Server: cloudflare
18:36:07.130 [main] DEBUG karate.org.apache.http.headers - http-outgoing-1 << vary: Origin, Accept-Encoding
18:36:07.130 [main] DEBUG karate.org.apache.http.headers - http-outgoing-1 << via: 2.0 heroku-router
18:36:07.130 [main] DEBUG karate.org.apache.http.headers - http-outgoing-1 << x-content-type-options: nosniff
18:36:07.130 [main] DEBUG karate.org.apache.http.headers - http-outgoing-1 << x-powered-by: Express
18:36:07.130 [main] DEBUG karate.org.apache.http.headers - http-outgoing-1 << x-ratelimit-limit: 1000
18:36:07.130 [main] DEBUG karate.org.apache.http.headers - http-outgoing-1 << x-ratelimit-remaining: 876
18:36:07.130 [main] DEBUG karate.org.apache.http.headers - http-outgoing-1 << x-ratelimit-reset: 1770563152
18:36:07.130 [main] DEBUG karate.org.apache.http.headers - http-outgoing-1 << Age: 8270
18:36:07.130 [main] DEBUG karate.org.apache.http.headers - http-outgoing-1 << Server-Timing: cfCacheStatus;desc="HIT"
18:36:07.130 [main] DEBUG karate.org.apache.http.headers - http-outgoing-1 << Server-Timing: cfEdge;dur=5,cfOrigin;dur=0
18:36:07.130 [main] DEBUG karate.org.apache.http.headers - http-outgoing-1 << cf-cache-status: HIT
18:36:07.130 [main] DEBUG karate.org.apache.http.headers - http-outgoing-1 << Content-Encoding: gzip
18:36:07.130 [main] DEBUG karate.org.apache.http.headers - http-outgoing-1 << CF-RAY: 9cbaf6b1ff0fedb6-MXP
18:36:07.130 [main] DEBUG karate.org.apache.http.headers - http-outgoing-1 << alt-svc: h3=":443"; ma=86400
18:36:07.130 [main] DEBUG karate.org.apache.http.impl.execchain.MainClientExec - Connection can be kept alive indefinitely
18:36:07.131 [main] DEBUG karate.org.apache.http.wire - http-outgoing-1 << "c8[\r][\n]"
18:36:07.131 [main] DEBUG karate.org.apache.http.wire - http-outgoing-1 << "[0x1f][0x8b][0x8][0x0][0x0][0x0][0x0][0x0][0x0][0xff]-N;ND1[0xc][0xec][0xf7][0x14][0xa3][0xd4][0xdb]@[0xc9][\r][0xb8][0xc3]6~[0xc4][0xb0][0x96][0x1c][0xe7][0x11];OBh[0xef][0x8e][0xf3][0xd8]"[0xd2]L<[0xbf][0xdf][0xb]P[0xa6][0xf3]x[0xaf][0xe5][\r]/[0xd7]Ee[0xc1][0xd7][0x13][0x86][0x84]r[0xb2][0xf2]=[0x5][0xec][0x91][0xcf][0xb9][0x9c][0xa7][0xad][0xd7][0x9f]uY[0xbf][0x83][0xc7]l[0x8]n{[0x1f][0x8c]C[0x82][0xf8]f[0xce][0xcb][0xe4]b[0x1][0x93][0xbb]h[0xaa][0xf6][0xc1]w[0xb6][0xca]C[0x2][0xb5]k[0x1f][0xd8][0x98]R[0xc][0xa6][0xce][0xe]K[[0xba]?[0xe7][0x97]P`S[0xb2]*![0xe2]8[0xba][0xce]=([0x18][0xd9]2:[0xe][0xd6]gp[0xeb][0x9a]+$s[0xe6][0xda]"[0x1f][0x92]%[0xe2]7[[0x3]h[0xcf]:j[0xb0]n[0xa8][0xbc]e[0x96]g[0x80][0xbb][0xb4][0xe9]X[0x82][0xb3]0[0x93]<[0xe1]T[0xa5]ry[0xfc][0x1][0xfc]z[0x19][0x92][0x16][0x1][0x0][0x0][\r][\n]"
18:36:07.131 [main] DEBUG com.intuit.karate - response time in milliseconds: 639
1 < 200
1 < Date: Tue, 10 Feb 2026 10:36:07 GMT
1 < Content-Type: application/json; charset=utf-8
1 < Transfer-Encoding: chunked
1 < Connection: keep-alive
1 < access-control-allow-credentials: true
1 < Cache-Control: max-age=43200
1 < etag: W/"116-jnDuMpjju89+9j7e0BqkdFsVRjs"
1 < expires: -1
1 < nel: {"report_to":"heroku-nel","response_headers":["Via"],"max_age":3600,"success_fraction":0.01,"failure_fraction":0.1}
1 < pragma: no-cache
1 < report-to: {"group":"heroku-nel","endpoints":[{"url":"https://nel.heroku.com/reports?s=nm9CMxn1x6dQj%2FdOPuHj90%2FxG9Mi7Me20Y6z857mxHw%3D\u0026sid=e11707d5-02a7-43ef-b45e-2cf4d2036f7d\u0026ts=1770563147"}],"max_age":3600}
1 < reporting-endpoints: heroku-nel="https://nel.heroku.com/reports?s=nm9CMxn1x6dQj%2FdOPuHj90%2FxG9Mi7Me20Y6z857mxHw%3D&sid=e11707d5-02a7-43ef-b45e-2cf4d2036f7d&ts=1770563147"
1 < Server: cloudflare
1 < vary: Origin, Accept-Encoding
1 < via: 2.0 heroku-router
1 < x-content-type-options: nosniff
1 < x-powered-by: Express
1 < x-ratelimit-limit: 1000
1 < x-ratelimit-remaining: 876
1 < x-ratelimit-reset: 1770563152
1 < Age: 8270
1 < Server-Timing: cfCacheStatus;desc="HIT"
1 < Server-Timing: cfEdge;dur=5,cfOrigin;dur=0
1 < cf-cache-status: HIT
1 < CF-RAY: 9cbaf6b1ff0fedb6-MXP
1 < alt-svc: h3=":443"; ma=86400
{"id":2,"title":"qui est esse","body":"est rerum tempore vitae\nsequi sint nihil reprehenderit dolor beatae ea dolores neque\nfugiat blanditiis voluptate porro vel nihil molestiae ut reiciendis\nqui aperiam non debitis possimus qui neque nisi nulla","userId":1}
18:36:07.133 [main] DEBUG com.jayway.jsonpath.internal.path.CompiledPath - Evaluating path: $['id']
]]></system-out>
  </testcase>
  <testcase name="[3:18] POST Karate" classname="com/example/karate/karateSample" time="2.189">
    <system-out><![CDATA[18:36:07.151 [main] DEBUG com.jayway.jsonpath.internal.path.CompiledPath - Evaluating path: $
18:36:07.189 [main] DEBUG karate.io.netty.util.internal.logging.InternalLoggerFactory - Using SLF4J as the default logging framework
18:36:07.190 [main] DEBUG karate.io.netty.util.internal.PlatformDependent - Platform: MacOS
18:36:07.192 [main] DEBUG karate.io.netty.util.internal.PlatformDependent0 - -Dio.netty.noUnsafe: false
18:36:07.192 [main] DEBUG karate.io.netty.util.internal.PlatformDependent0 - Java version: 8
18:36:07.193 [main] DEBUG karate.io.netty.util.internal.PlatformDependent0 - sun.misc.Unsafe.theUnsafe: available
18:36:07.194 [main] DEBUG karate.io.netty.util.internal.PlatformDependent0 - sun.misc.Unsafe.copyMemory: available
18:36:07.194 [main] DEBUG karate.io.netty.util.internal.PlatformDependent0 - java.nio.Buffer.address: available
18:36:07.195 [main] DEBUG karate.io.netty.util.internal.PlatformDependent0 - direct buffer constructor: available
18:36:07.195 [main] DEBUG karate.io.netty.util.internal.PlatformDependent0 - java.nio.Bits.unaligned: available, true
18:36:07.195 [main] DEBUG karate.io.netty.util.internal.PlatformDependent0 - jdk.internal.misc.Unsafe.allocateUninitializedArray(int): unavailable prior to Java9
18:36:07.195 [main] DEBUG karate.io.netty.util.internal.PlatformDependent0 - java.nio.DirectByteBuffer.<init>(long, int): available
18:36:07.196 [main] DEBUG karate.io.netty.util.internal.PlatformDependent - sun.misc.Unsafe: available
18:36:07.196 [main] DEBUG karate.io.netty.util.internal.PlatformDependent - -Dio.netty.tmpdir: /var/folders/3r/d5tvc9cn449dgppvxr29nlcm0000gp/T (java.io.tmpdir)
18:36:07.196 [main] DEBUG karate.io.netty.util.internal.PlatformDependent - -Dio.netty.bitMode: 64 (sun.arch.data.model)
18:36:07.198 [main] DEBUG karate.io.netty.util.internal.PlatformDependent - -Dio.netty.maxDirectMemory: 1908932608 bytes
18:36:07.198 [main] DEBUG karate.io.netty.util.internal.PlatformDependent - -Dio.netty.uninitializedArrayAllocationThreshold: -1
18:36:07.199 [main] DEBUG karate.io.netty.util.internal.CleanerJava6 - java.nio.ByteBuffer.cleaner(): available
18:36:07.199 [main] DEBUG karate.io.netty.util.internal.PlatformDependent - -Dio.netty.noPreferDirect: false
18:36:07.205 [main] DEBUG karate.org.apache.http.client.protocol.RequestAddCookies - CookieSpec selected: karate
18:36:07.205 [main] DEBUG karate.org.apache.http.client.protocol.RequestAuthCache - Auth cache not set in the context
18:36:07.205 [main] DEBUG com.intuit.karate - request:
1 > POST https://httpbin.org/anything
1 > Content-Type: application/json; charset=UTF-8
1 > Content-Length: 19
1 > Host: httpbin.org
1 > Connection: Keep-Alive
1 > User-Agent: Apache-HttpClient/4.5.13 (Java/1.8.0_381)
1 > Accept-Encoding: gzip,deflate
{"myKey":"myValue"}

18:36:07.206 [main] DEBUG karate.org.apache.http.impl.conn.PoolingHttpClientConnectionManager - Connection request: [route: {s}->https://httpbin.org:443][total available: 0; route allocated: 0 of 5; total allocated: 0 of 10]
18:36:07.206 [main] DEBUG karate.org.apache.http.impl.conn.PoolingHttpClientConnectionManager - Connection leased: [id: 2][route: {s}->https://httpbin.org:443][total available: 0; route allocated: 1 of 5; total allocated: 1 of 10]
18:36:07.206 [main] DEBUG karate.org.apache.http.impl.execchain.MainClientExec - Opening connection {s}->https://httpbin.org:443
18:36:07.399 [main] DEBUG karate.org.apache.http.impl.conn.DefaultHttpClientConnectionOperator - Connecting to httpbin.org/3.95.121.17:443
18:36:07.399 [main] DEBUG karate.org.apache.http.conn.ssl.SSLConnectionSocketFactory - Connecting socket to httpbin.org/3.95.121.17:443 with timeout 30000
18:36:07.583 [main] DEBUG karate.org.apache.http.conn.ssl.SSLConnectionSocketFactory - Enabled protocols: [TLSv1.3, TLSv1.2]
18:36:07.583 [main] DEBUG karate.org.apache.http.conn.ssl.SSLConnectionSocketFactory - Enabled cipher suites:[TLS_AES_256_GCM_SHA384, TLS_AES_128_GCM_SHA256, TLS_ECDHE_ECDSA_WITH_AES_256_GCM_SHA384, TLS_ECDHE_ECDSA_WITH_AES_128_GCM_SHA256, TLS_ECDHE_RSA_WITH_AES_256_GCM_SHA384, TLS_ECDHE_RSA_WITH_AES_128_GCM_SHA256, TLS_DHE_RSA_WITH_AES_256_GCM_SHA384, TLS_DHE_DSS_WITH_AES_256_GCM_SHA384, TLS_DHE_RSA_WITH_AES_128_GCM_SHA256, TLS_DHE_DSS_WITH_AES_128_GCM_SHA256, TLS_ECDHE_ECDSA_WITH_AES_256_CBC_SHA384, TLS_ECDHE_RSA_WITH_AES_256_CBC_SHA384, TLS_ECDHE_ECDSA_WITH_AES_128_CBC_SHA256, TLS_ECDHE_RSA_WITH_AES_128_CBC_SHA256, TLS_DHE_RSA_WITH_AES_256_CBC_SHA256, TLS_DHE_DSS_WITH_AES_256_CBC_SHA256, TLS_DHE_RSA_WITH_AES_128_CBC_SHA256, TLS_DHE_DSS_WITH_AES_128_CBC_SHA256, TLS_ECDH_ECDSA_WITH_AES_256_GCM_SHA384, TLS_ECDH_RSA_WITH_AES_256_GCM_SHA384, TLS_ECDH_ECDSA_WITH_AES_128_GCM_SHA256, TLS_ECDH_RSA_WITH_AES_128_GCM_SHA256, TLS_ECDH_ECDSA_WITH_AES_256_CBC_SHA384, TLS_ECDH_RSA_WITH_AES_256_CBC_SHA384, TLS_ECDH_ECDSA_WITH_AES_128_CBC_SHA256, TLS_ECDH_RSA_WITH_AES_128_CBC_SHA256, TLS_ECDHE_ECDSA_WITH_AES_256_CBC_SHA, TLS_ECDHE_RSA_WITH_AES_256_CBC_SHA, TLS_ECDHE_ECDSA_WITH_AES_128_CBC_SHA, TLS_ECDHE_RSA_WITH_AES_128_CBC_SHA, TLS_DHE_RSA_WITH_AES_256_CBC_SHA, TLS_DHE_DSS_WITH_AES_256_CBC_SHA, TLS_DHE_RSA_WITH_AES_128_CBC_SHA, TLS_DHE_DSS_WITH_AES_128_CBC_SHA, TLS_ECDH_ECDSA_WITH_AES_256_CBC_SHA, TLS_ECDH_RSA_WITH_AES_256_CBC_SHA, TLS_ECDH_ECDSA_WITH_AES_128_CBC_SHA, TLS_ECDH_RSA_WITH_AES_128_CBC_SHA, TLS_RSA_WITH_AES_256_GCM_SHA384, TLS_RSA_WITH_AES_128_GCM_SHA256, TLS_RSA_WITH_AES_256_CBC_SHA256, TLS_RSA_WITH_AES_128_CBC_SHA256, TLS_RSA_WITH_AES_256_CBC_SHA, TLS_RSA_WITH_AES_128_CBC_SHA, TLS_EMPTY_RENEGOTIATION_INFO_SCSV]
18:36:07.584 [main] DEBUG karate.org.apache.http.conn.ssl.SSLConnectionSocketFactory - Starting handshake
18:36:08.337 [main] DEBUG karate.org.apache.http.conn.ssl.SSLConnectionSocketFactory - Secure session established
18:36:08.337 [main] DEBUG karate.org.apache.http.conn.ssl.SSLConnectionSocketFactory -  negotiated protocol: TLSv1.2
18:36:08.337 [main] DEBUG karate.org.apache.http.conn.ssl.SSLConnectionSocketFactory -  negotiated cipher suite: TLS_ECDHE_RSA_WITH_AES_128_GCM_SHA256
18:36:08.338 [main] DEBUG karate.org.apache.http.conn.ssl.SSLConnectionSocketFactory -  peer principal: CN=httpbin.org
18:36:08.338 [main] DEBUG karate.org.apache.http.conn.ssl.SSLConnectionSocketFactory -  peer alternative names: [httpbin.org, *.httpbin.org]
18:36:08.338 [main] DEBUG karate.org.apache.http.conn.ssl.SSLConnectionSocketFactory -  issuer principal: CN=Amazon RSA 2048 M03, O=Amazon, C=US
18:36:08.338 [main] DEBUG karate.org.apache.http.impl.conn.DefaultHttpClientConnectionOperator - Connection established 10.5.0.2:62443<->3.95.121.17:443
18:36:08.339 [main] DEBUG karate.org.apache.http.impl.conn.DefaultManagedHttpClientConnection - http-outgoing-2: set socket timeout to 30000
18:36:08.339 [main] DEBUG karate.org.apache.http.impl.execchain.MainClientExec - Executing request POST /anything HTTP/1.1
18:36:08.339 [main] DEBUG karate.org.apache.http.impl.execchain.MainClientExec - Target auth state: UNCHALLENGED
18:36:08.339 [main] DEBUG karate.org.apache.http.impl.execchain.MainClientExec - Proxy auth state: UNCHALLENGED
18:36:08.339 [main] DEBUG karate.org.apache.http.headers - http-outgoing-2 >> POST /anything HTTP/1.1
18:36:08.339 [main] DEBUG karate.org.apache.http.headers - http-outgoing-2 >> Content-Type: application/json; charset=UTF-8
18:36:08.339 [main] DEBUG karate.org.apache.http.headers - http-outgoing-2 >> Content-Length: 19
18:36:08.339 [main] DEBUG karate.org.apache.http.headers - http-outgoing-2 >> Host: httpbin.org
18:36:08.339 [main] DEBUG karate.org.apache.http.headers - http-outgoing-2 >> Connection: Keep-Alive
18:36:08.339 [main] DEBUG karate.org.apache.http.headers - http-outgoing-2 >> User-Agent: Apache-HttpClient/4.5.13 (Java/1.8.0_381)
18:36:08.339 [main] DEBUG karate.org.apache.http.headers - http-outgoing-2 >> Accept-Encoding: gzip,deflate
18:36:08.340 [main] DEBUG karate.org.apache.http.wire - http-outgoing-2 >> "POST /anything HTTP/1.1[\r][\n]"
18:36:08.340 [main] DEBUG karate.org.apache.http.wire - http-outgoing-2 >> "Content-Type: application/json; charset=UTF-8[\r][\n]"
18:36:08.340 [main] DEBUG karate.org.apache.http.wire - http-outgoing-2 >> "Content-Length: 19[\r][\n]"
18:36:08.340 [main] DEBUG karate.org.apache.http.wire - http-outgoing-2 >> "Host: httpbin.org[\r][\n]"
18:36:08.340 [main] DEBUG karate.org.apache.http.wire - http-outgoing-2 >> "Connection: Keep-Alive[\r][\n]"
18:36:08.340 [main] DEBUG karate.org.apache.http.wire - http-outgoing-2 >> "User-Agent: Apache-HttpClient/4.5.13 (Java/1.8.0_381)[\r][\n]"
18:36:08.340 [main] DEBUG karate.org.apache.http.wire - http-outgoing-2 >> "Accept-Encoding: gzip,deflate[\r][\n]"
18:36:08.340 [main] DEBUG karate.org.apache.http.wire - http-outgoing-2 >> "[\r][\n]"
18:36:08.340 [main] DEBUG karate.org.apache.http.wire - http-outgoing-2 >> "{"myKey":"myValue"}"
18:36:08.647 [main] DEBUG karate.org.apache.http.wire - http-outgoing-2 << "HTTP/1.1 200 OK[\r][\n]"
18:36:08.647 [main] DEBUG karate.org.apache.http.wire - http-outgoing-2 << "Date: Tue, 10 Feb 2026 10:36:08 GMT[\r][\n]"
18:36:08.647 [main] DEBUG karate.org.apache.http.wire - http-outgoing-2 << "Content-Type: application/json[\r][\n]"
18:36:08.647 [main] DEBUG karate.org.apache.http.wire - http-outgoing-2 << "Content-Length: 525[\r][\n]"
18:36:08.647 [main] DEBUG karate.org.apache.http.wire - http-outgoing-2 << "Connection: keep-alive[\r][\n]"
18:36:08.647 [main] DEBUG karate.org.apache.http.wire - http-outgoing-2 << "Server: gunicorn/19.9.0[\r][\n]"
18:36:08.647 [main] DEBUG karate.org.apache.http.wire - http-outgoing-2 << "Access-Control-Allow-Origin: *[\r][\n]"
18:36:08.647 [main] DEBUG karate.org.apache.http.wire - http-outgoing-2 << "Access-Control-Allow-Credentials: true[\r][\n]"
18:36:08.648 [main] DEBUG karate.org.apache.http.wire - http-outgoing-2 << "[\r][\n]"
18:36:08.648 [main] DEBUG karate.org.apache.http.wire - http-outgoing-2 << "{[\n]"
18:36:08.648 [main] DEBUG karate.org.apache.http.wire - http-outgoing-2 << "  "args": {}, [\n]"
18:36:08.648 [main] DEBUG karate.org.apache.http.wire - http-outgoing-2 << "  "data": "{\"myKey\":\"myValue\"}", [\n]"
18:36:08.648 [main] DEBUG karate.org.apache.http.wire - http-outgoing-2 << "  "files": {}, [\n]"
18:36:08.648 [main] DEBUG karate.org.apache.http.wire - http-outgoing-2 << "  "form": {}, [\n]"
18:36:08.648 [main] DEBUG karate.org.apache.http.wire - http-outgoing-2 << "  "headers": {[\n]"
18:36:08.648 [main] DEBUG karate.org.apache.http.wire - http-outgoing-2 << "    "Accept-Encoding": "gzip,deflate", [\n]"
18:36:08.648 [main] DEBUG karate.org.apache.http.wire - http-outgoing-2 << "    "Content-Length": "19", [\n]"
18:36:08.648 [main] DEBUG karate.org.apache.http.wire - http-outgoing-2 << "    "Content-Type": "application/json; charset=UTF-8", [\n]"
18:36:08.648 [main] DEBUG karate.org.apache.http.wire - http-outgoing-2 << "    "Host": "httpbin.org", [\n]"
18:36:08.648 [main] DEBUG karate.org.apache.http.wire - http-outgoing-2 << "    "User-Agent": "Apache-HttpClient/4.5.13 (Java/1.8.0_381)", [\n]"
18:36:08.648 [main] DEBUG karate.org.apache.http.wire - http-outgoing-2 << "    "X-Amzn-Trace-Id": "Root=1-698b0a18-24d76f654f3b424d42cc44a9"[\n]"
18:36:08.648 [main] DEBUG karate.org.apache.http.wire - http-outgoing-2 << "  }, [\n]"
18:36:08.649 [main] DEBUG karate.org.apache.http.wire - http-outgoing-2 << "  "json": {[\n]"
18:36:08.649 [main] DEBUG karate.org.apache.http.wire - http-outgoing-2 << "    "myKey": "myValue"[\n]"
18:36:08.649 [main] DEBUG karate.org.apache.http.wire - http-outgoing-2 << "  }, [\n]"
18:36:08.649 [main] DEBUG karate.org.apache.http.wire - http-outgoing-2 << "  "method": "POST", [\n]"
18:36:08.649 [main] DEBUG karate.org.apache.http.wire - http-outgoing-2 << "  "origin": "147.93.215.199", [\n]"
18:36:08.649 [main] DEBUG karate.org.apache.http.wire - http-outgoing-2 << "  "url": "https://httpbin.org/anything"[\n]"
18:36:08.649 [main] DEBUG karate.org.apache.http.wire - http-outgoing-2 << "}[\n]"
18:36:08.649 [main] DEBUG karate.org.apache.http.headers - http-outgoing-2 << HTTP/1.1 200 OK
18:36:08.649 [main] DEBUG karate.org.apache.http.headers - http-outgoing-2 << Date: Tue, 10 Feb 2026 10:36:08 GMT
18:36:08.649 [main] DEBUG karate.org.apache.http.headers - http-outgoing-2 << Content-Type: application/json
18:36:08.649 [main] DEBUG karate.org.apache.http.headers - http-outgoing-2 << Content-Length: 525
18:36:08.649 [main] DEBUG karate.org.apache.http.headers - http-outgoing-2 << Connection: keep-alive
18:36:08.649 [main] DEBUG karate.org.apache.http.headers - http-outgoing-2 << Server: gunicorn/19.9.0
18:36:08.649 [main] DEBUG karate.org.apache.http.headers - http-outgoing-2 << Access-Control-Allow-Origin: *
18:36:08.649 [main] DEBUG karate.org.apache.http.headers - http-outgoing-2 << Access-Control-Allow-Credentials: true
18:36:08.650 [main] DEBUG karate.org.apache.http.impl.execchain.MainClientExec - Connection can be kept alive indefinitely
18:36:08.650 [main] DEBUG karate.org.apache.http.impl.conn.PoolingHttpClientConnectionManager - Connection [id: 2][route: {s}->https://httpbin.org:443] can be kept alive indefinitely
18:36:08.651 [main] DEBUG karate.org.apache.http.impl.conn.DefaultManagedHttpClientConnection - http-outgoing-2: set socket timeout to 0
18:36:08.651 [main] DEBUG karate.org.apache.http.impl.conn.PoolingHttpClientConnectionManager - Connection released: [id: 2][route: {s}->https://httpbin.org:443][total available: 1; route allocated: 1 of 5; total allocated: 1 of 10]
18:36:08.651 [main] DEBUG com.intuit.karate - response time in milliseconds: 1446
1 < 200
1 < Date: Tue, 10 Feb 2026 10:36:08 GMT
1 < Content-Type: application/json
1 < Content-Length: 525
1 < Connection: keep-alive
1 < Server: gunicorn/19.9.0
1 < Access-Control-Allow-Origin: *
1 < Access-Control-Allow-Credentials: true
{"args":{},"headers":{"User-Agent":"Apache-HttpClient\/4.5.13 (Java\/1.8.0_381)","Host":"httpbin.org","Accept-Encoding":"gzip,deflate","Content-Length":"19","X-Amzn-Trace-Id":"Root=1-698b0a18-24d76f654f3b424d42cc44a9","Content-Type":"application\/json; charset=UTF-8"},"data":"{\"myKey\":\"myValue\"}","form":{},"method":"POST","origin":"147.93.215.199","files":{},"json":{"myKey":"myValue"},"url":"https:\/\/httpbin.org\/anything"}
18:36:08.653 [main] DEBUG com.jayway.jsonpath.internal.path.CompiledPath - Evaluating path: $['json']
18:36:08.654 [main] DEBUG com.jayway.jsonpath.internal.path.CompiledPath - Evaluating path: $
18:36:08.692 [main] DEBUG karate.org.thymeleaf.TemplateEngine - [THYMELEAF] INITIALIZING TEMPLATE ENGINE
18:36:08.793 [main] DEBUG karate.org.thymeleaf.TemplateEngine.CONFIG - Initializing Thymeleaf Template engine configuration...
[THYMELEAF] TEMPLATE ENGINE CONFIGURATION:
[THYMELEAF] * Thymeleaf version: 3.0.12.RELEASE (built 2020-12-21T00:26:28+0000)
[THYMELEAF] * Cache Manager implementation: karate.org.thymeleaf.cache.StandardCacheManager
[THYMELEAF] * Template resolvers:
[THYMELEAF]     * [0] com.intuit.karate.template.ResourceHtmlTemplateResolver
[THYMELEAF] * Message resolvers:
[THYMELEAF]     * karate.org.thymeleaf.messageresolver.StandardMessageResolver
[THYMELEAF] * Link builders:
[THYMELEAF]     * karate.org.thymeleaf.linkbuilder.StandardLinkBuilder
[THYMELEAF] * Dialect [1 of 2]: Standard (com.intuit.karate.template.KarateStandardDialect)
[THYMELEAF]     * Prefix: "th"
[THYMELEAF]     * Processors for Template Mode: HTML
[THYMELEAF]         * Element Tag Processors by [matching element and attribute name] [precedence]:
[THYMELEAF]             * [* {th:include,data-th-include}] [100]: karate.org.thymeleaf.standard.processor.StandardIncludeTagProcessor
[THYMELEAF]             * [* {th:insert,data-th-insert}] [100]: karate.org.thymeleaf.standard.processor.StandardInsertTagProcessor
[THYMELEAF]             * [* {th:replace,data-th-replace}] [100]: karate.org.thymeleaf.standard.processor.StandardReplaceTagProcessor
[THYMELEAF]             * [* {th:substituteby,data-th-substituteby}] [100]: karate.org.thymeleaf.standard.processor.StandardSubstituteByTagProcessor
[THYMELEAF]             * [* {th:each,data-th-each}] [200]: com.intuit.karate.template.KarateEachTagProcessor
[THYMELEAF]             * [* {th:each,data-th-each}] [200]: com.intuit.karate.template.KarateEachTagProcessor
[THYMELEAF]             * [* {th:each,data-th-each}] [200]: com.intuit.karate.template.KarateEachTagProcessor
[THYMELEAF]             * [* {th:each,data-th-each}] [200]: com.intuit.karate.template.KarateEachTagProcessor
[THYMELEAF]             * [* {th:each,data-th-each}] [200]: com.intuit.karate.template.KarateEachTagProcessor
[THYMELEAF]             * [* {th:switch,data-th-switch}] [250]: karate.org.thymeleaf.standard.processor.StandardSwitchTagProcessor
[THYMELEAF]             * [* {th:case,data-th-case}] [275]: karate.org.thymeleaf.standard.processor.StandardCaseTagProcessor
[THYMELEAF]             * [* {th:if,data-th-if}] [300]: karate.org.thymeleaf.standard.processor.StandardIfTagProcessor
[THYMELEAF]             * [* {th:unless,data-th-unless}] [400]: karate.org.thymeleaf.standard.processor.StandardUnlessTagProcessor
[THYMELEAF]             * [* {th:object,data-th-object}] [500]: karate.org.thymeleaf.standard.processor.StandardObjectTagProcessor
[THYMELEAF]             * [* {th:with,data-th-with}] [600]: karate.org.thymeleaf.standard.processor.StandardWithTagProcessor
[THYMELEAF]             * [* {th:attr,data-th-attr}] [700]: karate.org.thymeleaf.standard.processor.StandardAttrTagProcessor
[THYMELEAF]             * [* {th:attrprepend,data-th-attrprepend}] [800]: karate.org.thymeleaf.standard.processor.StandardAttrprependTagProcessor
[THYMELEAF]             * [* {th:attrappend,data-th-attrappend}] [900]: karate.org.thymeleaf.standard.processor.StandardAttrappendTagProcessor
[THYMELEAF]             * [* {th:alt-title,data-th-alt-title}] [990]: karate.org.thymeleaf.standard.processor.StandardAltTitleTagProcessor
[THYMELEAF]             * [* {th:lang-xmllang,data-th-lang-xmllang}] [990]: karate.org.thymeleaf.standard.processor.StandardLangXmlLangTagProcessor
[THYMELEAF]             * [* {th:action,data-th-action}] [1000]: karate.org.thymeleaf.standard.processor.StandardActionTagProcessor
[THYMELEAF]             * [* {th:checked,data-th-checked}] [1000]: karate.org.thymeleaf.standard.processor.StandardConditionalFixedValueTagProcessor
[THYMELEAF]             * [* {th:hidden,data-th-hidden}] [1000]: karate.org.thymeleaf.standard.processor.StandardConditionalFixedValueTagProcessor
[THYMELEAF]             * [* {th:open,data-th-open}] [1000]: karate.org.thymeleaf.standard.processor.StandardConditionalFixedValueTagProcessor
[THYMELEAF]             * [* {th:loop,data-th-loop}] [1000]: karate.org.thymeleaf.standard.processor.StandardConditionalFixedValueTagProcessor
[THYMELEAF]             * [* {th:formnovalidate,data-th-formnovalidate}] [1000]: karate.org.thymeleaf.standard.processor.StandardConditionalFixedValueTagProcessor
[THYMELEAF]             * [* {th:controls,data-th-controls}] [1000]: karate.org.thymeleaf.standard.processor.StandardConditionalFixedValueTagProcessor
[THYMELEAF]             * [* {th:disabled,data-th-disabled}] [1000]: karate.org.thymeleaf.standard.processor.StandardConditionalFixedValueTagProcessor
[THYMELEAF]             * [* {th:required,data-th-required}] [1000]: karate.org.thymeleaf.standard.processor.StandardConditionalFixedValueTagProcessor
[THYMELEAF]             * [* {th:selected,data-th-selected}] [1000]: karate.org.thymeleaf.standard.processor.StandardConditionalFixedValueTagProcessor
[THYMELEAF]             * [* {th:scoped,data-th-scoped}] [1000]: karate.org.thymeleaf.standard.processor.StandardConditionalFixedValueTagProcessor
[THYMELEAF]             * [* {th:autoplay,data-th-autoplay}] [1000]: karate.org.thymeleaf.standard.processor.StandardConditionalFixedValueTagProcessor
[THYMELEAF]             * [* {th:seamless,data-th-seamless}] [1000]: karate.org.thymeleaf.standard.processor.StandardConditionalFixedValueTagProcessor
[THYMELEAF]             * [* {th:default,data-th-default}] [1000]: karate.org.thymeleaf.standard.processor.StandardConditionalFixedValueTagProcessor
[THYMELEAF]             * [* {th:pubdate,data-th-pubdate}] [1000]: karate.org.thymeleaf.standard.processor.StandardConditionalFixedValueTagProcessor
[THYMELEAF]             * [* {th:multiple,data-th-multiple}] [1000]: karate.org.thymeleaf.standard.processor.StandardConditionalFixedValueTagProcessor
[THYMELEAF]             * [* {th:novalidate,data-th-novalidate}] [1000]: karate.org.thymeleaf.standard.processor.StandardConditionalFixedValueTagProcessor
[THYMELEAF]             * [* {th:reversed,data-th-reversed}] [1000]: karate.org.thymeleaf.standard.processor.StandardConditionalFixedValueTagProcessor
[THYMELEAF]             * [* {th:ismap,data-th-ismap}] [1000]: karate.org.thymeleaf.standard.processor.StandardConditionalFixedValueTagProcessor
[THYMELEAF]             * [* {th:autofocus,data-th-autofocus}] [1000]: karate.org.thymeleaf.standard.processor.StandardConditionalFixedValueTagProcessor
[THYMELEAF]             * [* {th:nowrap,data-th-nowrap}] [1000]: karate.org.thymeleaf.standard.processor.StandardConditionalFixedValueTagProcessor
[THYMELEAF]             * [* {th:defer,data-th-defer}] [1000]: karate.org.thymeleaf.standard.processor.StandardConditionalFixedValueTagProcessor
[THYMELEAF]             * [* {th:declare,data-th-declare}] [1000]: karate.org.thymeleaf.standard.processor.StandardConditionalFixedValueTagProcessor
[THYMELEAF]             * [* {th:readonly,data-th-readonly}] [1000]: karate.org.thymeleaf.standard.processor.StandardConditionalFixedValueTagProcessor
[THYMELEAF]             * [* {th:async,data-th-async}] [1000]: karate.org.thymeleaf.standard.processor.StandardConditionalFixedValueTagProcessor
[THYMELEAF]             * [* {th:oncontextmenu,data-th-oncontextmenu}] [1000]: karate.org.thymeleaf.standard.processor.StandardDOMEventAttributeTagProcessor
[THYMELEAF]             * [* {th:onloadedmetadata,data-th-onloadedmetadata}] [1000]: karate.org.thymeleaf.standard.processor.StandardDOMEventAttributeTagProcessor
[THYMELEAF]             * [* {th:onseeking,data-th-onseeking}] [1000]: karate.org.thymeleaf.standard.processor.StandardDOMEventAttributeTagProcessor
[THYMELEAF]             * [* {th:onhashchange,data-th-onhashchange}] [1000]: karate.org.thymeleaf.standard.processor.StandardDOMEventAttributeTagProcessor
[THYMELEAF]             * [* {th:onpause,data-th-onpause}] [1000]: karate.org.thymeleaf.standard.processor.StandardDOMEventAttributeTagProcessor
[THYMELEAF]             * [* {th:onmousemove,data-th-onmousemove}] [1000]: karate.org.thymeleaf.standard.processor.StandardDOMEventAttributeTagProcessor
[THYMELEAF]             * [* {th:onabort,data-th-onabort}] [1000]: karate.org.thymeleaf.standard.processor.StandardDOMEventAttributeTagProcessor
[THYMELEAF]             * [* {th:onbeforeprint,data-th-onbeforeprint}] [1000]: karate.org.thymeleaf.standard.processor.StandardDOMEventAttributeTagProcessor
[THYMELEAF]             * [* {th:onpopstate,data-th-onpopstate}] [1000]: karate.org.thymeleaf.standard.processor.StandardDOMEventAttributeTagProcessor
[THYMELEAF]             * [* {th:onshow,data-th-onshow}] [1000]: karate.org.thymeleaf.standard.processor.StandardDOMEventAttributeTagProcessor
[THYMELEAF]             * [* {th:oninvalid,data-th-oninvalid}] [1000]: karate.org.thymeleaf.standard.processor.StandardDOMEventAttributeTagProcessor
[THYMELEAF]             * [* {th:onformchange,data-th-onformchange}] [1000]: karate.org.thymeleaf.standard.processor.StandardDOMEventAttributeTagProcessor
[THYMELEAF]             * [* {th:oncanplaythrough,data-th-oncanplaythrough}] [1000]: karate.org.thymeleaf.standard.processor.StandardDOMEventAttributeTagProcessor
[THYMELEAF]             * [* {th:ondragover,data-th-ondragover}] [1000]: karate.org.thymeleaf.standard.processor.StandardDOMEventAttributeTagProcessor
[THYMELEAF]             * [* {th:onoffline,data-th-onoffline}] [1000]: karate.org.thymeleaf.standard.processor.StandardDOMEventAttributeTagProcessor
[THYMELEAF]             * [* {th:onemptied,data-th-onemptied}] [1000]: karate.org.thymeleaf.standard.processor.StandardDOMEventAttributeTagProcessor
[THYMELEAF]             * [* {th:onscroll,data-th-onscroll}] [1000]: karate.org.thymeleaf.standard.processor.StandardDOMEventAttributeTagProcessor
[THYMELEAF]             * [* {th:ondragend,data-th-ondragend}] [1000]: karate.org.thymeleaf.standard.processor.StandardDOMEventAttributeTagProcessor
[THYMELEAF]             * [* {th:onstalled,data-th-onstalled}] [1000]: karate.org.thymeleaf.standard.processor.StandardDOMEventAttributeTagProcessor
[THYMELEAF]             * [* {th:onvolumechange,data-th-onvolumechange}] [1000]: karate.org.thymeleaf.standard.processor.StandardDOMEventAttributeTagProcessor
[THYMELEAF]             * [* {th:ondragleave,data-th-ondragleave}] [1000]: karate.org.thymeleaf.standard.processor.StandardDOMEventAttributeTagProcessor
[THYMELEAF]             * [* {th:onmouseup,data-th-onmouseup}] [1000]: karate.org.thymeleaf.standard.processor.StandardDOMEventAttributeTagProcessor
[THYMELEAF]             * [* {th:onfocus,data-th-onfocus}] [1000]: karate.org.thymeleaf.standard.processor.StandardDOMEventAttributeTagProcessor
[THYMELEAF]             * [* {th:onmousewheel,data-th-onmousewheel}] [1000]: karate.org.thymeleaf.standard.processor.StandardDOMEventAttributeTagProcessor
[THYMELEAF]             * [* {th:onwaiting,data-th-onwaiting}] [1000]: karate.org.thymeleaf.standard.processor.StandardDOMEventAttributeTagProcessor
[THYMELEAF]             * [* {th:onforminput,data-th-onforminput}] [1000]: karate.org.thymeleaf.standard.processor.StandardDOMEventAttributeTagProcessor
[THYMELEAF]             * [* {th:onerror,data-th-onerror}] [1000]: karate.org.thymeleaf.standard.processor.StandardDOMEventAttributeTagProcessor
[THYMELEAF]             * [* {th:onloadstart,data-th-onloadstart}] [1000]: karate.org.thymeleaf.standard.processor.StandardDOMEventAttributeTagProcessor
[THYMELEAF]             * [* {th:onselect,data-th-onselect}] [1000]: karate.org.thymeleaf.standard.processor.StandardDOMEventAttributeTagProcessor
[THYMELEAF]             * [* {th:onplay,data-th-onplay}] [1000]: karate.org.thymeleaf.standard.processor.StandardDOMEventAttributeTagProcessor
[THYMELEAF]             * [* {th:onredo,data-th-onredo}] [1000]: karate.org.thymeleaf.standard.processor.StandardDOMEventAttributeTagProcessor
[THYMELEAF]             * [* {th:onmessage,data-th-onmessage}] [1000]: karate.org.thymeleaf.standard.processor.StandardDOMEventAttributeTagProcessor
[THYMELEAF]             * [* {th:onmouseover,data-th-onmouseover}] [1000]: karate.org.thymeleaf.standard.processor.StandardDOMEventAttributeTagProcessor
[THYMELEAF]             * [* {th:onsubmit,data-th-onsubmit}] [1000]: karate.org.thymeleaf.standard.processor.StandardDOMEventAttributeTagProcessor
[THYMELEAF]             * [* {th:onmouseout,data-th-onmouseout}] [1000]: karate.org.thymeleaf.standard.processor.StandardDOMEventAttributeTagProcessor
[THYMELEAF]             * [* {th:onseeked,data-th-onseeked}] [1000]: karate.org.thymeleaf.standard.processor.StandardDOMEventAttributeTagProcessor
[THYMELEAF]             * [* {th:onchange,data-th-onchange}] [1000]: karate.org.thymeleaf.standard.processor.StandardDOMEventAttributeTagProcessor
[THYMELEAF]             * [* {th:onreset,data-th-onreset}] [1000]: karate.org.thymeleaf.standard.processor.StandardDOMEventAttributeTagProcessor
[THYMELEAF]             * [* {th:onblur,data-th-onblur}] [1000]: karate.org.thymeleaf.standard.processor.StandardDOMEventAttributeTagProcessor
[THYMELEAF]             * [* {th:ondurationchange,data-th-ondurationchange}] [1000]: karate.org.thymeleaf.standard.processor.StandardDOMEventAttributeTagProcessor
[THYMELEAF]             * [* {th:onclick,data-th-onclick}] [1000]: karate.org.thymeleaf.standard.processor.StandardDOMEventAttributeTagProcessor
[THYMELEAF]             * [* {th:ondrop,data-th-ondrop}] [1000]: karate.org.thymeleaf.standard.processor.StandardDOMEventAttributeTagProcessor
[THYMELEAF]             * [* {th:onresize,data-th-onresize}] [1000]: karate.org.thymeleaf.standard.processor.StandardDOMEventAttributeTagProcessor
[THYMELEAF]             * [* {th:onplaying,data-th-onplaying}] [1000]: karate.org.thymeleaf.standard.processor.StandardDOMEventAttributeTagProcessor
[THYMELEAF]             * [* {th:ontimeupdate,data-th-ontimeupdate}] [1000]: karate.org.thymeleaf.standard.processor.StandardDOMEventAttributeTagProcessor
[THYMELEAF]             * [* {th:onended,data-th-onended}] [1000]: karate.org.thymeleaf.standard.processor.StandardDOMEventAttributeTagProcessor
[THYMELEAF]             * [* {th:oncanplay,data-th-oncanplay}] [1000]: karate.org.thymeleaf.standard.processor.StandardDOMEventAttributeTagProcessor
[THYMELEAF]             * [* {th:onloadeddata,data-th-onloadeddata}] [1000]: karate.org.thymeleaf.standard.processor.StandardDOMEventAttributeTagProcessor
[THYMELEAF]             * [* {th:onkeypress,data-th-onkeypress}] [1000]: karate.org.thymeleaf.standard.processor.StandardDOMEventAttributeTagProcessor
[THYMELEAF]             * [* {th:ononline,data-th-ononline}] [1000]: karate.org.thymeleaf.standard.processor.StandardDOMEventAttributeTagProcessor
[THYMELEAF]             * [* {th:onstorage,data-th-onstorage}] [1000]: karate.org.thymeleaf.standard.processor.StandardDOMEventAttributeTagProcessor
[THYMELEAF]             * [* {th:onunload,data-th-onunload}] [1000]: karate.org.thymeleaf.standard.processor.StandardDOMEventAttributeTagProcessor
[THYMELEAF]             * [* {th:onsuspend,data-th-onsuspend}] [1000]: karate.org.thymeleaf.standard.processor.StandardDOMEventAttributeTagProcessor
[THYMELEAF]             * [* {th:onbeforeunload,data-th-onbeforeunload}] [1000]: karate.org.thymeleaf.standard.processor.StandardDOMEventAttributeTagProcessor
[THYMELEAF]             * [* {th:ondblclick,data-th-ondblclick}] [1000]: karate.org.thymeleaf.standard.processor.StandardDOMEventAttributeTagProcessor
[THYMELEAF]             * [* {th:ondrag,data-th-ondrag}] [1000]: karate.org.thymeleaf.standard.processor.StandardDOMEventAttributeTagProcessor
[THYMELEAF]             * [* {th:onload,data-th-onload}] [1000]: karate.org.thymeleaf.standard.processor.StandardDOMEventAttributeTagProcessor
[THYMELEAF]             * [* {th:ondragstart,data-th-ondragstart}] [1000]: karate.org.thymeleaf.standard.processor.StandardDOMEventAttributeTagProcessor
[THYMELEAF]             * [* {th:ondragenter,data-th-ondragenter}] [1000]: karate.org.thymeleaf.standard.processor.StandardDOMEventAttributeTagProcessor
[THYMELEAF]             * [* {th:onratechange,data-th-onratechange}] [1000]: karate.org.thymeleaf.standard.processor.StandardDOMEventAttributeTagProcessor
[THYMELEAF]             * [* {th:onafterprint,data-th-onafterprint}] [1000]: karate.org.thymeleaf.standard.processor.StandardDOMEventAttributeTagProcessor
[THYMELEAF]             * [* {th:onmousedown,data-th-onmousedown}] [1000]: karate.org.thymeleaf.standard.processor.StandardDOMEventAttributeTagProcessor
[THYMELEAF]             * [* {th:onprogress,data-th-onprogress}] [1000]: karate.org.thymeleaf.standard.processor.StandardDOMEventAttributeTagProcessor
[THYMELEAF]             * [* {th:onundo,data-th-onundo}] [1000]: karate.org.thymeleaf.standard.processor.StandardDOMEventAttributeTagProcessor
[THYMELEAF]             * [* {th:onkeyup,data-th-onkeyup}] [1000]: karate.org.thymeleaf.standard.processor.StandardDOMEventAttributeTagProcessor
[THYMELEAF]             * [* {th:onreadystatechange,data-th-onreadystatechange}] [1000]: karate.org.thymeleaf.standard.processor.StandardDOMEventAttributeTagProcessor
[THYMELEAF]             * [* {th:onkeydown,data-th-onkeydown}] [1000]: karate.org.thymeleaf.standard.processor.StandardDOMEventAttributeTagProcessor
[THYMELEAF]             * [* {th:oninput,data-th-oninput}] [1000]: karate.org.thymeleaf.standard.processor.StandardDOMEventAttributeTagProcessor
[THYMELEAF]             * [* {th:href,data-th-href}] [1000]: karate.org.thymeleaf.standard.processor.StandardHrefTagProcessor
[THYMELEAF]             * [* {th:inline,data-th-inline}] [1000]: karate.org.thymeleaf.standard.processor.StandardInlineHTMLTagProcessor
[THYMELEAF]             * [* {th:method,data-th-method}] [1000]: karate.org.thymeleaf.standard.processor.StandardMethodTagProcessor
[THYMELEAF]             * [* {th:name,data-th-name}] [1000]: karate.org.thymeleaf.standard.processor.StandardNonRemovableAttributeTagProcessor
[THYMELEAF]             * [* {th:type,data-th-type}] [1000]: karate.org.thymeleaf.standard.processor.StandardNonRemovableAttributeTagProcessor
[THYMELEAF]             * [* {th:span,data-th-span}] [1000]: karate.org.thymeleaf.standard.processor.StandardRemovableAttributeTagProcessor
[THYMELEAF]             * [* {th:cellpadding,data-th-cellpadding}] [1000]: karate.org.thymeleaf.standard.processor.StandardRemovableAttributeTagProcessor
[THYMELEAF]             * [* {th:axis,data-th-axis}] [1000]: karate.org.thymeleaf.standard.processor.StandardRemovableAttributeTagProcessor
[THYMELEAF]             * [* {th:kind,data-th-kind}] [1000]: karate.org.thymeleaf.standard.processor.StandardRemovableAttributeTagProcessor
[THYMELEAF]             * [* {th:compact,data-th-compact}] [1000]: karate.org.thymeleaf.standard.processor.StandardRemovableAttributeTagProcessor
[THYMELEAF]             * [* {th:formaction,data-th-formaction}] [1000]: karate.org.thymeleaf.standard.processor.StandardRemovableAttributeTagProcessor
[THYMELEAF]             * [* {th:class,data-th-class}] [1000]: karate.org.thymeleaf.standard.processor.StandardRemovableAttributeTagProcessor
[THYMELEAF]             * [* {th:colspan,data-th-colspan}] [1000]: karate.org.thymeleaf.standard.processor.StandardRemovableAttributeTagProcessor
[THYMELEAF]             * [* {th:hspace,data-th-hspace}] [1000]: karate.org.thymeleaf.standard.processor.StandardRemovableAttributeTagProcessor
[THYMELEAF]             * [* {th:tabindex,data-th-tabindex}] [1000]: karate.org.thymeleaf.standard.processor.StandardRemovableAttributeTagProcessor
[THYMELEAF]             * [* {th:keytype,data-th-keytype}] [1000]: karate.org.thymeleaf.standard.processor.StandardRemovableAttributeTagProcessor
[THYMELEAF]             * [* {th:style,data-th-style}] [1000]: karate.org.thymeleaf.standard.processor.StandardRemovableAttributeTagProcessor
[THYMELEAF]             * [* {th:wrap,data-th-wrap}] [1000]: karate.org.thymeleaf.standard.processor.StandardRemovableAttributeTagProcessor
[THYMELEAF]             * [* {th:usemap,data-th-usemap}] [1000]: karate.org.thymeleaf.standard.processor.StandardRemovableAttributeTagProcessor
[THYMELEAF]             * [* {th:srclang,data-th-srclang}] [1000]: karate.org.thymeleaf.standard.processor.StandardRemovableAttributeTagProcessor
[THYMELEAF]             * [* {th:cite,data-th-cite}] [1000]: karate.org.thymeleaf.standard.processor.StandardRemovableAttributeTagProcessor
[THYMELEAF]             * [* {th:accept,data-th-accept}] [1000]: karate.org.thymeleaf.standard.processor.StandardRemovableAttributeTagProcessor
[THYMELEAF]             * [* {th:rowspan,data-th-rowspan}] [1000]: karate.org.thymeleaf.standard.processor.StandardRemovableAttributeTagProcessor
[THYMELEAF]             * [* {th:bgcolor,data-th-bgcolor}] [1000]: karate.org.thymeleaf.standard.processor.StandardRemovableAttributeTagProcessor
[THYMELEAF]             * [* {th:spellcheck,data-th-spellcheck}] [1000]: karate.org.thymeleaf.standard.processor.StandardRemovableAttributeTagProcessor
[THYMELEAF]             * [* {th:lang,data-th-lang}] [1000]: karate.org.thymeleaf.standard.processor.StandardRemovableAttributeTagProcessor
[THYMELEAF]             * [* {th:step,data-th-step}] [1000]: karate.org.thymeleaf.standard.processor.StandardRemovableAttributeTagProcessor
[THYMELEAF]             * [* {th:scheme,data-th-scheme}] [1000]: karate.org.thymeleaf.standard.processor.StandardRemovableAttributeTagProcessor
[THYMELEAF]             * [* {th:archive,data-th-archive}] [1000]: karate.org.thymeleaf.standard.processor.StandardRemovableAttributeTagProcessor
[THYMELEAF]             * [* {th:content,data-th-content}] [1000]: karate.org.thymeleaf.standard.processor.StandardRemovableAttributeTagProcessor
[THYMELEAF]             * [* {th:formenctype,data-th-formenctype}] [1000]: karate.org.thymeleaf.standard.processor.StandardRemovableAttributeTagProcessor
[THYMELEAF]             * [* {th:contenteditable,data-th-contenteditable}] [1000]: karate.org.thymeleaf.standard.processor.StandardRemovableAttributeTagProcessor
[THYMELEAF]             * [* {th:contextmenu,data-th-contextmenu}] [1000]: karate.org.thymeleaf.standard.processor.StandardRemovableAttributeTagProcessor
[THYMELEAF]             * [* {th:size,data-th-size}] [1000]: karate.org.thymeleaf.standard.processor.StandardRemovableAttributeTagProcessor
[THYMELEAF]             * [* {th:media,data-th-media}] [1000]: karate.org.thymeleaf.standard.processor.StandardRemovableAttributeTagProcessor
[THYMELEAF]             * [* {th:vspace,data-th-vspace}] [1000]: karate.org.thymeleaf.standard.processor.StandardRemovableAttributeTagProcessor
[THYMELEAF]             * [* {th:manifest,data-th-manifest}] [1000]: karate.org.thymeleaf.standard.processor.StandardRemovableAttributeTagProcessor
[THYMELEAF]             * [* {th:standby,data-th-standby}] [1000]: karate.org.thymeleaf.standard.processor.StandardRemovableAttributeTagProcessor
[THYMELEAF]             * [* {th:form,data-th-form}] [1000]: karate.org.thymeleaf.standard.processor.StandardRemovableAttributeTagProcessor
[THYMELEAF]             * [* {th:placeholder,data-th-placeholder}] [1000]: karate.org.thymeleaf.standard.processor.StandardRemovableAttributeTagProcessor
[THYMELEAF]             * [* {th:frame,data-th-frame}] [1000]: karate.org.thymeleaf.standard.processor.StandardRemovableAttributeTagProcessor
[THYMELEAF]             * [* {th:headers,data-th-headers}] [1000]: karate.org.thymeleaf.standard.processor.StandardRemovableAttributeTagProcessor
[THYMELEAF]             * [* {th:sandbox,data-th-sandbox}] [1000]: karate.org.thymeleaf.standard.processor.StandardRemovableAttributeTagProcessor
[THYMELEAF]             * [* {th:background,data-th-background}] [1000]: karate.org.thymeleaf.standard.processor.StandardRemovableAttributeTagProcessor
[THYMELEAF]             * [* {th:icon,data-th-icon}] [1000]: karate.org.thymeleaf.standard.processor.StandardRemovableAttributeTagProcessor
[THYMELEAF]             * [* {th:autocomplete,data-th-autocomplete}] [1000]: karate.org.thymeleaf.standard.processor.StandardRemovableAttributeTagProcessor
[THYMELEAF]             * [* {th:codetype,data-th-codetype}] [1000]: karate.org.thymeleaf.standard.processor.StandardRemovableAttributeTagProcessor
[THYMELEAF]             * [* {th:radiogroup,data-th-radiogroup}] [1000]: karate.org.thymeleaf.standard.processor.StandardRemovableAttributeTagProcessor
[THYMELEAF]             * [* {th:max,data-th-max}] [1000]: karate.org.thymeleaf.standard.processor.StandardRemovableAttributeTagProcessor
[THYMELEAF]             * [* {th:charset,data-th-charset}] [1000]: karate.org.thymeleaf.standard.processor.StandardRemovableAttributeTagProcessor
[THYMELEAF]             * [* {th:enctype,data-th-enctype}] [1000]: karate.org.thymeleaf.standard.processor.StandardRemovableAttributeTagProcessor
[THYMELEAF]             * [* {th:optimum,data-th-optimum}] [1000]: karate.org.thymeleaf.standard.processor.StandardRemovableAttributeTagProcessor
[THYMELEAF]             * [* {th:classid,data-th-classid}] [1000]: karate.org.thymeleaf.standard.processor.StandardRemovableAttributeTagProcessor
[THYMELEAF]             * [* {th:align,data-th-align}] [1000]: karate.org.thymeleaf.standard.processor.StandardRemovableAttributeTagProcessor
[THYMELEAF]             * [* {th:maxlength,data-th-maxlength}] [1000]: karate.org.thymeleaf.standard.processor.StandardRemovableAttributeTagProcessor
[THYMELEAF]             * [* {th:high,data-th-high}] [1000]: karate.org.thymeleaf.standard.processor.StandardRemovableAttributeTagProcessor
[THYMELEAF]             * [* {th:audio,data-th-audio}] [1000]: karate.org.thymeleaf.standard.processor.StandardRemovableAttributeTagProcessor
[THYMELEAF]             * [* {th:dropzone,data-th-dropzone}] [1000]: karate.org.thymeleaf.standard.processor.StandardRemovableAttributeTagProcessor
[THYMELEAF]             * [* {th:draggable,data-th-draggable}] [1000]: karate.org.thymeleaf.standard.processor.StandardRemovableAttributeTagProcessor
[THYMELEAF]             * [* {th:cols,data-th-cols}] [1000]: karate.org.thymeleaf.standard.processor.StandardRemovableAttributeTagProcessor
[THYMELEAF]             * [* {th:rows,data-th-rows}] [1000]: karate.org.thymeleaf.standard.processor.StandardRemovableAttributeTagProcessor
[THYMELEAF]             * [* {th:width,data-th-width}] [1000]: karate.org.thymeleaf.standard.processor.StandardRemovableAttributeTagProcessor
[THYMELEAF]             * [* {th:poster,data-th-poster}] [1000]: karate.org.thymeleaf.standard.processor.StandardRemovableAttributeTagProcessor
[THYMELEAF]             * [* {th:formmethod,data-th-formmethod}] [1000]: karate.org.thymeleaf.standard.processor.StandardRemovableAttributeTagProcessor
[THYMELEAF]             * [* {th:accesskey,data-th-accesskey}] [1000]: karate.org.thymeleaf.standard.processor.StandardRemovableAttributeTagProcessor
[THYMELEAF]             * [* {th:title,data-th-title}] [1000]: karate.org.thymeleaf.standard.processor.StandardRemovableAttributeTagProcessor
[THYMELEAF]             * [* {th:marginheight,data-th-marginheight}] [1000]: karate.org.thymeleaf.standard.processor.StandardRemovableAttributeTagProcessor
[THYMELEAF]             * [* {th:height,data-th-height}] [1000]: karate.org.thymeleaf.standard.processor.StandardRemovableAttributeTagProcessor
[THYMELEAF]             * [* {th:min,data-th-min}] [1000]: karate.org.thymeleaf.standard.processor.StandardRemovableAttributeTagProcessor
[THYMELEAF]             * [* {th:abbr,data-th-abbr}] [1000]: karate.org.thymeleaf.standard.processor.StandardRemovableAttributeTagProcessor
[THYMELEAF]             * [* {th:alt,data-th-alt}] [1000]: karate.org.thymeleaf.standard.processor.StandardRemovableAttributeTagProcessor
[THYMELEAF]             * [* {th:preload,data-th-preload}] [1000]: karate.org.thymeleaf.standard.processor.StandardRemovableAttributeTagProcessor
[THYMELEAF]             * [* {th:hreflang,data-th-hreflang}] [1000]: karate.org.thymeleaf.standard.processor.StandardRemovableAttributeTagProcessor
[THYMELEAF]             * [* {th:scope,data-th-scope}] [1000]: karate.org.thymeleaf.standard.processor.StandardRemovableAttributeTagProcessor
[THYMELEAF]             * [* {th:formtarget,data-th-formtarget}] [1000]: karate.org.thymeleaf.standard.processor.StandardRemovableAttributeTagProcessor
[THYMELEAF]             * [* {th:data,data-th-data}] [1000]: karate.org.thymeleaf.standard.processor.StandardRemovableAttributeTagProcessor
[THYMELEAF]             * [* {th:rel,data-th-rel}] [1000]: karate.org.thymeleaf.standard.processor.StandardRemovableAttributeTagProcessor
[THYMELEAF]             * [* {th:for,data-th-for}] [1000]: karate.org.thymeleaf.standard.processor.StandardRemovableAttributeTagProcessor
[THYMELEAF]             * [* {th:challenge,data-th-challenge}] [1000]: karate.org.thymeleaf.standard.processor.StandardRemovableAttributeTagProcessor
[THYMELEAF]             * [* {th:longdesc,data-th-longdesc}] [1000]: karate.org.thymeleaf.standard.processor.StandardRemovableAttributeTagProcessor
[THYMELEAF]             * [* {th:summary,data-th-summary}] [1000]: karate.org.thymeleaf.standard.processor.StandardRemovableAttributeTagProcessor
[THYMELEAF]             * [* {th:rules,data-th-rules}] [1000]: karate.org.thymeleaf.standard.processor.StandardRemovableAttributeTagProcessor
[THYMELEAF]             * [* {th:label,data-th-label}] [1000]: karate.org.thymeleaf.standard.processor.StandardRemovableAttributeTagProcessor
[THYMELEAF]             * [* {th:rev,data-th-rev}] [1000]: karate.org.thymeleaf.standard.processor.StandardRemovableAttributeTagProcessor
[THYMELEAF]             * [* {th:sizes,data-th-sizes}] [1000]: karate.org.thymeleaf.standard.processor.StandardRemovableAttributeTagProcessor
[THYMELEAF]             * [* {th:accept-charset,data-th-accept-charset}] [1000]: karate.org.thymeleaf.standard.processor.StandardRemovableAttributeTagProcessor
[THYMELEAF]             * [* {th:low,data-th-low}] [1000]: karate.org.thymeleaf.standard.processor.StandardRemovableAttributeTagProcessor
[THYMELEAF]             * [* {th:valuetype,data-th-valuetype}] [1000]: karate.org.thymeleaf.standard.processor.StandardRemovableAttributeTagProcessor
[THYMELEAF]             * [* {th:border,data-th-border}] [1000]: karate.org.thymeleaf.standard.processor.StandardRemovableAttributeTagProcessor
[THYMELEAF]             * [* {th:http-equiv,data-th-http-equiv}] [1000]: karate.org.thymeleaf.standard.processor.StandardRemovableAttributeTagProcessor
[THYMELEAF]             * [* {th:list,data-th-list}] [1000]: karate.org.thymeleaf.standard.processor.StandardRemovableAttributeTagProcessor
[THYMELEAF]             * [* {th:datetime,data-th-datetime}] [1000]: karate.org.thymeleaf.standard.processor.StandardRemovableAttributeTagProcessor
[THYMELEAF]             * [* {th:scrolling,data-th-scrolling}] [1000]: karate.org.thymeleaf.standard.processor.StandardRemovableAttributeTagProcessor
[THYMELEAF]             * [* {th:dir,data-th-dir}] [1000]: karate.org.thymeleaf.standard.processor.StandardRemovableAttributeTagProcessor
[THYMELEAF]             * [* {th:start,data-th-start}] [1000]: karate.org.thymeleaf.standard.processor.StandardRemovableAttributeTagProcessor
[THYMELEAF]             * [* {th:cellspacing,data-th-cellspacing}] [1000]: karate.org.thymeleaf.standard.processor.StandardRemovableAttributeTagProcessor
[THYMELEAF]             * [* {th:target,data-th-target}] [1000]: karate.org.thymeleaf.standard.processor.StandardRemovableAttributeTagProcessor
[THYMELEAF]             * [* {th:frameborder,data-th-frameborder}] [1000]: karate.org.thymeleaf.standard.processor.StandardRemovableAttributeTagProcessor
[THYMELEAF]             * [* {th:codebase,data-th-codebase}] [1000]: karate.org.thymeleaf.standard.processor.StandardRemovableAttributeTagProcessor
[THYMELEAF]             * [* {th:pattern,data-th-pattern}] [1000]: karate.org.thymeleaf.standard.processor.StandardRemovableAttributeTagProcessor
[THYMELEAF]             * [* {th:marginwidth,data-th-marginwidth}] [1000]: karate.org.thymeleaf.standard.processor.StandardRemovableAttributeTagProcessor
[THYMELEAF]             * [* {th:id,data-th-id}] [1000]: karate.org.thymeleaf.standard.processor.StandardRemovableAttributeTagProcessor
[...]
[THYMELEAF]             * [* {th:span,data-th-span}] [1000]: karate.org.thymeleaf.standard.processor.StandardRemovableAttributeTagProcessor
[THYMELEAF]             * [* {th:target,data-th-target}] [1000]: karate.org.thymeleaf.standard.processor.StandardRemovableAttributeTagProcessor
[THYMELEAF]             * [* {th:poster,data-th-poster}] [1000]: karate.org.thymeleaf.standard.processor.StandardRemovableAttributeTagProcessor
[THYMELEAF]             * [* {th:frameborder,data-th-frameborder}] [1000]: karate.org.thymeleaf.standard.processor.StandardRemovableAttributeTagProcessor
[THYMELEAF]             * [* {th:vspace,data-th-vspace}] [1000]: karate.org.thymeleaf.standard.processor.StandardRemovableAttributeTagProcessor
[THYMELEAF]             * [* {th:dropzone,data-th-dropzone}] [1000]: karate.org.thymeleaf.standard.processor.StandardRemovableAttributeTagProcessor
[THYMELEAF]             * [* {th:hspace,data-th-hspace}] [1000]: karate.org.thymeleaf.standard.processor.StandardRemovableAttributeTagProcessor
[THYMELEAF]             * [* {th:accept-charset,data-th-accept-charset}] [1000]: karate.org.thymeleaf.standard.processor.StandardRemovableAttributeTagProcessor
[THYMELEAF]             * [* {th:min,data-th-min}] [1000]: karate.org.thymeleaf.standard.processor.StandardRemovableAttributeTagProcessor
[THYMELEAF]             * [* {th:marginwidth,data-th-marginwidth}] [1000]: karate.org.thymeleaf.standard.processor.StandardRemovableAttributeTagProcessor
[THYMELEAF]             * [* {th:summary,data-th-summary}] [1000]: karate.org.thymeleaf.standard.processor.StandardRemovableAttributeTagProcessor
[THYMELEAF]             * [* {th:codebase,data-th-codebase}] [1000]: karate.org.thymeleaf.standard.processor.StandardRemovableAttributeTagProcessor
[THYMELEAF]             * [* {th:axis,data-th-axis}] [1000]: karate.org.thymeleaf.standard.processor.StandardRemovableAttributeTagProcessor
[THYMELEAF]             * [* {th:width,data-th-width}] [1000]: karate.org.thymeleaf.standard.processor.StandardRemovableAttributeTagProcessor
[THYMELEAF]             * [* {th:headers,data-th-headers}] [1000]: karate.org.thymeleaf.standard.processor.StandardRemovableAttributeTagProcessor
[THYMELEAF]             * [* {th:cellspacing,data-th-cellspacing}] [1000]: karate.org.thymeleaf.standard.processor.StandardRemovableAttributeTagProcessor
[THYMELEAF]             * [* {th:rev,data-th-rev}] [1000]: karate.org.thymeleaf.standard.processor.StandardRemovableAttributeTagProcessor
[THYMELEAF]             * [* {th:formaction,data-th-formaction}] [1000]: karate.org.thymeleaf.standard.processor.StandardRemovableAttributeTagProcessor
[THYMELEAF]             * [* {th:formenctype,data-th-formenctype}] [1000]: karate.org.thymeleaf.standard.processor.StandardRemovableAttributeTagProcessor
[THYMELEAF]             * [* {th:spellcheck,data-th-spellcheck}] [1000]: karate.org.thymeleaf.standard.processor.StandardRemovableAttributeTagProcessor
[THYMELEAF]             * [* {th:draggable,data-th-draggable}] [1000]: karate.org.thymeleaf.standard.processor.StandardRemovableAttributeTagProcessor
[THYMELEAF]             * [* {th:icon,data-th-icon}] [1000]: karate.org.thymeleaf.standard.processor.StandardRemovableAttributeTagProcessor
[THYMELEAF]             * [* {th:scheme,data-th-scheme}] [1000]: karate.org.thymeleaf.standard.processor.StandardRemovableAttributeTagProcessor
[THYMELEAF]             * [* {th:scrolling,data-th-scrolling}] [1000]: karate.org.thymeleaf.standard.processor.StandardRemovableAttributeTagProcessor
[THYMELEAF]             * [* {th:content,data-th-content}] [1000]: karate.org.thymeleaf.standard.processor.StandardRemovableAttributeTagProcessor
[THYMELEAF]             * [* {th:id,data-th-id}] [1000]: karate.org.thymeleaf.standard.processor.StandardRemovableAttributeTagProcessor
[THYMELEAF]             * [* {th:rows,data-th-rows}] [1000]: karate.org.thymeleaf.standard.processor.StandardRemovableAttributeTagProcessor
[THYMELEAF]             * [* {th:optimum,data-th-optimum}] [1000]: karate.org.thymeleaf.standard.processor.StandardRemovableAttributeTagProcessor
[THYMELEAF]             * [* {th:classid,data-th-classid}] [1000]: karate.org.thymeleaf.standard.processor.StandardRemovableAttributeTagProcessor
[THYMELEAF]             * [* {th:frame,data-th-frame}] [1000]: karate.org.thymeleaf.standard.processor.StandardRemovableAttributeTagProcessor
[THYMELEAF]             * [* {th:datetime,data-th-datetime}] [1000]: karate.org.thymeleaf.standard.processor.StandardRemovableAttributeTagProcessor
[THYMELEAF]             * [* {th:accesskey,data-th-accesskey}] [1000]: karate.org.thymeleaf.standard.processor.StandardRemovableAttributeTagProcessor
[THYMELEAF]             * [* {th:archive,data-th-archive}] [1000]: karate.org.thymeleaf.standard.processor.StandardRemovableAttributeTagProcessor
[THYMELEAF]             * [* {th:max,data-th-max}] [1000]: karate.org.thymeleaf.standard.processor.StandardRemovableAttributeTagProcessor
[THYMELEAF]             * [* {th:src,data-th-src}] [1000]: karate.org.thymeleaf.standard.processor.StandardSrcTagProcessor
[THYMELEAF]             * [* {th:value,data-th-value}] [1000]: karate.org.thymeleaf.standard.processor.StandardValueTagProcessor
[THYMELEAF]             * [* {th:xmlbase,data-th-xmlbase}] [1000]: karate.org.thymeleaf.standard.processor.StandardXmlBaseTagProcessor
[THYMELEAF]             * [* {th:xmllang,data-th-xmllang}] [1000]: karate.org.thymeleaf.standard.processor.StandardXmlLangTagProcessor
[THYMELEAF]             * [* {xmlns:th}] [1000]: karate.org.thymeleaf.standard.processor.StandardXmlNsTagProcessor
[THYMELEAF]             * [* {th:xmlspace,data-th-xmlspace}] [1000]: karate.org.thymeleaf.standard.processor.StandardXmlSpaceTagProcessor
[THYMELEAF]             * [* {th:classappend,data-th-classappend}] [1100]: karate.org.thymeleaf.standard.processor.StandardClassappendTagProcessor
[THYMELEAF]             * [* {th:styleappend,data-th-styleappend}] [1100]: karate.org.thymeleaf.standard.processor.StandardStyleappendTagProcessor
[THYMELEAF]             * [* {th:text,data-th-text}] [1300]: karate.org.thymeleaf.standard.processor.StandardTextTagProcessor
[THYMELEAF]             * [* {th:utext,data-th-utext}] [1400]: karate.org.thymeleaf.standard.processor.StandardUtextTagProcessor
[THYMELEAF]             * [* {th:fragment,data-th-fragment}] [1500]: karate.org.thymeleaf.standard.processor.StandardFragmentTagProcessor
[THYMELEAF]             * [* {th:assert,data-th-assert}] [1550]: karate.org.thymeleaf.standard.processor.StandardAssertTagProcessor
[THYMELEAF]             * [* {th:remove,data-th-remove}] [1600]: karate.org.thymeleaf.standard.processor.StandardRemoveTagProcessor
[THYMELEAF]             * [* {th:ref,data-th-ref}] [10000]: karate.org.thymeleaf.standard.processor.StandardRefAttributeTagProcessor
[THYMELEAF]             * [{th:block,th-block} *] [100000]: karate.org.thymeleaf.standard.processor.StandardBlockTagProcessor
[THYMELEAF]             * [* th:*] [2147483647]: karate.org.thymeleaf.standard.processor.StandardDefaultAttributesTagProcessor
[THYMELEAF]         * Text Processors by [precedence]:
[THYMELEAF]             * [1000]: karate.org.thymeleaf.standard.processor.StandardInliningTextProcessor
[THYMELEAF]         * DOCTYPE Processors by [precedence]:
[THYMELEAF]             * [1000]: karate.org.thymeleaf.standard.processor.StandardTranslationDocTypeProcessor
[THYMELEAF]         * CDATA Section Processors by [precedence]:
[THYMELEAF]             * [1000]: karate.org.thymeleaf.standard.processor.StandardInliningCDATASectionProcessor
[THYMELEAF]         * Comment Processors by [precedence]:
[THYMELEAF]             * [1000]: karate.org.thymeleaf.standard.processor.StandardInliningCommentProcessor
[THYMELEAF]             * [1100]: karate.org.thymeleaf.standard.processor.StandardConditionalCommentProcessor
[THYMELEAF]     * Processors for Template Mode: XML
[THYMELEAF]         * Element Tag Processors by [matching element and attribute name] [precedence]:
[THYMELEAF]             * [* {th:include}] [100]: karate.org.thymeleaf.standard.processor.StandardIncludeTagProcessor
[THYMELEAF]             * [* {th:insert}] [100]: karate.org.thymeleaf.standard.processor.StandardInsertTagProcessor
[THYMELEAF]             * [* {th:replace}] [100]: karate.org.thymeleaf.standard.processor.StandardReplaceTagProcessor
[THYMELEAF]             * [* {th:substituteby}] [100]: karate.org.thymeleaf.standard.processor.StandardSubstituteByTagProcessor
[THYMELEAF]             * [* {th:switch}] [250]: karate.org.thymeleaf.standard.processor.StandardSwitchTagProcessor
[THYMELEAF]             * [* {th:case}] [275]: karate.org.thymeleaf.standard.processor.StandardCaseTagProcessor
[THYMELEAF]             * [* {th:if}] [300]: karate.org.thymeleaf.standard.processor.StandardIfTagProcessor
[THYMELEAF]             * [* {th:unless}] [400]: karate.org.thymeleaf.standard.processor.StandardUnlessTagProcessor
[THYMELEAF]             * [* {th:object}] [500]: karate.org.thymeleaf.standard.processor.StandardObjectTagProcessor
[THYMELEAF]             * [* {th:with}] [600]: karate.org.thymeleaf.standard.processor.StandardWithTagProcessor
[THYMELEAF]             * [* {th:attr}] [700]: karate.org.thymeleaf.standard.processor.StandardAttrTagProcessor
[THYMELEAF]             * [* {th:attrprepend}] [800]: karate.org.thymeleaf.standard.processor.StandardAttrprependTagProcessor
[THYMELEAF]             * [* {th:attrappend}] [900]: karate.org.thymeleaf.standard.processor.StandardAttrappendTagProcessor
[THYMELEAF]             * [* {th:inline}] [1000]: karate.org.thymeleaf.standard.processor.StandardInlineXMLTagProcessor
[THYMELEAF]             * [* {xmlns:th}] [1000]: karate.org.thymeleaf.standard.processor.StandardXmlNsTagProcessor
[THYMELEAF]             * [* {th:text}] [1300]: karate.org.thymeleaf.standard.processor.StandardTextTagProcessor
[THYMELEAF]             * [* {th:utext}] [1400]: karate.org.thymeleaf.standard.processor.StandardUtextTagProcessor
[THYMELEAF]             * [* {th:fragment}] [1500]: karate.org.thymeleaf.standard.processor.StandardFragmentTagProcessor
[THYMELEAF]             * [* {th:assert}] [1550]: karate.org.thymeleaf.standard.processor.StandardAssertTagProcessor
[THYMELEAF]             * [* {th:remove}] [1600]: karate.org.thymeleaf.standard.processor.StandardRemoveTagProcessor
[THYMELEAF]             * [* {th:ref}] [10000]: karate.org.thymeleaf.standard.processor.StandardRefAttributeTagProcessor
[THYMELEAF]             * [{th:block} *] [100000]: karate.org.thymeleaf.standard.processor.StandardBlockTagProcessor
[THYMELEAF]             * [* th:*] [2147483647]: karate.org.thymeleaf.standard.processor.StandardDefaultAttributesTagProcessor
[THYMELEAF]         * Text Processors by [precedence]:
[THYMELEAF]             * [1000]: karate.org.thymeleaf.standard.processor.StandardInliningTextProcessor
[THYMELEAF]         * CDATA Section Processors by [precedence]:
[THYMELEAF]             * [1000]: karate.org.thymeleaf.standard.processor.StandardInliningCDATASectionProcessor
[THYMELEAF]         * Comment Processors by [precedence]:
[THYMELEAF]             * [1000]: karate.org.thymeleaf.standard.processor.StandardInliningCommentProcessor
[THYMELEAF]     * Processors for Template Mode: TEXT
[THYMELEAF]         * Element Tag Processors by [matching element and attribute name] [precedence]:
[THYMELEAF]             * [* {th:insert}] [100]: karate.org.thymeleaf.standard.processor.StandardInsertTagProcessor
[THYMELEAF]             * [* {th:replace}] [100]: karate.org.thymeleaf.standard.processor.StandardReplaceTagProcessor
[THYMELEAF]             * [* {th:switch}] [250]: karate.org.thymeleaf.standard.processor.StandardSwitchTagProcessor
[THYMELEAF]             * [* {th:case}] [275]: karate.org.thymeleaf.standard.processor.StandardCaseTagProcessor
[THYMELEAF]             * [* {th:if}] [300]: karate.org.thymeleaf.standard.processor.StandardIfTagProcessor
[THYMELEAF]             * [* {th:unless}] [400]: karate.org.thymeleaf.standard.processor.StandardUnlessTagProcessor
[THYMELEAF]             * [* {th:object}] [500]: karate.org.thymeleaf.standard.processor.StandardObjectTagProcessor
[THYMELEAF]             * [* {th:with}] [600]: karate.org.thymeleaf.standard.processor.StandardWithTagProcessor
[THYMELEAF]             * [* {th:inline}] [1000]: karate.org.thymeleaf.standard.processor.StandardInlineTextualTagProcessor
[THYMELEAF]             * [* {th:text}] [1300]: karate.org.thymeleaf.standard.processor.StandardTextTagProcessor
[THYMELEAF]             * [* {th:utext}] [1400]: karate.org.thymeleaf.standard.processor.StandardUtextTagProcessor
[THYMELEAF]             * [* {th:assert}] [1550]: karate.org.thymeleaf.standard.processor.StandardAssertTagProcessor
[THYMELEAF]             * [* {th:remove}] [1600]: karate.org.thymeleaf.standard.processor.StandardRemoveTagProcessor
[THYMELEAF]             * [{th:block} *] [100000]: karate.org.thymeleaf.standard.processor.StandardBlockTagProcessor
[THYMELEAF]             * [* 100000] [karate.org.thymeleaf.standard.processor.StandardBlockTagProcessor]: {}
[THYMELEAF]         * Text Processors by [precedence]:
[THYMELEAF]             * [1000]: karate.org.thymeleaf.standard.processor.StandardInliningTextProcessor
[THYMELEAF]     * Processors for Template Mode: JAVASCRIPT
[THYMELEAF]         * Element Tag Processors by [matching element and attribute name] [precedence]:
[THYMELEAF]             * [* {th:insert}] [100]: karate.org.thymeleaf.standard.processor.StandardInsertTagProcessor
[THYMELEAF]             * [* {th:replace}] [100]: karate.org.thymeleaf.standard.processor.StandardReplaceTagProcessor
[THYMELEAF]             * [* {th:switch}] [250]: karate.org.thymeleaf.standard.processor.StandardSwitchTagProcessor
[THYMELEAF]             * [* {th:case}] [275]: karate.org.thymeleaf.standard.processor.StandardCaseTagProcessor
[THYMELEAF]             * [* {th:if}] [300]: karate.org.thymeleaf.standard.processor.StandardIfTagProcessor
[THYMELEAF]             * [* {th:unless}] [400]: karate.org.thymeleaf.standard.processor.StandardUnlessTagProcessor
[THYMELEAF]             * [* {th:object}] [500]: karate.org.thymeleaf.standard.processor.StandardObjectTagProcessor
[THYMELEAF]             * [* {th:with}] [600]: karate.org.thymeleaf.standard.processor.StandardWithTagProcessor
[THYMELEAF]             * [* {th:inline}] [1000]: karate.org.thymeleaf.standard.processor.StandardInlineTextualTagProcessor
[THYMELEAF]             * [* {th:text}] [1300]: karate.org.thymeleaf.standard.processor.StandardTextTagProcessor
[THYMELEAF]             * [* {th:utext}] [1400]: karate.org.thymeleaf.standard.processor.StandardUtextTagProcessor
[THYMELEAF]             * [* {th:assert}] [1550]: karate.org.thymeleaf.standard.processor.StandardAssertTagProcessor
[THYMELEAF]             * [* {th:remove}] [1600]: karate.org.thymeleaf.standard.processor.StandardRemoveTagProcessor
[THYMELEAF]             * [* 100000] [karate.org.thymeleaf.standard.processor.StandardBlockTagProcessor]: {}
[THYMELEAF]             * [{th:block} *] [100000]: karate.org.thymeleaf.standard.processor.StandardBlockTagProcessor
[THYMELEAF]         * Text Processors by [precedence]:
[THYMELEAF]             * [1000]: karate.org.thymeleaf.standard.processor.StandardInliningTextProcessor
[THYMELEAF]     * Processors for Template Mode: CSS
[THYMELEAF]         * Element Tag Processors by [matching element and attribute name] [precedence]:
[THYMELEAF]             * [* {th:insert}] [100]: karate.org.thymeleaf.standard.processor.StandardInsertTagProcessor
[THYMELEAF]             * [* {th:replace}] [100]: karate.org.thymeleaf.standard.processor.StandardReplaceTagProcessor
[THYMELEAF]             * [* {th:switch}] [250]: karate.org.thymeleaf.standard.processor.StandardSwitchTagProcessor
[THYMELEAF]             * [* {th:case}] [275]: karate.org.thymeleaf.standard.processor.StandardCaseTagProcessor
[THYMELEAF]             * [* {th:if}] [300]: karate.org.thymeleaf.standard.processor.StandardIfTagProcessor
[THYMELEAF]             * [* {th:unless}] [400]: karate.org.thymeleaf.standard.processor.StandardUnlessTagProcessor
[THYMELEAF]             * [* {th:object}] [500]: karate.org.thymeleaf.standard.processor.StandardObjectTagProcessor
[THYMELEAF]             * [* {th:with}] [600]: karate.org.thymeleaf.standard.processor.StandardWithTagProcessor
[THYMELEAF]             * [* {th:inline}] [1000]: karate.org.thymeleaf.standard.processor.StandardInlineTextualTagProcessor
[THYMELEAF]             * [* {th:text}] [1300]: karate.org.thymeleaf.standard.processor.StandardTextTagProcessor
[THYMELEAF]             * [* {th:utext}] [1400]: karate.org.thymeleaf.standard.processor.StandardUtextTagProcessor
[THYMELEAF]             * [* {th:assert}] [1550]: karate.org.thymeleaf.standard.processor.StandardAssertTagProcessor
[THYMELEAF]             * [* {th:remove}] [1600]: karate.org.thymeleaf.standard.processor.StandardRemoveTagProcessor
[THYMELEAF]             * [* 100000] [karate.org.thymeleaf.standard.processor.StandardBlockTagProcessor]: {}
[THYMELEAF]             * [{th:block} *] [100000]: karate.org.thymeleaf.standard.processor.StandardBlockTagProcessor
[THYMELEAF]         * Text Processors by [precedence]:
[THYMELEAF]             * [1000]: karate.org.thymeleaf.standard.processor.StandardInliningTextProcessor
[THYMELEAF]     * Expression Objects:
[THYMELEAF]         * #ctx
[THYMELEAF]         * #root
[THYMELEAF]         * #vars
[THYMELEAF]         * #object
[THYMELEAF]         * #locale
[THYMELEAF]         * #request
[THYMELEAF]         * #response
[THYMELEAF]         * #session
[THYMELEAF]         * #servletContext
[THYMELEAF]         * #conversions
[THYMELEAF]         * #uris
[THYMELEAF]         * #calendars
[THYMELEAF]         * #dates
[THYMELEAF]         * #bools
[THYMELEAF]         * #numbers
[THYMELEAF]         * #objects
[THYMELEAF]         * #strings
[THYMELEAF]         * #arrays
[THYMELEAF]         * #lists
[THYMELEAF]         * #sets
[THYMELEAF]         * #maps
[THYMELEAF]         * #aggregates
[THYMELEAF]         * #messages
[THYMELEAF]         * #ids
[THYMELEAF]         * #execInfo
[THYMELEAF]         * #httpServletRequest
[THYMELEAF]         * #httpSession
[THYMELEAF]     * Execution Attributes:
[THYMELEAF]         * "StandardExpressionParser": com.intuit.karate.template.KarateStandardDialect@642a16aa
[THYMELEAF]         * "StandardJavaScriptSerializer": karate.org.thymeleaf.standard.serializer.StandardJavaScriptSerializer@1946384
[THYMELEAF]         * "StandardCSSSerializer": karate.org.thymeleaf.standard.serializer.StandardCSSSerializer@6ac4c3f7
[THYMELEAF]         * "StandardVariableExpressionEvaluator": com.intuit.karate.template.KarateStandardDialect@642a16aa
[THYMELEAF]         * "StandardConversionService": karate.org.thymeleaf.standard.expression.StandardConversionService@7412a438
[THYMELEAF] * Dialect [2 of 2]: karate (com.intuit.karate.template.KarateScriptDialect)
[THYMELEAF]     * Prefix: "ka"
[THYMELEAF]     * Processors for Template Mode: HTML
[THYMELEAF]         * Element Tag Processors by [matching element and attribute name] [precedence]:
[THYMELEAF]             * [* {ka:src,data-ka-src}] [1000]: com.intuit.karate.template.KaScriptAttrProcessor
[THYMELEAF]         * Element Model Processors by [matching element and attribute name] [precedence]:
[THYMELEAF]             * [{script} {ka:scope,data-ka-scope}] [1000]: com.intuit.karate.template.KaScriptElemProcessor
[THYMELEAF] TEMPLATE ENGINE CONFIGURED OK
18:36:09.302 [main] DEBUG karate.org.thymeleaf.TemplateEngine - [THYMELEAF] TEMPLATE ENGINE INITIALIZED

HTML report: (paste into browser to view) | Karate version: 1.0.1
file:///Users/zulaziz/Documents/qa-poc/karate-tests/target/karate-reports/karate-summary.html
===================================================================

]]></system-out>
  </testcase>
</testsuite>