<?xml version="1.0" encoding="UTF-8"?>
<robot generator="Robot 7.4.1 (Python 3.10.8 on darwin)" generated="2026-02-09T10:35:21.904943" rpa="false" schemaversion="5">
<suite id="s1" name="Run-Testng" source="/Users/zulaziz/Documents/qa-poc/robot-tests/run-testng.robot">
<test id="s1-t1" name="Run TestNG Tests With Mavenz" line="13">
<kw name="Run TestNG Tests With Maven">
<kw name="Create List" owner="BuiltIn">
<msg time="2026-02-09T10:35:21.962143" level="INFO">@{args} = [ test | -Dtest=MyTestNGTest ]</msg>
<var>@{args}</var>
<arg>test</arg>
<arg>-Dtest=MyTestNGTest</arg>
<doc>Returns a list containing given items.</doc>
<status status="PASS" start="2026-02-09T10:35:21.961718" elapsed="0.000474"/>
</kw>
<kw name="Run Process" owner="Process">
<msg time="2026-02-09T10:35:21.963084" level="INFO">Starting process:
mvn test -Dtest=MyTestNGTest</msg>
<msg time="2026-02-09T10:35:21.967763" level="INFO">Waiting for process to complete.</msg>
<msg time="2026-02-09T10:35:27.374306" level="INFO">Process completed.</msg>
<msg time="2026-02-09T10:35:27.374840" level="INFO">${result} = &lt;result object with rc 1&gt;</msg>
<var>${result}</var>
<arg>mvn</arg>
<arg>@{args}</arg>
<arg>shell=True</arg>
<doc>Runs a process and waits for it to complete.</doc>
<status status="PASS" start="2026-02-09T10:35:21.962598" elapsed="5.412316"/>
</kw>
<kw name="Log" owner="BuiltIn">
<msg time="2026-02-09T10:35:27.376669" level="INFO">[INFO] Scanning for projects...
[INFO] ------------------------------------------------------------------------
[INFO] Reactor Build Order:
[INFO] 
[INFO] qa-poc                                                             [pom]
[INFO] java-tests                                                         [jar]
[INFO] 
[INFO] -------------------------&lt; com.example:qa-poc &gt;-------------------------
[INFO] Building qa-poc 1.0-SNAPSHOT                                       [1/2]
[INFO]   from pom.xml
[INFO] --------------------------------[ pom ]---------------------------------
[INFO] 
[INFO] -----------------------&lt; com.example:java-tests &gt;-----------------------
[INFO] Building java-tests 1.0-SNAPSHOT                                   [2/2]
[INFO]   from java-tests/pom.xml
[INFO] --------------------------------[ jar ]---------------------------------
[WARNING] Parameter 'useModulePath' is unknown for plugin 'maven-surefire-plugin:2.22.2:test (default-test)'
[INFO] 
[INFO] --- resources:3.3.1:resources (default-resources) @ java-tests ---
[WARNING] Using platform encoding (UTF-8 actually) to copy filtered resources, i.e. build is platform dependent!
[INFO] skip non existing resourceDirectory /Users/zulaziz/Documents/qa-poc/java-tests/src/main/resources
[INFO] 
[INFO] --- compiler:3.13.0:compile (default-compile) @ java-tests ---
[INFO] Nothing to compile - all classes are up to date.
[INFO] 
[INFO] --- resources:3.3.1:testResources (default-testResources) @ java-tests ---
[WARNING] Using platform encoding (UTF-8 actually) to copy filtered resources, i.e. build is platform dependent!
[INFO] Copying 0 resource from src/test/resources to target/test-classes
[INFO] 
[INFO] --- compiler:3.13.0:testCompile (default-testCompile) @ java-tests ---
[INFO] Nothing to compile - all classes are up to date.
[INFO] 
[INFO] --- surefire:2.22.2:test (default-test) @ java-tests ---
[INFO] 
[INFO] -------------------------------------------------------
[INFO]  T E S T S
[INFO] -------------------------------------------------------
[INFO] Running com.example.MyTestNGTest
[TestNG] [WARN] Ignoring duplicate listener : io.qameta.allure.testng.AllureTestNg
[TestNG] [WARN] Ignoring duplicate listener : io.qameta.allure.testng.AllureTestNg
[TestNG] [WARN] Ignoring duplicate listener : io.qameta.allure.testng.AllureTestNg
[INFO] 
[INFO] Results:
[INFO] 
[INFO] Tests run: 0, Failures: 0, Errors: 0, Skipped: 0
[INFO] 
[INFO] ------------------------------------------------------------------------
[INFO] Reactor Summary for qa-poc 1.0-SNAPSHOT:
[INFO] 
[INFO] qa-poc ............................................. SUCCESS [  0.002 s]
[INFO] java-tests ......................................... FAILURE [  2.712 s]
[INFO] ------------------------------------------------------------------------
[INFO] BUILD FAILURE
[INFO] ------------------------------------------------------------------------
[INFO] Total time:  2.839 s
[INFO] Finished at: 2026-02-09T10:35:27+08:00
[INFO] ------------------------------------------------------------------------
[ERROR] Failed to execute goal org.apache.maven.plugins:maven-surefire-plugin:2.22.2:test (default-test) on project java-tests: There are test failures.
[ERROR] 
[ERROR] Please refer to /Users/zulaziz/Documents/qa-poc/java-tests/target/surefire-reports for the individual test results.
[ERROR] Please refer to dump files (if any exist) [date].dump, [date]-jvmRun[N].dump and [date].dumpstream.
[ERROR] There was an error in the forked process
[ERROR] 
[ERROR] Cannot instantiate class com.example.MyTestNGTest
[ERROR] org.apache.maven.surefire.booter.SurefireBooterForkException: There was an error in the forked process
[ERROR] 
[ERROR] Cannot instantiate class com.example.MyTestNGTest
[ERROR] 	at org.apache.maven.plugin.surefire.booterclient.ForkStarter.fork(ForkStarter.java:656)
[ERROR] 	at org.apache.maven.plugin.surefire.booterclient.ForkStarter.run(ForkStarter.java:282)
[ERROR] 	at org.apache.maven.plugin.surefire.booterclient.ForkStarter.run(ForkStarter.java:245)
[ERROR] 	at org.apache.maven.plugin.surefire.AbstractSurefireMojo.executeProvider(AbstractSurefireMojo.java:1183)
[ERROR] 	at org.apache.maven.plugin.surefire.AbstractSurefireMojo.executeAfterPreconditionsChecked(AbstractSurefireMojo.java:1011)
[ERROR] 	at org.apache.maven.plugin.surefire.AbstractSurefireMojo.execute(AbstractSurefireMojo.java:857)
[ERROR] 	at org.apache.maven.plugin.DefaultBuildPluginManager.executeMojo(DefaultBuildPluginManager.java:126)
[ERROR] 	at org.apache.maven.lifecycle.internal.MojoExecutor.doExecute2(MojoExecutor.java:328)
[ERROR] 	at org.apache.maven.lifecycle.internal.MojoExecutor.doExecute(MojoExecutor.java:316)
[ERROR] 	at org.apache.maven.lifecycle.internal.MojoExecutor.execute(MojoExecutor.java:212)
[ERROR] 	at org.apache.maven.lifecycle.internal.MojoExecutor.execute(MojoExecutor.java:174)
[ERROR] 	at org.apache.maven.lifecycle.internal.MojoExecutor.access$000(MojoExecutor.java:75)
[ERROR] 	at org.apache.maven.lifecycle.internal.MojoExecutor$1.run(MojoExecutor.java:162)
[ERROR] 	at org.apache.maven.plugin.DefaultMojosExecutionStrategy.execute(DefaultMojosExecutionStrategy.java:39)
[ERROR] 	at org.apache.maven.lifecycle.internal.MojoExecutor.execute(MojoExecutor.java:159)
[ERROR] 	at org.apache.maven.lifecycle.internal.LifecycleModuleBuilder.buildProject(LifecycleModuleBuilder.java:105)
[ERROR] 	at org.apache.maven.lifecycle.internal.LifecycleModuleBuilder.buildProject(LifecycleModuleBuilder.java:73)
[ERROR] 	at org.apache.maven.lifecycle.internal.builder.singlethreaded.SingleThreadedBuilder.build(SingleThreadedBuilder.java:53)
[ERROR] 	at org.apache.maven.lifecycle.internal.LifecycleStarter.execute(LifecycleStarter.java:118)
[ERROR] 	at org.apache.maven.DefaultMaven.doExecute(DefaultMaven.java:261)
[ERROR] 	at org.apache.maven.DefaultMaven.doExecute(DefaultMaven.java:173)
[ERROR] 	at org.apache.maven.DefaultMaven.execute(DefaultMaven.java:101)
[ERROR] 	at org.apache.maven.cli.MavenCli.execute(MavenCli.java:919)
[ERROR] 	at org.apache.maven.cli.MavenCli.doMain(MavenCli.java:285)
[ERROR] 	at org.apache.maven.cli.MavenCli.main(MavenCli.java:207)
[ERROR] 	at sun.reflect.NativeMethodAccessorImpl.invoke0(Native Method)
[ERROR] 	at sun.reflect.NativeMethodAccessorImpl.invoke(NativeMethodAccessorImpl.java:62)
[ERROR] 	at sun.reflect.DelegatingMethodAccessorImpl.invoke(DelegatingMethodAccessorImpl.java:43)
[ERROR] 	at java.lang.reflect.Method.invoke(Method.java:498)
[ERROR] 	at org.codehaus.plexus.classworlds.launcher.Launcher.launchEnhanced(Launcher.java:255)
[ERROR] 	at org.codehaus.plexus.classworlds.launcher.Launcher.launch(Launcher.java:201)
[ERROR] 	at org.codehaus.plexus.classworlds.launcher.Launcher.mainWithExitCode(Launcher.java:361)
[ERROR] 	at org.codehaus.plexus.classworlds.launcher.Launcher.main(Launcher.java:314)
[ERROR] 
[ERROR] -&gt; [Help 1]
[ERROR] 
[ERROR] To see the full stack trace of the errors, re-run Maven with the -e switch.
[ERROR] Re-run Maven using the -X switch to enable full debug logging.
[ERROR] 
[ERROR] For more information about the errors and possible solutions, please read the following articles:
[ERROR] [Help 1] http://cwiki.apache.org/confluence/display/MAVEN/MojoExecutionException
[ERROR] 
[ERROR] After correcting the problems, you can resume the build with the command
[ERROR]   mvn &lt;args&gt; -rf :java-tests</msg>
<arg>${result.stdout}</arg>
<doc>Logs the given message with the given level.</doc>
<status status="PASS" start="2026-02-09T10:35:27.375415" elapsed="0.001421"/>
</kw>
<kw name="Log" owner="BuiltIn">
<msg time="2026-02-09T10:35:27.377617" level="INFO"/>
<arg>${result.stderr}</arg>
<doc>Logs the given message with the given level.</doc>
<status status="PASS" start="2026-02-09T10:35:27.376969" elapsed="0.000714"/>
</kw>
<kw name="Should Be Equal As Integers" owner="BuiltIn">
<msg time="2026-02-09T10:35:27.378554" level="INFO">Argument types are:
&lt;class 'int'&gt;
&lt;class 'str'&gt;</msg>
<msg time="2026-02-09T10:35:27.378765" level="FAIL">1 != 0</msg>
<arg>${result.rc}</arg>
<arg>0</arg>
<doc>Fails if objects are unequal after converting them to integers.</doc>
<status status="FAIL" start="2026-02-09T10:35:27.377827" elapsed="0.001075">1 != 0</status>
</kw>
<status status="FAIL" start="2026-02-09T10:35:21.961075" elapsed="5.418121">1 != 0</status>
</kw>
<status status="FAIL" start="2026-02-09T10:35:21.960350" elapsed="5.419191">1 != 0</status>
</test>
<status status="FAIL" start="2026-02-09T10:35:21.908495" elapsed="5.471802"/>
</suite>
<statistics>
<total>
<stat pass="0" fail="1" skip="0">All Tests</stat>
</total>
<tag>
</tag>
<suite>
<stat name="Run-Testng" id="s1" pass="0" fail="1" skip="0">Run-Testng</stat>
</suite>
</statistics>
<errors>
</errors>
</robot>
