<?xml version="1.0" encoding="UTF-8"?>
<!-- Generated by org.testng.reporters.JUnitXMLReporter -->
<testsuite hostname="Syaiyeedas-MacBook-Pro.local" ignored="2" name="Surefire test" tests="1" failures="0" timestamp="2026-02-09T10:41:12 MYT" time="3.736" errors="0">
  <testcase name="@BeforeClass setUp" time="3.527" classname="com.example.base.BaseTest">
    <failure type="org.openqa.selenium.SessionNotCreatedException" message="session not created: This version of ChromeDriver only supports Chrome version 145
Current browser version is 144.0.7559.133 with binary path /Applications/Google Chrome.app/Contents/MacOS/Google Chrome
Build info: version: &amp;apos;3.141.59&amp;apos;, revision: &amp;apos;e82be7d358&amp;apos;, time: &amp;apos;2018-11-14T08:17:03&amp;apos;
System info: host: &amp;apos;Syaiyeedas-MacBook-Pro.local&amp;apos;, ip: &amp;apos;192.168.100.4&amp;apos;, os.name: &amp;apos;Mac OS X&amp;apos;, os.arch: &amp;apos;x86_64&amp;apos;, os.version: &amp;apos;13.7.8&amp;apos;, java.version: &amp;apos;1.8.0_381&amp;apos;
Driver info: driver.version: ChromeDriver
remote stacktrace: 0   chromedriver                        0x0000000108f9cb98 chromedriver + 6732696
1   chromedriver                        0x0000000108f9441a chromedriver + 6698010
2   chromedriver                        0x000000010899fce5 chromedriver + 453861
3   chromedriver                        0x00000001089e35e9 chromedriver + 730601
4   chromedriver                        0x00000001089e2401 chromedriver + 726017
5   chromedriver                        0x00000001089dbf07 chromedriver + 700167
6   chromedriver                        0x00000001089d8abf chromedriver + 686783
7   chromedriver                        0x0000000108a29d7a chromedriver + 1019258
8   chromedriver                        0x0000000108a2943c chromedriver + 1016892
9   chromedriver                        0x00000001089e6724 chromedriver + 743204
10  chromedriver                        0x00000001089e74d1 chromedriver + 746705
11  chromedriver                        0x0000000108f55dd1 chromedriver + 6442449
12  chromedriver                        0x0000000108f5a1aa chromedriver + 6459818
13  chromedriver                        0x0000000108f35a59 chromedriver + 6310489
14  chromedriver                        0x0000000108f5ac08 chromedriver + 6462472
15  chromedriver                        0x0000000108f243d0 chromedriver + 6239184
16  chromedriver                        0x0000000108f80d18 chromedriver + 6618392
17  chromedriver                        0x0000000108f80ed2 chromedriver + 6618834
18  chromedriver                        0x0000000108f94026 chromedriver + 6696998
19  libsystem_pthread.dylib             0x00007ff806f521d3 _pthread_start + 125
20  libsystem_pthread.dylib             0x00007ff806f4dbd3 thread_start + 15
">
      <![CDATA[org.openqa.selenium.SessionNotCreatedException: session not created: This version of ChromeDriver only supports Chrome version 145
Current browser version is 144.0.7559.133 with binary path /Applications/Google Chrome.app/Contents/MacOS/Google Chrome
Build info: version: '3.141.59', revision: 'e82be7d358', time: '2018-11-14T08:17:03'
System info: host: 'Syaiyeedas-MacBook-Pro.local', ip: '192.168.100.4', os.name: 'Mac OS X', os.arch: 'x86_64', os.version: '13.7.8', java.version: '1.8.0_381'
Driver info: driver.version: ChromeDriver
remote stacktrace: 0   chromedriver                        0x0000000108f9cb98 chromedriver + 6732696
1   chromedriver                        0x0000000108f9441a chromedriver + 6698010
2   chromedriver                        0x000000010899fce5 chromedriver + 453861
3   chromedriver                        0x00000001089e35e9 chromedriver + 730601
4   chromedriver                        0x00000001089e2401 chromedriver + 726017
5   chromedriver                        0x00000001089dbf07 chromedriver + 700167
6   chromedriver                        0x00000001089d8abf chromedriver + 686783
7   chromedriver                        0x0000000108a29d7a chromedriver + 1019258
8   chromedriver                        0x0000000108a2943c chromedriver + 1016892
9   chromedriver                        0x00000001089e6724 chromedriver + 743204
10  chromedriver                        0x00000001089e74d1 chromedriver + 746705
11  chromedriver                        0x0000000108f55dd1 chromedriver + 6442449
12  chromedriver                        0x0000000108f5a1aa chromedriver + 6459818
13  chromedriver                        0x0000000108f35a59 chromedriver + 6310489
14  chromedriver                        0x0000000108f5ac08 chromedriver + 6462472
15  chromedriver                        0x0000000108f243d0 chromedriver + 6239184
16  chromedriver                        0x0000000108f80d18 chromedriver + 6618392
17  chromedriver                        0x0000000108f80ed2 chromedriver + 6618834
18  chromedriver                        0x0000000108f94026 chromedriver + 6696998
19  libsystem_pthread.dylib             0x00007ff806f521d3 _pthread_start + 125
20  libsystem_pthread.dylib             0x00007ff806f4dbd3 thread_start + 15

at org.openqa.selenium.remote.W3CHandshakeResponse.lambda$errorHandler$0(W3CHandshakeResponse.java:62)
at org.openqa.selenium.remote.HandshakeResponse.lambda$getResponseFunction$0(HandshakeResponse.java:30)
at org.openqa.selenium.remote.ProtocolHandshake.lambda$createSession$0(ProtocolHandshake.java:126)
at java.util.stream.ReferencePipeline$3$1.accept(ReferencePipeline.java:193)
at java.util.Spliterators$ArraySpliterator.tryAdvance(Spliterators.java:958)
at java.util.stream.ReferencePipeline.forEachWithCancel(ReferencePipeline.java:126)
at java.util.stream.AbstractPipeline.copyIntoWithCancel(AbstractPipeline.java:499)
at java.util.stream.AbstractPipeline.copyInto(AbstractPipeline.java:486)
at java.util.stream.AbstractPipeline.wrapAndCopyInto(AbstractPipeline.java:472)
at java.util.stream.FindOps$FindOp.evaluateSequential(FindOps.java:152)
at java.util.stream.AbstractPipeline.evaluate(AbstractPipeline.java:234)
at java.util.stream.ReferencePipeline.findFirst(ReferencePipeline.java:464)
at org.openqa.selenium.remote.ProtocolHandshake.createSession(ProtocolHandshake.java:128)
at org.openqa.selenium.remote.ProtocolHandshake.createSession(ProtocolHandshake.java:74)
at org.openqa.selenium.remote.HttpCommandExecutor.execute(HttpCommandExecutor.java:136)
at org.openqa.selenium.remote.service.DriverCommandExecutor.execute(DriverCommandExecutor.java:83)
at org.openqa.selenium.remote.RemoteWebDriver.execute(RemoteWebDriver.java:552)
at org.openqa.selenium.remote.RemoteWebDriver.startSession(RemoteWebDriver.java:213)
at org.openqa.selenium.remote.RemoteWebDriver.<init>(RemoteWebDriver.java:131)
at org.openqa.selenium.chrome.ChromeDriver.<init>(ChromeDriver.java:181)
at org.openqa.selenium.chrome.ChromeDriver.<init>(ChromeDriver.java:168)
at org.openqa.selenium.chrome.ChromeDriver.<init>(ChromeDriver.java:123)
at com.example.utils.WebDriverFactory.createDriver(WebDriverFactory.java:10)
at com.example.base.BaseTest.setUp(BaseTest.java:27)
at java.util.ArrayList.forEach(ArrayList.java:1259)
... Removed 34 stack frames]]>
    </failure>
  </testcase> <!-- @BeforeClass setUp -->
  <testcase name="@BeforeMethod startTest" time="-1.770604872611E9" classname="com.example.base.BaseTest">
    <skipped/>
  </testcase> <!-- @BeforeMethod startTest -->
  <testcase name="@BeforeMethod initPages" time="-1.770604872618E9" classname="com.example.tests.Scenario1Test">
    <skipped/>
  </testcase> <!-- @BeforeMethod initPages -->
  <testcase name="@AfterClass tearDown" time="-1.770604872626E9" classname="com.example.base.BaseTest">
    <skipped/>
  </testcase> <!-- @AfterClass tearDown -->
  <testcase name="testLogin" time="0.0" classname="com.example.tests.Scenario1Test">
    <skipped/>
  </testcase> <!-- testLogin -->
  <testcase name="testLogout" time="0.0" classname="com.example.tests.Scenario1Test">
    <ignored/>
  </testcase> <!-- testLogout -->
  <testcase name="testUpdateDOB" time="0.0" classname="com.example.tests.Scenario1Test">
    <ignored/>
  </testcase> <!-- testUpdateDOB -->
</testsuite> <!-- Surefire test -->
